{"C:\\Users\\Usuario\\Downloads\\projeto-eq06\\frontend\\src\\App.jsx": {"path":"C:\\Users\\Usuario\\Downloads\\projeto-eq06\\frontend\\src\\App.jsx","statementMap":{"0":{"start":{"line":5,"column":2},"end":{"line":8,"column":null}}},"fnMap":{"0":{"name":"App","decl":{"start":{"line":3,"column":9},"end":{"line":3,"column":15}},"loc":{"start":{"line":3,"column":15},"end":{"line":11,"column":null}},"line":3}},"branchMap":{},"s":{"0":1},"f":{"0":1},"b":{},"meta":{"lastBranch":0,"lastFunction":1,"lastStatement":1,"seen":{"f:3:9:3:15":0,"s:5:2:8:Infinity":0},"fnNames":{}}}
,"C:\\Users\\Usuario\\Downloads\\projeto-eq06\\frontend\\src\\index.jsx": {"path":"C:\\Users\\Usuario\\Downloads\\projeto-eq06\\frontend\\src\\index.jsx","statementMap":{"0":{"start":{"line":6,"column":13},"end":{"line":6,"column":null}},"1":{"start":{"line":7,"column":0},"end":{"line":11,"column":null}}},"fnMap":{},"branchMap":{},"s":{"0":0,"1":0},"f":{},"b":{},"meta":{"lastBranch":0,"lastFunction":0,"lastStatement":2,"seen":{"s:6:13:6:Infinity":0,"s:7:0:11:Infinity":1},"fnNames":{}}}
,"C:\\Users\\Usuario\\Downloads\\projeto-eq06\\frontend\\src\\components\\Button\\Button.jsx": {"path":"C:\\Users\\Usuario\\Downloads\\projeto-eq06\\frontend\\src\\components\\Button\\Button.jsx","statementMap":{"0":{"start":{"line":11,"column":2},"end":{"line":20,"column":null}}},"fnMap":{"0":{"name":"Button","decl":{"start":{"line":3,"column":9},"end":{"line":3,"column":16}},"loc":{"start":{"line":10,"column":3},"end":{"line":22,"column":null}},"line":10}},"branchMap":{"0":{"loc":{"start":{"line":7,"column":2},"end":{"line":7,"column":null}},"type":"default-arg","locations":[{"start":{"line":7,"column":12},"end":{"line":7,"column":null}}],"line":7},"1":{"loc":{"start":{"line":8,"column":2},"end":{"line":8,"column":null}},"type":"default-arg","locations":[{"start":{"line":8,"column":12},"end":{"line":8,"column":null}}],"line":8},"2":{"loc":{"start":{"line":18,"column":7},"end":{"line":18,"column":null}},"type":"binary-expr","locations":[{"start":{"line":18,"column":7},"end":{"line":18,"column":20}},{"start":{"line":18,"column":20},"end":{"line":18,"column":null}}],"line":18}},"s":{"0":151},"f":{"0":151},"b":{"0":[151],"1":[151],"2":[151,1]},"meta":{"lastBranch":3,"lastFunction":1,"lastStatement":1,"seen":{"f:3:9:3:16":0,"b:7:12:7:Infinity":0,"b:8:12:8:Infinity":1,"s:11:2:20:Infinity":0,"b:18:7:18:20:18:20:18:Infinity":2},"fnNames":{}}}
,"C:\\Users\\Usuario\\Downloads\\projeto-eq06\\frontend\\src\\components\\Card\\Card.jsx": {"path":"C:\\Users\\Usuario\\Downloads\\projeto-eq06\\frontend\\src\\components\\Card\\Card.jsx","statementMap":{"0":{"start":{"line":18,"column":27},"end":{"line":21,"column":null}},"1":{"start":{"line":23,"column":22},"end":{"line":23,"column":null}},"2":{"start":{"line":25,"column":4},"end":{"line":55,"column":null}},"3":{"start":{"line":30,"column":104},"end":{"line":30,"column":null}},"4":{"start":{"line":34,"column":108},"end":{"line":34,"column":null}}},"fnMap":{"0":{"name":"Card","decl":{"start":{"line":7,"column":9},"end":{"line":7,"column":14}},"loc":{"start":{"line":17,"column":3},"end":{"line":57,"column":null}},"line":17},"1":{"name":"(anonymous_1)","decl":{"start":{"line":30,"column":98},"end":{"line":30,"column":104}},"loc":{"start":{"line":30,"column":104},"end":{"line":30,"column":null}},"line":30},"2":{"name":"(anonymous_2)","decl":{"start":{"line":34,"column":102},"end":{"line":34,"column":108}},"loc":{"start":{"line":34,"column":108},"end":{"line":34,"column":null}},"line":34}},"branchMap":{"0":{"loc":{"start":{"line":29,"column":21},"end":{"line":32,"column":null}},"type":"binary-expr","locations":[{"start":{"line":29,"column":21},"end":{"line":29,"column":null}},{"start":{"line":30,"column":24},"end":{"line":32,"column":null}}],"line":29},"1":{"loc":{"start":{"line":34,"column":108},"end":{"line":34,"column":null}},"type":"binary-expr","locations":[{"start":{"line":34,"column":108},"end":{"line":34,"column":128}},{"start":{"line":34,"column":128},"end":{"line":34,"column":null}}],"line":34},"2":{"loc":{"start":{"line":35,"column":25},"end":{"line":35,"column":null}},"type":"cond-expr","locations":[{"start":{"line":35,"column":38},"end":{"line":35,"column":90}},{"start":{"line":35,"column":90},"end":{"line":35,"column":null}}],"line":35}},"s":{"0":30,"1":30,"2":30,"3":4,"4":6},"f":{"0":30,"1":4,"2":6},"b":{"0":[30,8],"1":[6,5],"2":[2,28]},"meta":{"lastBranch":3,"lastFunction":3,"lastStatement":5,"seen":{"f:7:9:7:14":0,"s:18:27:21:Infinity":0,"s:23:22:23:Infinity":1,"s:25:4:55:Infinity":2,"b:29:21:29:Infinity:30:24:32:Infinity":0,"f:30:98:30:104":1,"s:30:104:30:Infinity":3,"f:34:102:34:108":2,"s:34:108:34:Infinity":4,"b:34:108:34:128:34:128:34:Infinity":1,"b:35:38:35:90:35:90:35:Infinity":2},"fnNames":{}}}
,"C:\\Users\\Usuario\\Downloads\\projeto-eq06\\frontend\\src\\components\\CarouselProduct\\ProductCarousel.jsx": {"path":"C:\\Users\\Usuario\\Downloads\\projeto-eq06\\frontend\\src\\components\\CarouselProduct\\ProductCarousel.jsx","statementMap":{"0":{"start":{"line":7,"column":38},"end":{"line":7,"column":null}},"1":{"start":{"line":8,"column":22},"end":{"line":8,"column":null}},"2":{"start":{"line":10,"column":20},"end":{"line":12,"column":null}},"3":{"start":{"line":11,"column":4},"end":{"line":11,"column":null}},"4":{"start":{"line":11,"column":31},"end":{"line":11,"column":71}},"5":{"start":{"line":14,"column":21},"end":{"line":16,"column":null}},"6":{"start":{"line":15,"column":4},"end":{"line":15,"column":null}},"7":{"start":{"line":15,"column":31},"end":{"line":15,"column":71}},"8":{"start":{"line":18,"column":2},"end":{"line":18,"column":null}},"9":{"start":{"line":18,"column":20},"end":{"line":18,"column":null}},"10":{"start":{"line":20,"column":2},"end":{"line":48,"column":null}}},"fnMap":{"0":{"name":"ProductCarousel","decl":{"start":{"line":6,"column":9},"end":{"line":6,"column":25}},"loc":{"start":{"line":6,"column":55},"end":{"line":50,"column":null}},"line":6},"1":{"name":"(anonymous_1)","decl":{"start":{"line":10,"column":20},"end":{"line":10,"column":26}},"loc":{"start":{"line":10,"column":26},"end":{"line":12,"column":null}},"line":10},"2":{"name":"(anonymous_2)","decl":{"start":{"line":11,"column":20},"end":{"line":11,"column":21}},"loc":{"start":{"line":11,"column":31},"end":{"line":11,"column":71}},"line":11},"3":{"name":"(anonymous_3)","decl":{"start":{"line":14,"column":21},"end":{"line":14,"column":27}},"loc":{"start":{"line":14,"column":27},"end":{"line":16,"column":null}},"line":14},"4":{"name":"(anonymous_4)","decl":{"start":{"line":15,"column":20},"end":{"line":15,"column":21}},"loc":{"start":{"line":15,"column":31},"end":{"line":15,"column":71}},"line":15}},"branchMap":{"0":{"loc":{"start":{"line":6,"column":27},"end":{"line":6,"column":52}},"type":"default-arg","locations":[{"start":{"line":6,"column":37},"end":{"line":6,"column":52}}],"line":6},"1":{"loc":{"start":{"line":11,"column":31},"end":{"line":11,"column":71}},"type":"cond-expr","locations":[{"start":{"line":11,"column":44},"end":{"line":11,"column":62}},{"start":{"line":11,"column":62},"end":{"line":11,"column":71}}],"line":11},"2":{"loc":{"start":{"line":15,"column":31},"end":{"line":15,"column":71}},"type":"cond-expr","locations":[{"start":{"line":15,"column":58},"end":{"line":15,"column":62}},{"start":{"line":15,"column":62},"end":{"line":15,"column":71}}],"line":15},"3":{"loc":{"start":{"line":18,"column":2},"end":{"line":18,"column":null}},"type":"if","locations":[{"start":{"line":18,"column":2},"end":{"line":18,"column":null}},{"start":{},"end":{}}],"line":18}},"s":{"0":13,"1":13,"2":13,"3":2,"4":2,"5":13,"6":5,"7":5,"8":13,"9":1,"10":12},"f":{"0":13,"1":2,"2":2,"3":5,"4":5},"b":{"0":[13],"1":[1,1],"2":[1,4],"3":[1,12]},"meta":{"lastBranch":4,"lastFunction":5,"lastStatement":11,"seen":{"f:6:9:6:25":0,"b:6:37:6:52":0,"s:7:38:7:Infinity":0,"s:8:22:8:Infinity":1,"s:10:20:12:Infinity":2,"f:10:20:10:26":1,"s:11:4:11:Infinity":3,"f:11:20:11:21":2,"s:11:31:11:71":4,"b:11:44:11:62:11:62:11:71":1,"s:14:21:16:Infinity":5,"f:14:21:14:27":3,"s:15:4:15:Infinity":6,"f:15:20:15:21":4,"s:15:31:15:71":7,"b:15:58:15:62:15:62:15:71":2,"b:18:2:18:Infinity:undefined:undefined:undefined:undefined":3,"s:18:2:18:Infinity":8,"s:18:20:18:Infinity":9,"s:20:2:48:Infinity":10},"fnNames":{}}}
,"C:\\Users\\Usuario\\Downloads\\projeto-eq06\\frontend\\src\\components\\Header\\Header.jsx": {"path":"C:\\Users\\Usuario\\Downloads\\projeto-eq06\\frontend\\src\\components\\Header\\Header.jsx","statementMap":{"0":{"start":{"line":11,"column":25},"end":{"line":11,"column":null}},"1":{"start":{"line":12,"column":10},"end":{"line":12,"column":null}},"2":{"start":{"line":14,"column":25},"end":{"line":17,"column":null}},"3":{"start":{"line":15,"column":8},"end":{"line":15,"column":null}},"4":{"start":{"line":16,"column":8},"end":{"line":16,"column":null}},"5":{"start":{"line":19,"column":4},"end":{"line":67,"column":null}}},"fnMap":{"0":{"name":"Header","decl":{"start":{"line":10,"column":9},"end":{"line":10,"column":18}},"loc":{"start":{"line":10,"column":18},"end":{"line":69,"column":null}},"line":10},"1":{"name":"(anonymous_1)","decl":{"start":{"line":14,"column":25},"end":{"line":14,"column":31}},"loc":{"start":{"line":14,"column":31},"end":{"line":17,"column":null}},"line":14}},"branchMap":{"0":{"loc":{"start":{"line":31,"column":17},"end":{"line":64,"column":null}},"type":"cond-expr","locations":[{"start":{"line":32,"column":20},"end":{"line":47,"column":null}},{"start":{"line":49,"column":20},"end":{"line":64,"column":null}}],"line":31}},"s":{"0":62,"1":62,"2":62,"3":1,"4":1,"5":62},"f":{"0":62,"1":1},"b":{"0":[16,46]},"meta":{"lastBranch":1,"lastFunction":2,"lastStatement":6,"seen":{"f:10:9:10:18":0,"s:11:25:11:Infinity":0,"s:12:10:12:Infinity":1,"s:14:25:17:Infinity":2,"f:14:25:14:31":1,"s:15:8:15:Infinity":3,"s:16:8:16:Infinity":4,"s:19:4:67:Infinity":5,"b:32:20:47:Infinity:49:20:64:Infinity":0},"fnNames":{}}}
,"C:\\Users\\Usuario\\Downloads\\projeto-eq06\\frontend\\src\\components\\ProdutoModal\\ProdutoModal.jsx": {"path":"C:\\Users\\Usuario\\Downloads\\projeto-eq06\\frontend\\src\\components\\ProdutoModal\\ProdutoModal.jsx","statementMap":{"0":{"start":{"line":7,"column":22},"end":{"line":7,"column":null}},"1":{"start":{"line":8,"column":32},"end":{"line":8,"column":null}},"2":{"start":{"line":9,"column":24},"end":{"line":9,"column":null}},"3":{"start":{"line":10,"column":26},"end":{"line":10,"column":null}},"4":{"start":{"line":11,"column":32},"end":{"line":11,"column":null}},"5":{"start":{"line":13,"column":23},"end":{"line":50,"column":null}},"6":{"start":{"line":14,"column":4},"end":{"line":14,"column":null}},"7":{"start":{"line":16,"column":4},"end":{"line":19,"column":null}},"8":{"start":{"line":17,"column":6},"end":{"line":17,"column":null}},"9":{"start":{"line":18,"column":6},"end":{"line":18,"column":null}},"10":{"start":{"line":21,"column":4},"end":{"line":21,"column":null}},"11":{"start":{"line":23,"column":4},"end":{"line":49,"column":null}},"12":{"start":{"line":24,"column":23},"end":{"line":33,"column":null}},"13":{"start":{"line":35,"column":6},"end":{"line":43,"column":null}},"14":{"start":{"line":36,"column":27},"end":{"line":36,"column":null}},"15":{"start":{"line":37,"column":8},"end":{"line":37,"column":null}},"16":{"start":{"line":38,"column":8},"end":{"line":38,"column":null}},"17":{"start":{"line":39,"column":6},"end":{"line":43,"column":null}},"18":{"start":{"line":40,"column":8},"end":{"line":40,"column":null}},"19":{"start":{"line":42,"column":8},"end":{"line":42,"column":null}},"20":{"start":{"line":45,"column":6},"end":{"line":45,"column":null}},"21":{"start":{"line":46,"column":6},"end":{"line":46,"column":null}},"22":{"start":{"line":48,"column":6},"end":{"line":48,"column":null}},"23":{"start":{"line":52,"column":2},"end":{"line":118,"column":null}},"24":{"start":{"line":54,"column":53},"end":{"line":54,"column":null}},"25":{"start":{"line":65,"column":31},"end":{"line":65,"column":null}},"26":{"start":{"line":77,"column":31},"end":{"line":77,"column":null}},"27":{"start":{"line":87,"column":31},"end":{"line":87,"column":null}},"28":{"start":{"line":98,"column":31},"end":{"line":98,"column":null}}},"fnMap":{"0":{"name":"ProdutoModal","decl":{"start":{"line":6,"column":24},"end":{"line":6,"column":37}},"loc":{"start":{"line":6,"column":68},"end":{"line":120,"column":null}},"line":6},"1":{"name":"(anonymous_1)","decl":{"start":{"line":13,"column":23},"end":{"line":13,"column":30}},"loc":{"start":{"line":13,"column":36},"end":{"line":50,"column":null}},"line":13},"2":{"name":"(anonymous_2)","decl":{"start":{"line":54,"column":46},"end":{"line":54,"column":47}},"loc":{"start":{"line":54,"column":53},"end":{"line":54,"column":null}},"line":54},"3":{"name":"(anonymous_3)","decl":{"start":{"line":65,"column":24},"end":{"line":65,"column":25}},"loc":{"start":{"line":65,"column":31},"end":{"line":65,"column":null}},"line":65},"4":{"name":"(anonymous_4)","decl":{"start":{"line":77,"column":24},"end":{"line":77,"column":25}},"loc":{"start":{"line":77,"column":31},"end":{"line":77,"column":null}},"line":77},"5":{"name":"(anonymous_5)","decl":{"start":{"line":87,"column":24},"end":{"line":87,"column":25}},"loc":{"start":{"line":87,"column":31},"end":{"line":87,"column":null}},"line":87},"6":{"name":"(anonymous_6)","decl":{"start":{"line":98,"column":24},"end":{"line":98,"column":25}},"loc":{"start":{"line":98,"column":31},"end":{"line":98,"column":null}},"line":98}},"branchMap":{"0":{"loc":{"start":{"line":16,"column":4},"end":{"line":19,"column":null}},"type":"if","locations":[{"start":{"line":16,"column":4},"end":{"line":19,"column":null}},{"start":{},"end":{}}],"line":16},"1":{"loc":{"start":{"line":16,"column":8},"end":{"line":16,"column":25}},"type":"binary-expr","locations":[{"start":{"line":16,"column":8},"end":{"line":16,"column":17}},{"start":{"line":16,"column":17},"end":{"line":16,"column":25}}],"line":16},"2":{"loc":{"start":{"line":31,"column":18},"end":{"line":31,"column":null}},"type":"binary-expr","locations":[{"start":{"line":31,"column":18},"end":{"line":31,"column":28}},{"start":{"line":31,"column":28},"end":{"line":31,"column":null}}],"line":31},"3":{"loc":{"start":{"line":35,"column":6},"end":{"line":43,"column":null}},"type":"if","locations":[{"start":{"line":35,"column":6},"end":{"line":43,"column":null}},{"start":{"line":39,"column":6},"end":{"line":43,"column":null}}],"line":35},"4":{"loc":{"start":{"line":39,"column":6},"end":{"line":43,"column":null}},"type":"if","locations":[{"start":{"line":39,"column":6},"end":{"line":43,"column":null}},{"start":{"line":41,"column":13},"end":{"line":43,"column":null}}],"line":39},"5":{"loc":{"start":{"line":111,"column":23},"end":{"line":111,"column":null}},"type":"cond-expr","locations":[{"start":{"line":111,"column":35},"end":{"line":111,"column":51}},{"start":{"line":111,"column":51},"end":{"line":111,"column":null}}],"line":111}},"s":{"0":23,"1":23,"2":23,"3":23,"4":23,"5":23,"6":5,"7":5,"8":1,"9":1,"10":4,"11":4,"12":4,"13":3,"14":1,"15":1,"16":1,"17":2,"18":1,"19":1,"20":1,"21":1,"22":4,"23":23,"24":5,"25":4,"26":4,"27":0,"28":0},"f":{"0":23,"1":5,"2":5,"3":4,"4":4,"5":0,"6":0},"b":{"0":[1,4],"1":[5,4],"2":[4,4],"3":[1,2],"4":[1,1],"5":[4,19]},"meta":{"lastBranch":6,"lastFunction":7,"lastStatement":29,"seen":{"f:6:24:6:37":0,"s:7:22:7:Infinity":0,"s:8:32:8:Infinity":1,"s:9:24:9:Infinity":2,"s:10:26:10:Infinity":3,"s:11:32:11:Infinity":4,"s:13:23:50:Infinity":5,"f:13:23:13:30":1,"s:14:4:14:Infinity":6,"b:16:4:19:Infinity:undefined:undefined:undefined:undefined":0,"s:16:4:19:Infinity":7,"b:16:8:16:17:16:17:16:25":1,"s:17:6:17:Infinity":8,"s:18:6:18:Infinity":9,"s:21:4:21:Infinity":10,"s:23:4:49:Infinity":11,"s:24:23:33:Infinity":12,"b:31:18:31:28:31:28:31:Infinity":2,"b:35:6:43:Infinity:39:6:43:Infinity":3,"s:35:6:43:Infinity":13,"s:36:27:36:Infinity":14,"s:37:8:37:Infinity":15,"s:38:8:38:Infinity":16,"b:39:6:43:Infinity:41:13:43:Infinity":4,"s:39:6:43:Infinity":17,"s:40:8:40:Infinity":18,"s:42:8:42:Infinity":19,"s:45:6:45:Infinity":20,"s:46:6:46:Infinity":21,"s:48:6:48:Infinity":22,"s:52:2:118:Infinity":23,"f:54:46:54:47":2,"s:54:53:54:Infinity":24,"f:65:24:65:25":3,"s:65:31:65:Infinity":25,"f:77:24:77:25":4,"s:77:31:77:Infinity":26,"f:87:24:87:25":5,"s:87:31:87:Infinity":27,"f:98:24:98:25":6,"s:98:31:98:Infinity":28,"b:111:35:111:51:111:51:111:Infinity":5},"fnNames":{}}}
,"C:\\Users\\Usuario\\Downloads\\projeto-eq06\\frontend\\src\\context\\AuthContext.jsx": {"path":"C:\\Users\\Usuario\\Downloads\\projeto-eq06\\frontend\\src\\context\\AuthContext.jsx","statementMap":{"0":{"start":{"line":3,"column":13},"end":{"line":3,"column":null}},"1":{"start":{"line":5,"column":28},"end":{"line":44,"column":null}},"2":{"start":{"line":6,"column":22},"end":{"line":6,"column":null}},"3":{"start":{"line":8,"column":2},"end":{"line":27,"column":null}},"4":{"start":{"line":10,"column":18},"end":{"line":10,"column":null}},"5":{"start":{"line":11,"column":4},"end":{"line":21,"column":null}},"6":{"start":{"line":12,"column":27},"end":{"line":19,"column":null}},"7":{"start":{"line":20,"column":6},"end":{"line":20,"column":null}},"8":{"start":{"line":23,"column":22},"end":{"line":23,"column":null}},"9":{"start":{"line":24,"column":4},"end":{"line":26,"column":null}},"10":{"start":{"line":25,"column":6},"end":{"line":25,"column":null}},"11":{"start":{"line":29,"column":16},"end":{"line":32,"column":null}},"12":{"start":{"line":30,"column":4},"end":{"line":30,"column":null}},"13":{"start":{"line":31,"column":4},"end":{"line":31,"column":null}},"14":{"start":{"line":34,"column":17},"end":{"line":37,"column":null}},"15":{"start":{"line":35,"column":4},"end":{"line":35,"column":null}},"16":{"start":{"line":36,"column":4},"end":{"line":36,"column":null}},"17":{"start":{"line":39,"column":2},"end":{"line":42,"column":null}}},"fnMap":{"0":{"name":"(anonymous_0)","decl":{"start":{"line":5,"column":28},"end":{"line":5,"column":29}},"loc":{"start":{"line":5,"column":46},"end":{"line":44,"column":null}},"line":5},"1":{"name":"(anonymous_1)","decl":{"start":{"line":8,"column":12},"end":{"line":8,"column":18}},"loc":{"start":{"line":8,"column":18},"end":{"line":27,"column":5}},"line":8},"2":{"name":"(anonymous_2)","decl":{"start":{"line":29,"column":16},"end":{"line":29,"column":17}},"loc":{"start":{"line":29,"column":30},"end":{"line":32,"column":null}},"line":29},"3":{"name":"(anonymous_3)","decl":{"start":{"line":34,"column":17},"end":{"line":34,"column":23}},"loc":{"start":{"line":34,"column":23},"end":{"line":37,"column":null}},"line":34}},"branchMap":{"0":{"loc":{"start":{"line":11,"column":4},"end":{"line":21,"column":null}},"type":"if","locations":[{"start":{"line":11,"column":4},"end":{"line":21,"column":null}},{"start":{},"end":{}}],"line":11},"1":{"loc":{"start":{"line":24,"column":4},"end":{"line":26,"column":null}},"type":"if","locations":[{"start":{"line":24,"column":4},"end":{"line":26,"column":null}},{"start":{},"end":{}}],"line":24}},"s":{"0":7,"1":7,"2":9,"3":9,"4":5,"5":5,"6":5,"7":5,"8":5,"9":5,"10":2,"11":9,"12":1,"13":1,"14":9,"15":1,"16":1,"17":9},"f":{"0":9,"1":5,"2":1,"3":1},"b":{"0":[5,0],"1":[2,3]},"meta":{"lastBranch":2,"lastFunction":4,"lastStatement":18,"seen":{"s:3:13:3:Infinity":0,"s:5:28:44:Infinity":1,"f:5:28:5:29":0,"s:6:22:6:Infinity":2,"s:8:2:27:Infinity":3,"f:8:12:8:18":1,"s:10:18:10:Infinity":4,"b:11:4:21:Infinity:undefined:undefined:undefined:undefined":0,"s:11:4:21:Infinity":5,"s:12:27:19:Infinity":6,"s:20:6:20:Infinity":7,"s:23:22:23:Infinity":8,"b:24:4:26:Infinity:undefined:undefined:undefined:undefined":1,"s:24:4:26:Infinity":9,"s:25:6:25:Infinity":10,"s:29:16:32:Infinity":11,"f:29:16:29:17":2,"s:30:4:30:Infinity":12,"s:31:4:31:Infinity":13,"s:34:17:37:Infinity":14,"f:34:17:34:23":3,"s:35:4:35:Infinity":15,"s:36:4:36:Infinity":16,"s:39:2:42:Infinity":17},"fnNames":{}}}
,"C:\\Users\\Usuario\\Downloads\\projeto-eq06\\frontend\\src\\routes\\RoutesApp.jsx": {"path":"C:\\Users\\Usuario\\Downloads\\projeto-eq06\\frontend\\src\\routes\\RoutesApp.jsx","statementMap":{"0":{"start":{"line":12,"column":18},"end":{"line":28,"column":null}},"1":{"start":{"line":13,"column":3},"end":{"line":26,"column":null}}},"fnMap":{"0":{"name":"(anonymous_0)","decl":{"start":{"line":12,"column":18},"end":{"line":12,"column":24}},"loc":{"start":{"line":12,"column":24},"end":{"line":28,"column":null}},"line":12}},"branchMap":{},"s":{"0":1,"1":1},"f":{"0":1},"b":{},"meta":{"lastBranch":0,"lastFunction":1,"lastStatement":2,"seen":{"s:12:18:28:Infinity":0,"f:12:18:12:24":0,"s:13:3:26:Infinity":1},"fnNames":{}}}
,"C:\\Users\\Usuario\\Downloads\\projeto-eq06\\frontend\\src\\screens\\Checkout\\Checkout.jsx": {"path":"C:\\Users\\Usuario\\Downloads\\projeto-eq06\\frontend\\src\\screens\\Checkout\\Checkout.jsx","statementMap":{"0":{"start":{"line":5,"column":17},"end":{"line":67,"column":null}},"1":{"start":{"line":6,"column":24},"end":{"line":6,"column":null}},"2":{"start":{"line":8,"column":2},"end":{"line":65,"column":null}},"3":{"start":{"line":29,"column":61},"end":{"line":29,"column":74}},"4":{"start":{"line":42,"column":61},"end":{"line":42,"column":74}},"5":{"start":{"line":53,"column":79},"end":{"line":53,"column":92}}},"fnMap":{"0":{"name":"(anonymous_0)","decl":{"start":{"line":5,"column":17},"end":{"line":5,"column":23}},"loc":{"start":{"line":5,"column":23},"end":{"line":67,"column":null}},"line":5},"1":{"name":"(anonymous_1)","decl":{"start":{"line":29,"column":55},"end":{"line":29,"column":61}},"loc":{"start":{"line":29,"column":61},"end":{"line":29,"column":74}},"line":29},"2":{"name":"(anonymous_2)","decl":{"start":{"line":42,"column":55},"end":{"line":42,"column":61}},"loc":{"start":{"line":42,"column":61},"end":{"line":42,"column":74}},"line":42},"3":{"name":"(anonymous_3)","decl":{"start":{"line":53,"column":73},"end":{"line":53,"column":79}},"loc":{"start":{"line":53,"column":79},"end":{"line":53,"column":92}},"line":53}},"branchMap":{"0":{"loc":{"start":{"line":15,"column":9},"end":{"line":32,"column":null}},"type":"binary-expr","locations":[{"start":{"line":15,"column":9},"end":{"line":15,"column":null}},{"start":{"line":16,"column":10},"end":{"line":32,"column":null}}],"line":15},"1":{"loc":{"start":{"line":35,"column":9},"end":{"line":45,"column":null}},"type":"binary-expr","locations":[{"start":{"line":35,"column":9},"end":{"line":35,"column":null}},{"start":{"line":36,"column":10},"end":{"line":45,"column":null}}],"line":35},"2":{"loc":{"start":{"line":48,"column":9},"end":{"line":62,"column":null}},"type":"binary-expr","locations":[{"start":{"line":48,"column":9},"end":{"line":48,"column":null}},{"start":{"line":49,"column":10},"end":{"line":62,"column":null}}],"line":48}},"s":{"0":1,"1":10,"2":10,"3":3,"4":2,"5":1},"f":{"0":10,"1":3,"2":2,"3":1},"b":{"0":[10,5],"1":[10,3],"2":[10,2]},"meta":{"lastBranch":3,"lastFunction":4,"lastStatement":6,"seen":{"s:5:17:67:Infinity":0,"f:5:17:5:23":0,"s:6:24:6:Infinity":1,"s:8:2:65:Infinity":2,"b:15:9:15:Infinity:16:10:32:Infinity":0,"f:29:55:29:61":1,"s:29:61:29:74":3,"b:35:9:35:Infinity:36:10:45:Infinity":1,"f:42:55:42:61":2,"s:42:61:42:74":4,"b:48:9:48:Infinity:49:10:62:Infinity":2,"f:53:73:53:79":3,"s:53:79:53:92":5},"fnNames":{}}}
,"C:\\Users\\Usuario\\Downloads\\projeto-eq06\\frontend\\src\\screens\\CriarConta\\CriarConta.jsx": {"path":"C:\\Users\\Usuario\\Downloads\\projeto-eq06\\frontend\\src\\screens\\CriarConta\\CriarConta.jsx","statementMap":{"0":{"start":{"line":8,"column":19},"end":{"line":149,"column":null}},"1":{"start":{"line":9,"column":8},"end":{"line":9,"column":null}},"2":{"start":{"line":10,"column":38},"end":{"line":10,"column":null}},"3":{"start":{"line":11,"column":52},"end":{"line":11,"column":null}},"4":{"start":{"line":13,"column":22},"end":{"line":13,"column":null}},"5":{"start":{"line":14,"column":24},"end":{"line":14,"column":null}},"6":{"start":{"line":15,"column":20},"end":{"line":15,"column":null}},"7":{"start":{"line":16,"column":24},"end":{"line":16,"column":null}},"8":{"start":{"line":17,"column":42},"end":{"line":17,"column":null}},"9":{"start":{"line":19,"column":23},"end":{"line":40,"column":null}},"10":{"start":{"line":20,"column":4},"end":{"line":20,"column":null}},"11":{"start":{"line":22,"column":4},"end":{"line":25,"column":null}},"12":{"start":{"line":23,"column":6},"end":{"line":23,"column":null}},"13":{"start":{"line":24,"column":6},"end":{"line":24,"column":null}},"14":{"start":{"line":27,"column":24},"end":{"line":32,"column":null}},"15":{"start":{"line":34,"column":20},"end":{"line":34,"column":null}},"16":{"start":{"line":36,"column":4},"end":{"line":39,"column":null}},"17":{"start":{"line":37,"column":6},"end":{"line":37,"column":null}},"18":{"start":{"line":38,"column":6},"end":{"line":38,"column":null}},"19":{"start":{"line":42,"column":25},"end":{"line":53,"column":null}},"20":{"start":{"line":43,"column":18},"end":{"line":43,"column":null}},"21":{"start":{"line":45,"column":4},"end":{"line":48,"column":null}},"22":{"start":{"line":45,"column":23},"end":{"line":45,"column":52}},"23":{"start":{"line":46,"column":8},"end":{"line":46,"column":null}},"24":{"start":{"line":47,"column":8},"end":{"line":47,"column":null}},"25":{"start":{"line":50,"column":4},"end":{"line":50,"column":null}},"26":{"start":{"line":51,"column":4},"end":{"line":51,"column":null}},"27":{"start":{"line":52,"column":4},"end":{"line":52,"column":null}},"28":{"start":{"line":55,"column":2},"end":{"line":147,"column":null}},"29":{"start":{"line":71,"column":33},"end":{"line":71,"column":null}},"30":{"start":{"line":83,"column":33},"end":{"line":83,"column":null}},"31":{"start":{"line":95,"column":33},"end":{"line":95,"column":null}},"32":{"start":{"line":108,"column":35},"end":{"line":108,"column":null}},"33":{"start":{"line":113,"column":33},"end":{"line":113,"column":null}},"34":{"start":{"line":129,"column":35},"end":{"line":129,"column":null}},"35":{"start":{"line":134,"column":33},"end":{"line":134,"column":null}}},"fnMap":{"0":{"name":"(anonymous_0)","decl":{"start":{"line":8,"column":19},"end":{"line":8,"column":25}},"loc":{"start":{"line":8,"column":25},"end":{"line":149,"column":null}},"line":8},"1":{"name":"(anonymous_1)","decl":{"start":{"line":19,"column":23},"end":{"line":19,"column":24}},"loc":{"start":{"line":19,"column":30},"end":{"line":40,"column":null}},"line":19},"2":{"name":"(anonymous_2)","decl":{"start":{"line":42,"column":25},"end":{"line":42,"column":26}},"loc":{"start":{"line":42,"column":42},"end":{"line":53,"column":null}},"line":42},"3":{"name":"(anonymous_3)","decl":{"start":{"line":45,"column":18},"end":{"line":45,"column":23}},"loc":{"start":{"line":45,"column":23},"end":{"line":45,"column":52}},"line":45},"4":{"name":"(anonymous_4)","decl":{"start":{"line":71,"column":26},"end":{"line":71,"column":27}},"loc":{"start":{"line":71,"column":33},"end":{"line":71,"column":null}},"line":71},"5":{"name":"(anonymous_5)","decl":{"start":{"line":83,"column":26},"end":{"line":83,"column":27}},"loc":{"start":{"line":83,"column":33},"end":{"line":83,"column":null}},"line":83},"6":{"name":"(anonymous_6)","decl":{"start":{"line":95,"column":26},"end":{"line":95,"column":27}},"loc":{"start":{"line":95,"column":33},"end":{"line":95,"column":null}},"line":95},"7":{"name":"(anonymous_7)","decl":{"start":{"line":108,"column":28},"end":{"line":108,"column":29}},"loc":{"start":{"line":108,"column":35},"end":{"line":108,"column":null}},"line":108},"8":{"name":"(anonymous_8)","decl":{"start":{"line":113,"column":27},"end":{"line":113,"column":33}},"loc":{"start":{"line":113,"column":33},"end":{"line":113,"column":null}},"line":113},"9":{"name":"(anonymous_9)","decl":{"start":{"line":129,"column":28},"end":{"line":129,"column":29}},"loc":{"start":{"line":129,"column":35},"end":{"line":129,"column":null}},"line":129},"10":{"name":"(anonymous_10)","decl":{"start":{"line":134,"column":27},"end":{"line":134,"column":33}},"loc":{"start":{"line":134,"column":33},"end":{"line":134,"column":null}},"line":134}},"branchMap":{"0":{"loc":{"start":{"line":22,"column":4},"end":{"line":25,"column":null}},"type":"if","locations":[{"start":{"line":22,"column":4},"end":{"line":25,"column":null}},{"start":{},"end":{}}],"line":22},"1":{"loc":{"start":{"line":36,"column":4},"end":{"line":39,"column":null}},"type":"if","locations":[{"start":{"line":36,"column":4},"end":{"line":39,"column":null}},{"start":{},"end":{}}],"line":36},"2":{"loc":{"start":{"line":43,"column":29},"end":{"line":43,"column":71}},"type":"binary-expr","locations":[{"start":{"line":43,"column":29},"end":{"line":43,"column":67}},{"start":{"line":43,"column":67},"end":{"line":43,"column":71}}],"line":43},"3":{"loc":{"start":{"line":45,"column":4},"end":{"line":48,"column":null}},"type":"if","locations":[{"start":{"line":45,"column":4},"end":{"line":48,"column":null}},{"start":{},"end":{}}],"line":45},"4":{"loc":{"start":{"line":103,"column":24},"end":{"line":103,"column":null}},"type":"cond-expr","locations":[{"start":{"line":103,"column":39},"end":{"line":103,"column":48}},{"start":{"line":103,"column":48},"end":{"line":103,"column":null}}],"line":103},"5":{"loc":{"start":{"line":115,"column":19},"end":{"line":115,"column":null}},"type":"cond-expr","locations":[{"start":{"line":115,"column":34},"end":{"line":115,"column":54}},{"start":{"line":115,"column":54},"end":{"line":115,"column":null}}],"line":115},"6":{"loc":{"start":{"line":124,"column":24},"end":{"line":124,"column":null}},"type":"cond-expr","locations":[{"start":{"line":124,"column":46},"end":{"line":124,"column":55}},{"start":{"line":124,"column":55},"end":{"line":124,"column":null}}],"line":124},"7":{"loc":{"start":{"line":136,"column":19},"end":{"line":136,"column":null}},"type":"cond-expr","locations":[{"start":{"line":136,"column":41},"end":{"line":136,"column":61}},{"start":{"line":136,"column":61},"end":{"line":136,"column":null}}],"line":136}},"s":{"0":1,"1":24,"2":24,"3":24,"4":24,"5":24,"6":24,"7":24,"8":24,"9":24,"10":3,"11":3,"12":1,"13":1,"14":2,"15":2,"16":2,"17":1,"18":1,"19":24,"20":2,"21":2,"22":1,"23":1,"24":1,"25":1,"26":1,"27":1,"28":24,"29":3,"30":3,"31":3,"32":3,"33":2,"34":3,"35":2},"f":{"0":24,"1":3,"2":2,"3":1,"4":3,"5":3,"6":3,"7":3,"8":2,"9":3,"10":2},"b":{"0":[1,2],"1":[1,1],"2":[2,1],"3":[1,1],"4":[2,22],"5":[2,22],"6":[2,22],"7":[2,22]},"meta":{"lastBranch":8,"lastFunction":11,"lastStatement":36,"seen":{"s:8:19:149:Infinity":0,"f:8:19:8:25":0,"s:9:8:9:Infinity":1,"s:10:38:10:Infinity":2,"s:11:52:11:Infinity":3,"s:13:22:13:Infinity":4,"s:14:24:14:Infinity":5,"s:15:20:15:Infinity":6,"s:16:24:16:Infinity":7,"s:17:42:17:Infinity":8,"s:19:23:40:Infinity":9,"f:19:23:19:24":1,"s:20:4:20:Infinity":10,"b:22:4:25:Infinity:undefined:undefined:undefined:undefined":0,"s:22:4:25:Infinity":11,"s:23:6:23:Infinity":12,"s:24:6:24:Infinity":13,"s:27:24:32:Infinity":14,"s:34:20:34:Infinity":15,"b:36:4:39:Infinity:undefined:undefined:undefined:undefined":1,"s:36:4:39:Infinity":16,"s:37:6:37:Infinity":17,"s:38:6:38:Infinity":18,"s:42:25:53:Infinity":19,"f:42:25:42:26":2,"s:43:18:43:Infinity":20,"b:43:29:43:67:43:67:43:71":2,"b:45:4:48:Infinity:undefined:undefined:undefined:undefined":3,"s:45:4:48:Infinity":21,"f:45:18:45:23":3,"s:45:23:45:52":22,"s:46:8:46:Infinity":23,"s:47:8:47:Infinity":24,"s:50:4:50:Infinity":25,"s:51:4:51:Infinity":26,"s:52:4:52:Infinity":27,"s:55:2:147:Infinity":28,"f:71:26:71:27":4,"s:71:33:71:Infinity":29,"f:83:26:83:27":5,"s:83:33:83:Infinity":30,"f:95:26:95:27":6,"s:95:33:95:Infinity":31,"b:103:39:103:48:103:48:103:Infinity":4,"f:108:28:108:29":7,"s:108:35:108:Infinity":32,"f:113:27:113:33":8,"s:113:33:113:Infinity":33,"b:115:34:115:54:115:54:115:Infinity":5,"b:124:46:124:55:124:55:124:Infinity":6,"f:129:28:129:29":9,"s:129:35:129:Infinity":34,"f:134:27:134:33":10,"s:134:33:134:Infinity":35,"b:136:41:136:61:136:61:136:Infinity":7},"fnNames":{}}}
,"C:\\Users\\Usuario\\Downloads\\projeto-eq06\\frontend\\src\\screens\\Favorites\\Favorites.jsx": {"path":"C:\\Users\\Usuario\\Downloads\\projeto-eq06\\frontend\\src\\screens\\Favorites\\Favorites.jsx","statementMap":{"0":{"start":{"line":8,"column":18},"end":{"line":92,"column":null}},"1":{"start":{"line":9,"column":15},"end":{"line":9,"column":null}},"2":{"start":{"line":10,"column":32},"end":{"line":10,"column":null}},"3":{"start":{"line":12,"column":2},"end":{"line":16,"column":null}},"4":{"start":{"line":13,"column":4},"end":{"line":15,"column":null}},"5":{"start":{"line":14,"column":6},"end":{"line":14,"column":null}},"6":{"start":{"line":18,"column":25},"end":{"line":25,"column":null}},"7":{"start":{"line":19,"column":4},"end":{"line":24,"column":null}},"8":{"start":{"line":20,"column":19},"end":{"line":20,"column":29}},"9":{"start":{"line":22,"column":8},"end":{"line":22,"column":null}},"10":{"start":{"line":22,"column":33},"end":{"line":22,"column":null}},"11":{"start":{"line":24,"column":20},"end":{"line":24,"column":67}},"12":{"start":{"line":27,"column":31},"end":{"line":37,"column":null}},"13":{"start":{"line":28,"column":4},"end":{"line":36,"column":null}},"14":{"start":{"line":29,"column":18},"end":{"line":29,"column":null}},"15":{"start":{"line":30,"column":6},"end":{"line":33,"column":null}},"16":{"start":{"line":31,"column":8},"end":{"line":31,"column":null}},"17":{"start":{"line":31,"column":29},"end":{"line":31,"column":65}},"18":{"start":{"line":31,"column":46},"end":{"line":31,"column":64}},"19":{"start":{"line":32,"column":8},"end":{"line":32,"column":null}},"20":{"start":{"line":35,"column":6},"end":{"line":35,"column":null}},"21":{"start":{"line":39,"column":2},"end":{"line":90,"column":null}},"22":{"start":{"line":57,"column":16},"end":{"line":80,"column":null}},"23":{"start":{"line":73,"column":37},"end":{"line":73,"column":null}}},"fnMap":{"0":{"name":"(anonymous_0)","decl":{"start":{"line":8,"column":18},"end":{"line":8,"column":24}},"loc":{"start":{"line":8,"column":24},"end":{"line":92,"column":null}},"line":8},"1":{"name":"(anonymous_1)","decl":{"start":{"line":12,"column":12},"end":{"line":12,"column":18}},"loc":{"start":{"line":12,"column":18},"end":{"line":16,"column":5}},"line":12},"2":{"name":"(anonymous_2)","decl":{"start":{"line":18,"column":25},"end":{"line":18,"column":31}},"loc":{"start":{"line":18,"column":31},"end":{"line":25,"column":null}},"line":18},"3":{"name":"(anonymous_3)","decl":{"start":{"line":20,"column":12},"end":{"line":20,"column":19}},"loc":{"start":{"line":20,"column":19},"end":{"line":20,"column":29}},"line":20},"4":{"name":"(anonymous_4)","decl":{"start":{"line":21,"column":12},"end":{"line":21,"column":20}},"loc":{"start":{"line":21,"column":20},"end":{"line":23,"column":7}},"line":21},"5":{"name":"(anonymous_5)","decl":{"start":{"line":24,"column":13},"end":{"line":24,"column":20}},"loc":{"start":{"line":24,"column":20},"end":{"line":24,"column":67}},"line":24},"6":{"name":"(anonymous_6)","decl":{"start":{"line":27,"column":31},"end":{"line":27,"column":38}},"loc":{"start":{"line":27,"column":52},"end":{"line":37,"column":null}},"line":27},"7":{"name":"(anonymous_7)","decl":{"start":{"line":31,"column":21},"end":{"line":31,"column":29}},"loc":{"start":{"line":31,"column":29},"end":{"line":31,"column":65}},"line":31},"8":{"name":"(anonymous_8)","decl":{"start":{"line":31,"column":41},"end":{"line":31,"column":46}},"loc":{"start":{"line":31,"column":46},"end":{"line":31,"column":64}},"line":31},"9":{"name":"(anonymous_9)","decl":{"start":{"line":56,"column":28},"end":{"line":56,"column":29}},"loc":{"start":{"line":57,"column":16},"end":{"line":80,"column":null}},"line":57},"10":{"name":"(anonymous_10)","decl":{"start":{"line":73,"column":31},"end":{"line":73,"column":37}},"loc":{"start":{"line":73,"column":37},"end":{"line":73,"column":null}},"line":73}},"branchMap":{"0":{"loc":{"start":{"line":13,"column":4},"end":{"line":15,"column":null}},"type":"if","locations":[{"start":{"line":13,"column":4},"end":{"line":15,"column":null}},{"start":{},"end":{}}],"line":13},"1":{"loc":{"start":{"line":13,"column":8},"end":{"line":13,"column":25}},"type":"binary-expr","locations":[{"start":{"line":13,"column":8},"end":{"line":13,"column":16}},{"start":{"line":13,"column":16},"end":{"line":13,"column":25}}],"line":13},"2":{"loc":{"start":{"line":22,"column":8},"end":{"line":22,"column":null}},"type":"if","locations":[{"start":{"line":22,"column":8},"end":{"line":22,"column":null}},{"start":{},"end":{}}],"line":22},"3":{"loc":{"start":{"line":30,"column":6},"end":{"line":33,"column":null}},"type":"if","locations":[{"start":{"line":30,"column":6},"end":{"line":33,"column":null}},{"start":{},"end":{}}],"line":30},"4":{"loc":{"start":{"line":53,"column":13},"end":{"line":81,"column":null}},"type":"cond-expr","locations":[{"start":{"line":54,"column":14},"end":{"line":54,"column":null}},{"start":{"line":56,"column":14},"end":{"line":81,"column":null}}],"line":53},"5":{"loc":{"start":{"line":60,"column":32},"end":{"line":60,"column":108}},"type":"binary-expr","locations":[{"start":{"line":60,"column":32},"end":{"line":60,"column":47}},{"start":{"line":60,"column":47},"end":{"line":60,"column":108}}],"line":60},"6":{"loc":{"start":{"line":60,"column":113},"end":{"line":60,"column":138}},"type":"binary-expr","locations":[{"start":{"line":60,"column":113},"end":{"line":60,"column":127}},{"start":{"line":60,"column":127},"end":{"line":60,"column":138}}],"line":60},"7":{"loc":{"start":{"line":63,"column":27},"end":{"line":63,"column":51}},"type":"binary-expr","locations":[{"start":{"line":63,"column":27},"end":{"line":63,"column":41}},{"start":{"line":63,"column":41},"end":{"line":63,"column":51}}],"line":63},"8":{"loc":{"start":{"line":66,"column":105},"end":{"line":66,"column":134}},"type":"binary-expr","locations":[{"start":{"line":66,"column":105},"end":{"line":66,"column":119}},{"start":{"line":66,"column":119},"end":{"line":66,"column":133}},{"start":{"line":66,"column":133},"end":{"line":66,"column":134}}],"line":66}},"s":{"0":1,"1":10,"2":10,"3":10,"4":5,"5":5,"6":10,"7":5,"8":4,"9":4,"10":4,"11":1,"12":10,"13":2,"14":2,"15":1,"16":1,"17":1,"18":1,"19":1,"20":1,"21":10,"22":3,"23":2},"f":{"0":10,"1":5,"2":5,"3":4,"4":4,"5":1,"6":2,"7":1,"8":1,"9":3,"10":2},"b":{"0":[5,0],"1":[5,5],"2":[4,0],"3":[1,0],"4":[6,3],"5":[3,2],"6":[3,3],"7":[3,3],"8":[3,3,0]},"meta":{"lastBranch":9,"lastFunction":11,"lastStatement":24,"seen":{"s:8:18:92:Infinity":0,"f:8:18:8:24":0,"s:9:15:9:Infinity":1,"s:10:32:10:Infinity":2,"s:12:2:16:Infinity":3,"f:12:12:12:18":1,"b:13:4:15:Infinity:undefined:undefined:undefined:undefined":0,"s:13:4:15:Infinity":4,"b:13:8:13:16:13:16:13:25":1,"s:14:6:14:Infinity":5,"s:18:25:25:Infinity":6,"f:18:25:18:31":2,"s:19:4:24:Infinity":7,"f:20:12:20:19":3,"s:20:19:20:29":8,"f:21:12:21:20":4,"b:22:8:22:Infinity:undefined:undefined:undefined:undefined":2,"s:22:8:22:Infinity":9,"s:22:33:22:Infinity":10,"f:24:13:24:20":5,"s:24:20:24:67":11,"s:27:31:37:Infinity":12,"f:27:31:27:38":6,"s:28:4:36:Infinity":13,"s:29:18:29:Infinity":14,"b:30:6:33:Infinity:undefined:undefined:undefined:undefined":3,"s:30:6:33:Infinity":15,"s:31:8:31:Infinity":16,"f:31:21:31:29":7,"s:31:29:31:65":17,"f:31:41:31:46":8,"s:31:46:31:64":18,"s:32:8:32:Infinity":19,"s:35:6:35:Infinity":20,"s:39:2:90:Infinity":21,"b:54:14:54:Infinity:56:14:81:Infinity":4,"f:56:28:56:29":9,"s:57:16:80:Infinity":22,"b:60:32:60:47:60:47:60:108":5,"b:60:113:60:127:60:127:60:138":6,"b:63:27:63:41:63:41:63:51":7,"b:66:105:66:119:66:119:66:133:66:133:66:134":8,"f:73:31:73:37":10,"s:73:37:73:Infinity":23},"fnNames":{}}}
,"C:\\Users\\Usuario\\Downloads\\projeto-eq06\\frontend\\src\\screens\\Info\\Info.jsx": {"path":"C:\\Users\\Usuario\\Downloads\\projeto-eq06\\frontend\\src\\screens\\Info\\Info.jsx","statementMap":{"0":{"start":{"line":9,"column":13},"end":{"line":144,"column":null}},"1":{"start":{"line":10,"column":13},"end":{"line":10,"column":null}},"2":{"start":{"line":11,"column":28},"end":{"line":11,"column":null}},"3":{"start":{"line":12,"column":28},"end":{"line":12,"column":null}},"4":{"start":{"line":13,"column":24},"end":{"line":13,"column":null}},"5":{"start":{"line":14,"column":30},"end":{"line":14,"column":null}},"6":{"start":{"line":16,"column":2},"end":{"line":50,"column":null}},"7":{"start":{"line":17,"column":25},"end":{"line":42,"column":null}},"8":{"start":{"line":18,"column":6},"end":{"line":18,"column":null}},"9":{"start":{"line":19,"column":6},"end":{"line":19,"column":null}},"10":{"start":{"line":20,"column":6},"end":{"line":20,"column":null}},"11":{"start":{"line":22,"column":6},"end":{"line":41,"column":null}},"12":{"start":{"line":23,"column":25},"end":{"line":23,"column":null}},"13":{"start":{"line":25,"column":8},"end":{"line":28,"column":null}},"14":{"start":{"line":26,"column":10},"end":{"line":26,"column":null}},"15":{"start":{"line":27,"column":10},"end":{"line":27,"column":null}},"16":{"start":{"line":30,"column":8},"end":{"line":32,"column":null}},"17":{"start":{"line":31,"column":10},"end":{"line":31,"column":null}},"18":{"start":{"line":34,"column":21},"end":{"line":34,"column":null}},"19":{"start":{"line":35,"column":8},"end":{"line":35,"column":null}},"20":{"start":{"line":37,"column":8},"end":{"line":37,"column":null}},"21":{"start":{"line":38,"column":8},"end":{"line":38,"column":null}},"22":{"start":{"line":40,"column":8},"end":{"line":40,"column":null}},"23":{"start":{"line":44,"column":4},"end":{"line":49,"column":null}},"24":{"start":{"line":45,"column":6},"end":{"line":45,"column":null}},"25":{"start":{"line":47,"column":6},"end":{"line":47,"column":null}},"26":{"start":{"line":48,"column":6},"end":{"line":48,"column":null}},"27":{"start":{"line":52,"column":24},"end":{"line":56,"column":null}},"28":{"start":{"line":58,"column":25},"end":{"line":63,"column":null}},"29":{"start":{"line":65,"column":2},"end":{"line":76,"column":null}},"30":{"start":{"line":66,"column":4},"end":{"line":74,"column":null}},"31":{"start":{"line":78,"column":2},"end":{"line":90,"column":null}},"32":{"start":{"line":79,"column":4},"end":{"line":88,"column":null}},"33":{"start":{"line":92,"column":2},"end":{"line":104,"column":null}},"34":{"start":{"line":93,"column":4},"end":{"line":102,"column":null}},"35":{"start":{"line":106,"column":2},"end":{"line":142,"column":null}}},"fnMap":{"0":{"name":"(anonymous_0)","decl":{"start":{"line":9,"column":13},"end":{"line":9,"column":19}},"loc":{"start":{"line":9,"column":19},"end":{"line":144,"column":null}},"line":9},"1":{"name":"(anonymous_1)","decl":{"start":{"line":16,"column":12},"end":{"line":16,"column":18}},"loc":{"start":{"line":16,"column":18},"end":{"line":50,"column":5}},"line":16},"2":{"name":"(anonymous_2)","decl":{"start":{"line":17,"column":25},"end":{"line":17,"column":37}},"loc":{"start":{"line":17,"column":37},"end":{"line":42,"column":null}},"line":17}},"branchMap":{"0":{"loc":{"start":{"line":25,"column":8},"end":{"line":28,"column":null}},"type":"if","locations":[{"start":{"line":25,"column":8},"end":{"line":28,"column":null}},{"start":{},"end":{}}],"line":25},"1":{"loc":{"start":{"line":30,"column":8},"end":{"line":32,"column":null}},"type":"if","locations":[{"start":{"line":30,"column":8},"end":{"line":32,"column":null}},{"start":{},"end":{}}],"line":30},"2":{"loc":{"start":{"line":44,"column":4},"end":{"line":49,"column":null}},"type":"if","locations":[{"start":{"line":44,"column":4},"end":{"line":49,"column":null}},{"start":{"line":46,"column":11},"end":{"line":49,"column":null}}],"line":44},"3":{"loc":{"start":{"line":52,"column":24},"end":{"line":56,"column":null}},"type":"cond-expr","locations":[{"start":{"line":53,"column":6},"end":{"line":53,"column":null}},{"start":{"line":54,"column":6},"end":{"line":56,"column":null}}],"line":52},"4":{"loc":{"start":{"line":58,"column":25},"end":{"line":63,"column":null}},"type":"cond-expr","locations":[{"start":{"line":59,"column":6},"end":{"line":62,"column":null}},{"start":{"line":63,"column":6},"end":{"line":63,"column":null}}],"line":58},"5":{"loc":{"start":{"line":65,"column":2},"end":{"line":76,"column":null}},"type":"if","locations":[{"start":{"line":65,"column":2},"end":{"line":76,"column":null}},{"start":{},"end":{}}],"line":65},"6":{"loc":{"start":{"line":78,"column":2},"end":{"line":90,"column":null}},"type":"if","locations":[{"start":{"line":78,"column":2},"end":{"line":90,"column":null}},{"start":{},"end":{}}],"line":78},"7":{"loc":{"start":{"line":92,"column":2},"end":{"line":104,"column":null}},"type":"if","locations":[{"start":{"line":92,"column":2},"end":{"line":104,"column":null}},{"start":{},"end":{}}],"line":92},"8":{"loc":{"start":{"line":117,"column":19},"end":{"line":117,"column":51}},"type":"binary-expr","locations":[{"start":{"line":117,"column":19},"end":{"line":117,"column":35}},{"start":{"line":117,"column":35},"end":{"line":117,"column":51}}],"line":117},"9":{"loc":{"start":{"line":118,"column":18},"end":{"line":118,"column":67}},"type":"binary-expr","locations":[{"start":{"line":118,"column":18},"end":{"line":118,"column":39}},{"start":{"line":118,"column":39},"end":{"line":118,"column":67}}],"line":118}},"s":{"0":1,"1":13,"2":13,"3":13,"4":13,"5":13,"6":13,"7":7,"8":6,"9":6,"10":6,"11":6,"12":6,"13":4,"14":1,"15":1,"16":3,"17":1,"18":2,"19":2,"20":2,"21":2,"22":5,"23":7,"24":6,"25":1,"26":1,"27":13,"28":13,"29":13,"30":7,"31":6,"32":2,"33":4,"34":2,"35":2},"f":{"0":13,"1":7,"2":6},"b":{"0":[1,3],"1":[1,2],"2":[6,1],"3":[1,12],"4":[1,12],"5":[7,6],"6":[2,4],"7":[2,2],"8":[2,1],"9":[13,1]},"meta":{"lastBranch":10,"lastFunction":3,"lastStatement":36,"seen":{"s:9:13:144:Infinity":0,"f:9:13:9:19":0,"s:10:13:10:Infinity":1,"s:11:28:11:Infinity":2,"s:12:28:12:Infinity":3,"s:13:24:13:Infinity":4,"s:14:30:14:Infinity":5,"s:16:2:50:Infinity":6,"f:16:12:16:18":1,"s:17:25:42:Infinity":7,"f:17:25:17:37":2,"s:18:6:18:Infinity":8,"s:19:6:19:Infinity":9,"s:20:6:20:Infinity":10,"s:22:6:41:Infinity":11,"s:23:25:23:Infinity":12,"b:25:8:28:Infinity:undefined:undefined:undefined:undefined":0,"s:25:8:28:Infinity":13,"s:26:10:26:Infinity":14,"s:27:10:27:Infinity":15,"b:30:8:32:Infinity:undefined:undefined:undefined:undefined":1,"s:30:8:32:Infinity":16,"s:31:10:31:Infinity":17,"s:34:21:34:Infinity":18,"s:35:8:35:Infinity":19,"s:37:8:37:Infinity":20,"s:38:8:38:Infinity":21,"s:40:8:40:Infinity":22,"b:44:4:49:Infinity:46:11:49:Infinity":2,"s:44:4:49:Infinity":23,"s:45:6:45:Infinity":24,"s:47:6:47:Infinity":25,"s:48:6:48:Infinity":26,"s:52:24:56:Infinity":27,"b:53:6:53:Infinity:54:6:56:Infinity":3,"s:58:25:63:Infinity":28,"b:59:6:62:Infinity:63:6:63:Infinity":4,"b:65:2:76:Infinity:undefined:undefined:undefined:undefined":5,"s:65:2:76:Infinity":29,"s:66:4:74:Infinity":30,"b:78:2:90:Infinity:undefined:undefined:undefined:undefined":6,"s:78:2:90:Infinity":31,"s:79:4:88:Infinity":32,"b:92:2:104:Infinity:undefined:undefined:undefined:undefined":7,"s:92:2:104:Infinity":33,"s:93:4:102:Infinity":34,"s:106:2:142:Infinity":35,"b:117:19:117:35:117:35:117:51":8,"b:118:18:118:39:118:39:118:67":9},"fnNames":{}}}
,"C:\\Users\\Usuario\\Downloads\\projeto-eq06\\frontend\\src\\screens\\Login\\Login.jsx": {"path":"C:\\Users\\Usuario\\Downloads\\projeto-eq06\\frontend\\src\\screens\\Login\\Login.jsx","statementMap":{"0":{"start":{"line":11,"column":32},"end":{"line":11,"column":null}},"1":{"start":{"line":13,"column":34},"end":{"line":13,"column":null}},"2":{"start":{"line":14,"column":34},"end":{"line":14,"column":null}},"3":{"start":{"line":15,"column":32},"end":{"line":15,"column":null}},"4":{"start":{"line":16,"column":32},"end":{"line":16,"column":null}},"5":{"start":{"line":18,"column":16},"end":{"line":18,"column":null}},"6":{"start":{"line":19,"column":8},"end":{"line":19,"column":null}},"7":{"start":{"line":21,"column":22},"end":{"line":47,"column":null}},"8":{"start":{"line":22,"column":4},"end":{"line":22,"column":null}},"9":{"start":{"line":23,"column":23},"end":{"line":23,"column":null}},"10":{"start":{"line":24,"column":23},"end":{"line":24,"column":null}},"11":{"start":{"line":26,"column":4},"end":{"line":46,"column":null}},"12":{"start":{"line":27,"column":23},"end":{"line":31,"column":null}},"13":{"start":{"line":33,"column":6},"end":{"line":42,"column":null}},"14":{"start":{"line":34,"column":25},"end":{"line":34,"column":null}},"15":{"start":{"line":36,"column":8},"end":{"line":36,"column":null}},"16":{"start":{"line":37,"column":8},"end":{"line":37,"column":null}},"17":{"start":{"line":38,"column":6},"end":{"line":42,"column":null}},"18":{"start":{"line":39,"column":8},"end":{"line":39,"column":null}},"19":{"start":{"line":41,"column":8},"end":{"line":41,"column":null}},"20":{"start":{"line":44,"column":6},"end":{"line":44,"column":null}},"21":{"start":{"line":45,"column":6},"end":{"line":45,"column":null}},"22":{"start":{"line":49,"column":2},"end":{"line":123,"column":null}},"23":{"start":{"line":61,"column":29},"end":{"line":61,"column":null}},"24":{"start":{"line":67,"column":29},"end":{"line":67,"column":null}},"25":{"start":{"line":80,"column":33},"end":{"line":80,"column":null}},"26":{"start":{"line":89,"column":35},"end":{"line":89,"column":null}},"27":{"start":{"line":93,"column":59},"end":{"line":93,"column":83}},"28":{"start":{"line":103,"column":33},"end":{"line":103,"column":null}},"29":{"start":{"line":112,"column":35},"end":{"line":112,"column":null}},"30":{"start":{"line":116,"column":59},"end":{"line":116,"column":84}}},"fnMap":{"0":{"name":"Login","decl":{"start":{"line":10,"column":24},"end":{"line":10,"column":32}},"loc":{"start":{"line":10,"column":32},"end":{"line":125,"column":null}},"line":10},"1":{"name":"(anonymous_1)","decl":{"start":{"line":21,"column":22},"end":{"line":21,"column":29}},"loc":{"start":{"line":21,"column":41},"end":{"line":47,"column":null}},"line":21},"2":{"name":"(anonymous_2)","decl":{"start":{"line":61,"column":23},"end":{"line":61,"column":29}},"loc":{"start":{"line":61,"column":29},"end":{"line":61,"column":null}},"line":61},"3":{"name":"(anonymous_3)","decl":{"start":{"line":67,"column":23},"end":{"line":67,"column":29}},"loc":{"start":{"line":67,"column":29},"end":{"line":67,"column":null}},"line":67},"4":{"name":"(anonymous_4)","decl":{"start":{"line":80,"column":26},"end":{"line":80,"column":27}},"loc":{"start":{"line":80,"column":33},"end":{"line":80,"column":null}},"line":80},"5":{"name":"(anonymous_5)","decl":{"start":{"line":89,"column":28},"end":{"line":89,"column":29}},"loc":{"start":{"line":89,"column":35},"end":{"line":89,"column":null}},"line":89},"6":{"name":"(anonymous_6)","decl":{"start":{"line":93,"column":52},"end":{"line":93,"column":53}},"loc":{"start":{"line":93,"column":59},"end":{"line":93,"column":83}},"line":93},"7":{"name":"(anonymous_7)","decl":{"start":{"line":103,"column":26},"end":{"line":103,"column":27}},"loc":{"start":{"line":103,"column":33},"end":{"line":103,"column":null}},"line":103},"8":{"name":"(anonymous_8)","decl":{"start":{"line":112,"column":28},"end":{"line":112,"column":29}},"loc":{"start":{"line":112,"column":35},"end":{"line":112,"column":null}},"line":112},"9":{"name":"(anonymous_9)","decl":{"start":{"line":116,"column":52},"end":{"line":116,"column":53}},"loc":{"start":{"line":116,"column":59},"end":{"line":116,"column":84}},"line":116}},"branchMap":{"0":{"loc":{"start":{"line":23,"column":23},"end":{"line":23,"column":null}},"type":"cond-expr","locations":[{"start":{"line":23,"column":42},"end":{"line":23,"column":55}},{"start":{"line":23,"column":55},"end":{"line":23,"column":null}}],"line":23},"1":{"loc":{"start":{"line":24,"column":23},"end":{"line":24,"column":null}},"type":"cond-expr","locations":[{"start":{"line":24,"column":42},"end":{"line":24,"column":55}},{"start":{"line":24,"column":55},"end":{"line":24,"column":null}}],"line":24},"2":{"loc":{"start":{"line":33,"column":6},"end":{"line":42,"column":null}},"type":"if","locations":[{"start":{"line":33,"column":6},"end":{"line":42,"column":null}},{"start":{"line":38,"column":6},"end":{"line":42,"column":null}}],"line":33},"3":{"loc":{"start":{"line":38,"column":6},"end":{"line":42,"column":null}},"type":"if","locations":[{"start":{"line":38,"column":6},"end":{"line":42,"column":null}},{"start":{"line":40,"column":13},"end":{"line":42,"column":null}}],"line":38},"4":{"loc":{"start":{"line":60,"column":36},"end":{"line":60,"column":72}},"type":"cond-expr","locations":[{"start":{"line":60,"column":59},"end":{"line":60,"column":70}},{"start":{"line":60,"column":70},"end":{"line":60,"column":72}}],"line":60},"5":{"loc":{"start":{"line":66,"column":36},"end":{"line":66,"column":73}},"type":"cond-expr","locations":[{"start":{"line":66,"column":60},"end":{"line":66,"column":71}},{"start":{"line":66,"column":71},"end":{"line":66,"column":73}}],"line":66},"6":{"loc":{"start":{"line":73,"column":11},"end":{"line":117,"column":null}},"type":"cond-expr","locations":[{"start":{"line":74,"column":12},"end":{"line":94,"column":null}},{"start":{"line":96,"column":12},"end":{"line":117,"column":null}}],"line":73}},"s":{"0":15,"1":15,"2":15,"3":15,"4":15,"5":15,"6":15,"7":15,"8":5,"9":5,"10":5,"11":5,"12":5,"13":4,"14":2,"15":2,"16":2,"17":2,"18":1,"19":1,"20":1,"21":1,"22":15,"23":0,"24":2,"25":2,"26":2,"27":4,"28":1,"29":1,"30":1},"f":{"0":15,"1":5,"2":0,"3":2,"4":2,"5":2,"6":4,"7":1,"8":1,"9":1},"b":{"0":[1,4],"1":[1,4],"2":[2,2],"3":[1,1],"4":[11,4],"5":[4,11],"6":[11,4]},"meta":{"lastBranch":7,"lastFunction":10,"lastStatement":31,"seen":{"f:10:24:10:32":0,"s:11:32:11:Infinity":0,"s:13:34:13:Infinity":1,"s:14:34:14:Infinity":2,"s:15:32:15:Infinity":3,"s:16:32:16:Infinity":4,"s:18:16:18:Infinity":5,"s:19:8:19:Infinity":6,"s:21:22:47:Infinity":7,"f:21:22:21:29":1,"s:22:4:22:Infinity":8,"s:23:23:23:Infinity":9,"b:23:42:23:55:23:55:23:Infinity":0,"s:24:23:24:Infinity":10,"b:24:42:24:55:24:55:24:Infinity":1,"s:26:4:46:Infinity":11,"s:27:23:31:Infinity":12,"b:33:6:42:Infinity:38:6:42:Infinity":2,"s:33:6:42:Infinity":13,"s:34:25:34:Infinity":14,"s:36:8:36:Infinity":15,"s:37:8:37:Infinity":16,"b:38:6:42:Infinity:40:13:42:Infinity":3,"s:38:6:42:Infinity":17,"s:39:8:39:Infinity":18,"s:41:8:41:Infinity":19,"s:44:6:44:Infinity":20,"s:45:6:45:Infinity":21,"s:49:2:123:Infinity":22,"b:60:59:60:70:60:70:60:72":4,"f:61:23:61:29":2,"s:61:29:61:Infinity":23,"b:66:60:66:71:66:71:66:73":5,"f:67:23:67:29":3,"s:67:29:67:Infinity":24,"b:74:12:94:Infinity:96:12:117:Infinity":6,"f:80:26:80:27":4,"s:80:33:80:Infinity":25,"f:89:28:89:29":5,"s:89:35:89:Infinity":26,"f:93:52:93:53":6,"s:93:59:93:83":27,"f:103:26:103:27":7,"s:103:33:103:Infinity":28,"f:112:28:112:29":8,"s:112:35:112:Infinity":29,"f:116:52:116:53":9,"s:116:59:116:84":30},"fnNames":{}}}
,"C:\\Users\\Usuario\\Downloads\\projeto-eq06\\frontend\\src\\screens\\Main\\Main.jsx": {"path":"C:\\Users\\Usuario\\Downloads\\projeto-eq06\\frontend\\src\\screens\\Main\\Main.jsx","statementMap":{"0":{"start":{"line":13,"column":21},"end":{"line":17,"column":null}},"1":{"start":{"line":22,"column":13},"end":{"line":267,"column":null}},"2":{"start":{"line":23,"column":17},"end":{"line":23,"column":null}},"3":{"start":{"line":24,"column":20},"end":{"line":24,"column":null}},"4":{"start":{"line":26,"column":42},"end":{"line":26,"column":null}},"5":{"start":{"line":27,"column":40},"end":{"line":27,"column":null}},"6":{"start":{"line":28,"column":38},"end":{"line":28,"column":null}},"7":{"start":{"line":29,"column":28},"end":{"line":29,"column":null}},"8":{"start":{"line":30,"column":34},"end":{"line":30,"column":null}},"9":{"start":{"line":32,"column":46},"end":{"line":32,"column":null}},"10":{"start":{"line":34,"column":32},"end":{"line":36,"column":null}},"11":{"start":{"line":35,"column":8},"end":{"line":35,"column":null}},"12":{"start":{"line":38,"column":33},"end":{"line":58,"column":null}},"13":{"start":{"line":39,"column":8},"end":{"line":39,"column":null}},"14":{"start":{"line":39,"column":30},"end":{"line":39,"column":null}},"15":{"start":{"line":41,"column":8},"end":{"line":57,"column":null}},"16":{"start":{"line":42,"column":29},"end":{"line":44,"column":null}},"17":{"start":{"line":46,"column":12},"end":{"line":51,"column":null}},"18":{"start":{"line":47,"column":16},"end":{"line":47,"column":null}},"19":{"start":{"line":47,"column":40},"end":{"line":47,"column":82}},"20":{"start":{"line":47,"column":57},"end":{"line":47,"column":81}},"21":{"start":{"line":48,"column":16},"end":{"line":48,"column":null}},"22":{"start":{"line":50,"column":16},"end":{"line":50,"column":null}},"23":{"start":{"line":53,"column":12},"end":{"line":53,"column":null}},"24":{"start":{"line":54,"column":12},"end":{"line":54,"column":null}},"25":{"start":{"line":56,"column":12},"end":{"line":56,"column":null}},"26":{"start":{"line":60,"column":33},"end":{"line":84,"column":null}},"27":{"start":{"line":61,"column":8},"end":{"line":64,"column":null}},"28":{"start":{"line":62,"column":12},"end":{"line":62,"column":null}},"29":{"start":{"line":63,"column":12},"end":{"line":63,"column":null}},"30":{"start":{"line":66,"column":8},"end":{"line":83,"column":null}},"31":{"start":{"line":67,"column":27},"end":{"line":67,"column":null}},"32":{"start":{"line":68,"column":24},"end":{"line":68,"column":null}},"33":{"start":{"line":69,"column":12},"end":{"line":79,"column":null}},"34":{"start":{"line":70,"column":16},"end":{"line":75,"column":null}},"35":{"start":{"line":71,"column":36},"end":{"line":71,"column":null}},"36":{"start":{"line":72,"column":20},"end":{"line":73,"column":null}},"37":{"start":{"line":72,"column":31},"end":{"line":72,"column":null}},"38":{"start":{"line":73,"column":25},"end":{"line":73,"column":null}},"39":{"start":{"line":74,"column":20},"end":{"line":74,"column":null}},"40":{"start":{"line":76,"column":16},"end":{"line":76,"column":null}},"41":{"start":{"line":78,"column":16},"end":{"line":78,"column":null}},"42":{"start":{"line":81,"column":12},"end":{"line":81,"column":null}},"43":{"start":{"line":82,"column":12},"end":{"line":82,"column":null}},"44":{"start":{"line":86,"column":33},"end":{"line":90,"column":null}},"45":{"start":{"line":88,"column":8},"end":{"line":88,"column":null}},"46":{"start":{"line":88,"column":32},"end":{"line":88,"column":53}},"47":{"start":{"line":89,"column":8},"end":{"line":89,"column":null}},"48":{"start":{"line":92,"column":4},"end":{"line":118,"column":null}},"49":{"start":{"line":93,"column":22},"end":{"line":95,"column":null}},"50":{"start":{"line":94,"column":12},"end":{"line":94,"column":null}},"51":{"start":{"line":94,"column":30},"end":{"line":94,"column":71}},"52":{"start":{"line":98,"column":8},"end":{"line":104,"column":null}},"53":{"start":{"line":99,"column":25},"end":{"line":99,"column":35}},"54":{"start":{"line":101,"column":16},"end":{"line":102,"column":null}},"55":{"start":{"line":101,"column":34},"end":{"line":101,"column":null}},"56":{"start":{"line":101,"column":62},"end":{"line":102,"column":null}},"57":{"start":{"line":102,"column":46},"end":{"line":102,"column":null}},"58":{"start":{"line":104,"column":26},"end":{"line":104,"column":72}},"59":{"start":{"line":106,"column":8},"end":{"line":115,"column":null}},"60":{"start":{"line":107,"column":12},"end":{"line":114,"column":null}},"61":{"start":{"line":108,"column":29},"end":{"line":108,"column":39}},"62":{"start":{"line":110,"column":20},"end":{"line":112,"column":null}},"63":{"start":{"line":111,"column":24},"end":{"line":111,"column":null}},"64":{"start":{"line":111,"column":59},"end":{"line":111,"column":63}},"65":{"start":{"line":114,"column":30},"end":{"line":114,"column":77}},"66":{"start":{"line":117,"column":8},"end":{"line":117,"column":null}},"67":{"start":{"line":117,"column":21},"end":{"line":117,"column":null}},"68":{"start":{"line":120,"column":4},"end":{"line":265,"column":null}},"69":{"start":{"line":138,"column":24},"end":{"line":142,"column":null}},"70":{"start":{"line":141,"column":43},"end":{"line":141,"column":null}},"71":{"start":{"line":157,"column":49},"end":{"line":157,"column":null}},"72":{"start":{"line":172,"column":47},"end":{"line":183,"column":null}},"73":{"start":{"line":173,"column":43},"end":{"line":173,"column":null}},"74":{"start":{"line":174,"column":43},"end":{"line":174,"column":null}},"75":{"start":{"line":175,"column":42},"end":{"line":175,"column":null}},"76":{"start":{"line":176,"column":42},"end":{"line":176,"column":null}},"77":{"start":{"line":178,"column":28},"end":{"line":178,"column":null}},"78":{"start":{"line":178,"column":56},"end":{"line":178,"column":null}},"79":{"start":{"line":179,"column":28},"end":{"line":179,"column":null}},"80":{"start":{"line":179,"column":57},"end":{"line":179,"column":null}},"81":{"start":{"line":180,"column":28},"end":{"line":180,"column":null}},"82":{"start":{"line":180,"column":55},"end":{"line":180,"column":null}},"83":{"start":{"line":181,"column":28},"end":{"line":181,"column":null}},"84":{"start":{"line":181,"column":56},"end":{"line":181,"column":null}},"85":{"start":{"line":182,"column":28},"end":{"line":182,"column":null}},"86":{"start":{"line":185,"column":24},"end":{"line":198,"column":22}},"87":{"start":{"line":186,"column":24},"end":{"line":197,"column":null}},"88":{"start":{"line":240,"column":31},"end":{"line":240,"column":null}},"89":{"start":{"line":248,"column":35},"end":{"line":248,"column":null}},"90":{"start":{"line":259,"column":74},"end":{"line":259,"column":100}}},"fnMap":{"0":{"name":"(anonymous_0)","decl":{"start":{"line":22,"column":13},"end":{"line":22,"column":19}},"loc":{"start":{"line":22,"column":19},"end":{"line":267,"column":null}},"line":22},"1":{"name":"(anonymous_1)","decl":{"start":{"line":34,"column":32},"end":{"line":34,"column":33}},"loc":{"start":{"line":34,"column":40},"end":{"line":36,"column":null}},"line":34},"2":{"name":"(anonymous_2)","decl":{"start":{"line":38,"column":33},"end":{"line":38,"column":45}},"loc":{"start":{"line":38,"column":45},"end":{"line":58,"column":null}},"line":38},"3":{"name":"(anonymous_3)","decl":{"start":{"line":47,"column":32},"end":{"line":47,"column":40}},"loc":{"start":{"line":47,"column":40},"end":{"line":47,"column":82}},"line":47},"4":{"name":"(anonymous_4)","decl":{"start":{"line":47,"column":52},"end":{"line":47,"column":57}},"loc":{"start":{"line":47,"column":57},"end":{"line":47,"column":81}},"line":47},"5":{"name":"(anonymous_5)","decl":{"start":{"line":60,"column":33},"end":{"line":60,"column":40}},"loc":{"start":{"line":60,"column":61},"end":{"line":84,"column":null}},"line":60},"6":{"name":"(anonymous_6)","decl":{"start":{"line":70,"column":29},"end":{"line":70,"column":37}},"loc":{"start":{"line":70,"column":37},"end":{"line":75,"column":17}},"line":70},"7":{"name":"(anonymous_7)","decl":{"start":{"line":86,"column":33},"end":{"line":86,"column":34}},"loc":{"start":{"line":86,"column":49},"end":{"line":90,"column":null}},"line":86},"8":{"name":"(anonymous_8)","decl":{"start":{"line":88,"column":24},"end":{"line":88,"column":32}},"loc":{"start":{"line":88,"column":32},"end":{"line":88,"column":53}},"line":88},"9":{"name":"(anonymous_9)","decl":{"start":{"line":92,"column":14},"end":{"line":92,"column":20}},"loc":{"start":{"line":92,"column":20},"end":{"line":118,"column":7}},"line":92},"10":{"name":"(anonymous_10)","decl":{"start":{"line":93,"column":34},"end":{"line":93,"column":40}},"loc":{"start":{"line":93,"column":40},"end":{"line":95,"column":11}},"line":93},"11":{"name":"(anonymous_11)","decl":{"start":{"line":94,"column":29},"end":{"line":94,"column":30}},"loc":{"start":{"line":94,"column":30},"end":{"line":94,"column":71}},"line":94},"12":{"name":"(anonymous_12)","decl":{"start":{"line":99,"column":18},"end":{"line":99,"column":25}},"loc":{"start":{"line":99,"column":25},"end":{"line":99,"column":35}},"line":99},"13":{"name":"(anonymous_13)","decl":{"start":{"line":100,"column":18},"end":{"line":100,"column":26}},"loc":{"start":{"line":100,"column":26},"end":{"line":103,"column":13}},"line":100},"14":{"name":"(anonymous_14)","decl":{"start":{"line":104,"column":19},"end":{"line":104,"column":26}},"loc":{"start":{"line":104,"column":26},"end":{"line":104,"column":72}},"line":104},"15":{"name":"(anonymous_15)","decl":{"start":{"line":108,"column":22},"end":{"line":108,"column":29}},"loc":{"start":{"line":108,"column":29},"end":{"line":108,"column":39}},"line":108},"16":{"name":"(anonymous_16)","decl":{"start":{"line":109,"column":22},"end":{"line":109,"column":30}},"loc":{"start":{"line":109,"column":30},"end":{"line":113,"column":17}},"line":109},"17":{"name":"(anonymous_17)","decl":{"start":{"line":111,"column":54},"end":{"line":111,"column":59}},"loc":{"start":{"line":111,"column":59},"end":{"line":111,"column":63}},"line":111},"18":{"name":"(anonymous_18)","decl":{"start":{"line":114,"column":23},"end":{"line":114,"column":30}},"loc":{"start":{"line":114,"column":30},"end":{"line":114,"column":77}},"line":114},"19":{"name":"(anonymous_19)","decl":{"start":{"line":117,"column":15},"end":{"line":117,"column":21}},"loc":{"start":{"line":117,"column":21},"end":{"line":117,"column":null}},"line":117},"20":{"name":"(anonymous_20)","decl":{"start":{"line":137,"column":38},"end":{"line":137,"column":39}},"loc":{"start":{"line":138,"column":24},"end":{"line":142,"column":null}},"line":138},"21":{"name":"(anonymous_21)","decl":{"start":{"line":141,"column":37},"end":{"line":141,"column":43}},"loc":{"start":{"line":141,"column":43},"end":{"line":141,"column":null}},"line":141},"22":{"name":"(anonymous_22)","decl":{"start":{"line":157,"column":42},"end":{"line":157,"column":43}},"loc":{"start":{"line":157,"column":49},"end":{"line":157,"column":null}},"line":157},"23":{"name":"(anonymous_23)","decl":{"start":{"line":171,"column":22},"end":{"line":171,"column":28}},"loc":{"start":{"line":171,"column":28},"end":{"line":198,"column":25}},"line":171},"24":{"name":"(anonymous_24)","decl":{"start":{"line":172,"column":70},"end":{"line":172,"column":71}},"loc":{"start":{"line":172,"column":80},"end":{"line":183,"column":25}},"line":172},"25":{"name":"(anonymous_25)","decl":{"start":{"line":185,"column":50},"end":{"line":185,"column":51}},"loc":{"start":{"line":186,"column":24},"end":{"line":197,"column":null}},"line":186},"26":{"name":"(anonymous_26)","decl":{"start":{"line":240,"column":25},"end":{"line":240,"column":31}},"loc":{"start":{"line":240,"column":31},"end":{"line":240,"column":null}},"line":240},"27":{"name":"(anonymous_27)","decl":{"start":{"line":248,"column":29},"end":{"line":248,"column":35}},"loc":{"start":{"line":248,"column":35},"end":{"line":248,"column":null}},"line":248},"28":{"name":"(anonymous_28)","decl":{"start":{"line":259,"column":68},"end":{"line":259,"column":74}},"loc":{"start":{"line":259,"column":74},"end":{"line":259,"column":100}},"line":259}},"branchMap":{"0":{"loc":{"start":{"line":39,"column":8},"end":{"line":39,"column":null}},"type":"if","locations":[{"start":{"line":39,"column":8},"end":{"line":39,"column":null}},{"start":{},"end":{}}],"line":39},"1":{"loc":{"start":{"line":46,"column":12},"end":{"line":51,"column":null}},"type":"if","locations":[{"start":{"line":46,"column":12},"end":{"line":51,"column":null}},{"start":{"line":49,"column":19},"end":{"line":51,"column":null}}],"line":46},"2":{"loc":{"start":{"line":61,"column":8},"end":{"line":64,"column":null}},"type":"if","locations":[{"start":{"line":61,"column":8},"end":{"line":64,"column":null}},{"start":{},"end":{}}],"line":61},"3":{"loc":{"start":{"line":61,"column":12},"end":{"line":61,"column":31}},"type":"binary-expr","locations":[{"start":{"line":61,"column":12},"end":{"line":61,"column":21}},{"start":{"line":61,"column":21},"end":{"line":61,"column":31}}],"line":61},"4":{"loc":{"start":{"line":67,"column":27},"end":{"line":67,"column":null}},"type":"cond-expr","locations":[{"start":{"line":67,"column":35},"end":{"line":67,"column":44}},{"start":{"line":67,"column":44},"end":{"line":67,"column":null}}],"line":67},"5":{"loc":{"start":{"line":69,"column":12},"end":{"line":79,"column":null}},"type":"if","locations":[{"start":{"line":69,"column":12},"end":{"line":79,"column":null}},{"start":{"line":77,"column":19},"end":{"line":79,"column":null}}],"line":69},"6":{"loc":{"start":{"line":72,"column":20},"end":{"line":73,"column":null}},"type":"if","locations":[{"start":{"line":72,"column":20},"end":{"line":73,"column":null}},{"start":{"line":73,"column":25},"end":{"line":73,"column":null}}],"line":72},"7":{"loc":{"start":{"line":76,"column":30},"end":{"line":76,"column":91}},"type":"cond-expr","locations":[{"start":{"line":76,"column":38},"end":{"line":76,"column":67}},{"start":{"line":76,"column":67},"end":{"line":76,"column":91}}],"line":76},"8":{"loc":{"start":{"line":101,"column":16},"end":{"line":102,"column":null}},"type":"if","locations":[{"start":{"line":101,"column":16},"end":{"line":102,"column":null}},{"start":{"line":101,"column":62},"end":{"line":102,"column":null}}],"line":101},"9":{"loc":{"start":{"line":101,"column":62},"end":{"line":102,"column":null}},"type":"if","locations":[{"start":{"line":101,"column":62},"end":{"line":102,"column":null}},{"start":{},"end":{}}],"line":101},"10":{"loc":{"start":{"line":106,"column":8},"end":{"line":115,"column":null}},"type":"if","locations":[{"start":{"line":106,"column":8},"end":{"line":115,"column":null}},{"start":{},"end":{}}],"line":106},"11":{"loc":{"start":{"line":106,"column":12},"end":{"line":106,"column":29}},"type":"binary-expr","locations":[{"start":{"line":106,"column":12},"end":{"line":106,"column":20}},{"start":{"line":106,"column":20},"end":{"line":106,"column":29}}],"line":106},"12":{"loc":{"start":{"line":110,"column":20},"end":{"line":112,"column":null}},"type":"if","locations":[{"start":{"line":110,"column":20},"end":{"line":112,"column":null}},{"start":{},"end":{}}],"line":110},"13":{"loc":{"start":{"line":140,"column":46},"end":{"line":140,"column":85}},"type":"cond-expr","locations":[{"start":{"line":140,"column":72},"end":{"line":140,"column":83}},{"start":{"line":140,"column":83},"end":{"line":140,"column":85}}],"line":140},"14":{"loc":{"start":{"line":151,"column":21},"end":{"line":166,"column":null}},"type":"binary-expr","locations":[{"start":{"line":151,"column":21},"end":{"line":151,"column":null}},{"start":{"line":152,"column":24},"end":{"line":166,"column":null}}],"line":151},"15":{"loc":{"start":{"line":173,"column":43},"end":{"line":173,"column":null}},"type":"binary-expr","locations":[{"start":{"line":173,"column":43},"end":{"line":173,"column":54}},{"start":{"line":173,"column":54},"end":{"line":173,"column":65}},{"start":{"line":173,"column":65},"end":{"line":173,"column":null}}],"line":173},"16":{"loc":{"start":{"line":174,"column":43},"end":{"line":174,"column":null}},"type":"binary-expr","locations":[{"start":{"line":174,"column":43},"end":{"line":174,"column":54}},{"start":{"line":174,"column":54},"end":{"line":174,"column":65}},{"start":{"line":174,"column":65},"end":{"line":174,"column":null}}],"line":174},"17":{"loc":{"start":{"line":175,"column":42},"end":{"line":175,"column":null}},"type":"binary-expr","locations":[{"start":{"line":175,"column":42},"end":{"line":175,"column":53}},{"start":{"line":175,"column":53},"end":{"line":175,"column":63}},{"start":{"line":175,"column":63},"end":{"line":175,"column":null}}],"line":175},"18":{"loc":{"start":{"line":176,"column":42},"end":{"line":176,"column":null}},"type":"binary-expr","locations":[{"start":{"line":176,"column":42},"end":{"line":176,"column":53}},{"start":{"line":176,"column":53},"end":{"line":176,"column":63}},{"start":{"line":176,"column":63},"end":{"line":176,"column":null}}],"line":176},"19":{"loc":{"start":{"line":178,"column":28},"end":{"line":178,"column":null}},"type":"if","locations":[{"start":{"line":178,"column":28},"end":{"line":178,"column":null}},{"start":{},"end":{}}],"line":178},"20":{"loc":{"start":{"line":179,"column":28},"end":{"line":179,"column":null}},"type":"if","locations":[{"start":{"line":179,"column":28},"end":{"line":179,"column":null}},{"start":{},"end":{}}],"line":179},"21":{"loc":{"start":{"line":180,"column":28},"end":{"line":180,"column":null}},"type":"if","locations":[{"start":{"line":180,"column":28},"end":{"line":180,"column":null}},{"start":{},"end":{}}],"line":180},"22":{"loc":{"start":{"line":181,"column":28},"end":{"line":181,"column":null}},"type":"if","locations":[{"start":{"line":181,"column":28},"end":{"line":181,"column":null}},{"start":{},"end":{}}],"line":181},"23":{"loc":{"start":{"line":189,"column":40},"end":{"line":189,"column":null}},"type":"binary-expr","locations":[{"start":{"line":189,"column":40},"end":{"line":189,"column":58}},{"start":{"line":189,"column":58},"end":{"line":189,"column":null}}],"line":189},"24":{"loc":{"start":{"line":190,"column":34},"end":{"line":190,"column":null}},"type":"binary-expr","locations":[{"start":{"line":190,"column":34},"end":{"line":190,"column":51}},{"start":{"line":190,"column":51},"end":{"line":190,"column":null}}],"line":190},"25":{"loc":{"start":{"line":191,"column":35},"end":{"line":191,"column":null}},"type":"binary-expr","locations":[{"start":{"line":191,"column":35},"end":{"line":191,"column":52}},{"start":{"line":191,"column":52},"end":{"line":191,"column":null}}],"line":191},"26":{"loc":{"start":{"line":192,"column":37},"end":{"line":192,"column":null}},"type":"binary-expr","locations":[{"start":{"line":192,"column":37},"end":{"line":192,"column":54}},{"start":{"line":192,"column":54},"end":{"line":192,"column":null}}],"line":192},"27":{"loc":{"start":{"line":246,"column":13},"end":{"line":250,"column":null}},"type":"binary-expr","locations":[{"start":{"line":246,"column":13},"end":{"line":246,"column":null}},{"start":{"line":247,"column":16},"end":{"line":250,"column":null}}],"line":246},"28":{"loc":{"start":{"line":253,"column":13},"end":{"line":263,"column":null}},"type":"binary-expr","locations":[{"start":{"line":253,"column":13},"end":{"line":253,"column":null}},{"start":{"line":254,"column":16},"end":{"line":263,"column":null}}],"line":253}},"s":{"0":1,"1":1,"2":38,"3":38,"4":38,"5":38,"6":38,"7":38,"8":38,"9":38,"10":38,"11":3,"12":38,"13":2,"14":0,"15":2,"16":2,"17":2,"18":1,"19":1,"20":1,"21":1,"22":1,"23":0,"24":0,"25":2,"26":38,"27":4,"28":1,"29":1,"30":3,"31":3,"32":4,"33":3,"34":2,"35":2,"36":2,"37":1,"38":1,"39":2,"40":2,"41":1,"42":0,"43":0,"44":38,"45":1,"46":1,"47":1,"48":38,"49":10,"50":1,"51":1,"52":10,"53":10,"54":10,"55":1,"56":9,"57":9,"58":0,"59":10,"60":9,"61":9,"62":9,"63":9,"64":0,"65":0,"66":10,"67":10,"68":38,"69":111,"70":0,"71":4,"72":37,"73":5,"74":5,"75":5,"76":5,"77":5,"78":1,"79":4,"80":1,"81":3,"82":1,"83":2,"84":2,"85":1,"86":37,"87":24,"88":2,"89":1,"90":1},"f":{"0":38,"1":3,"2":2,"3":1,"4":1,"5":4,"6":2,"7":1,"8":1,"9":10,"10":1,"11":1,"12":10,"13":10,"14":0,"15":9,"16":9,"17":0,"18":0,"19":10,"20":111,"21":0,"22":4,"23":37,"24":5,"25":24,"26":2,"27":1,"28":1},"b":{"0":[0,2],"1":[1,1],"2":[1,3],"3":[4,3],"4":[2,1],"5":[2,1],"6":[1,1],"7":[1,1],"8":[1,9],"9":[9,0],"10":[9,1],"11":[10,9],"12":[9,0],"13":[37,74],"14":[38,19],"15":[5,5,0],"16":[5,5,0],"17":[5,5,0],"18":[5,5,0],"19":[1,4],"20":[1,3],"21":[1,2],"22":[1,1],"23":[24,24],"24":[24,24],"25":[24,24],"26":[24,24],"27":[38,2],"28":[38,3]},"meta":{"lastBranch":29,"lastFunction":29,"lastStatement":91,"seen":{"s:13:21:17:Infinity":0,"s:22:13:267:Infinity":1,"f:22:13:22:19":0,"s:23:17:23:Infinity":2,"s:24:20:24:Infinity":3,"s:26:42:26:Infinity":4,"s:27:40:27:Infinity":5,"s:28:38:28:Infinity":6,"s:29:28:29:Infinity":7,"s:30:34:30:Infinity":8,"s:32:46:32:Infinity":9,"s:34:32:36:Infinity":10,"f:34:32:34:33":1,"s:35:8:35:Infinity":11,"s:38:33:58:Infinity":12,"f:38:33:38:45":2,"b:39:8:39:Infinity:undefined:undefined:undefined:undefined":0,"s:39:8:39:Infinity":13,"s:39:30:39:Infinity":14,"s:41:8:57:Infinity":15,"s:42:29:44:Infinity":16,"b:46:12:51:Infinity:49:19:51:Infinity":1,"s:46:12:51:Infinity":17,"s:47:16:47:Infinity":18,"f:47:32:47:40":3,"s:47:40:47:82":19,"f:47:52:47:57":4,"s:47:57:47:81":20,"s:48:16:48:Infinity":21,"s:50:16:50:Infinity":22,"s:53:12:53:Infinity":23,"s:54:12:54:Infinity":24,"s:56:12:56:Infinity":25,"s:60:33:84:Infinity":26,"f:60:33:60:40":5,"b:61:8:64:Infinity:undefined:undefined:undefined:undefined":2,"s:61:8:64:Infinity":27,"b:61:12:61:21:61:21:61:31":3,"s:62:12:62:Infinity":28,"s:63:12:63:Infinity":29,"s:66:8:83:Infinity":30,"s:67:27:67:Infinity":31,"b:67:35:67:44:67:44:67:Infinity":4,"s:68:24:68:Infinity":32,"b:69:12:79:Infinity:77:19:79:Infinity":5,"s:69:12:79:Infinity":33,"s:70:16:75:Infinity":34,"f:70:29:70:37":6,"s:71:36:71:Infinity":35,"b:72:20:73:Infinity:73:25:73:Infinity":6,"s:72:20:73:Infinity":36,"s:72:31:72:Infinity":37,"s:73:25:73:Infinity":38,"s:74:20:74:Infinity":39,"s:76:16:76:Infinity":40,"b:76:38:76:67:76:67:76:91":7,"s:78:16:78:Infinity":41,"s:81:12:81:Infinity":42,"s:82:12:82:Infinity":43,"s:86:33:90:Infinity":44,"f:86:33:86:34":7,"s:88:8:88:Infinity":45,"f:88:24:88:32":8,"s:88:32:88:53":46,"s:89:8:89:Infinity":47,"s:92:4:118:Infinity":48,"f:92:14:92:20":9,"s:93:22:95:Infinity":49,"f:93:34:93:40":10,"s:94:12:94:Infinity":50,"f:94:29:94:30":11,"s:94:30:94:71":51,"s:98:8:104:Infinity":52,"f:99:18:99:25":12,"s:99:25:99:35":53,"f:100:18:100:26":13,"b:101:16:102:Infinity:101:62:102:Infinity":8,"s:101:16:102:Infinity":54,"s:101:34:101:Infinity":55,"b:101:62:102:Infinity:undefined:undefined:undefined:undefined":9,"s:101:62:102:Infinity":56,"s:102:46:102:Infinity":57,"f:104:19:104:26":14,"s:104:26:104:72":58,"b:106:8:115:Infinity:undefined:undefined:undefined:undefined":10,"s:106:8:115:Infinity":59,"b:106:12:106:20:106:20:106:29":11,"s:107:12:114:Infinity":60,"f:108:22:108:29":15,"s:108:29:108:39":61,"f:109:22:109:30":16,"b:110:20:112:Infinity:undefined:undefined:undefined:undefined":12,"s:110:20:112:Infinity":62,"s:111:24:111:Infinity":63,"f:111:54:111:59":17,"s:111:59:111:63":64,"f:114:23:114:30":18,"s:114:30:114:77":65,"s:117:8:117:Infinity":66,"f:117:15:117:21":19,"s:117:21:117:Infinity":67,"s:120:4:265:Infinity":68,"f:137:38:137:39":20,"s:138:24:142:Infinity":69,"b:140:72:140:83:140:83:140:85":13,"f:141:37:141:43":21,"s:141:43:141:Infinity":70,"b:151:21:151:Infinity:152:24:166:Infinity":14,"f:157:42:157:43":22,"s:157:49:157:Infinity":71,"f:171:22:171:28":23,"s:172:47:183:Infinity":72,"f:172:70:172:71":24,"s:173:43:173:Infinity":73,"b:173:43:173:54:173:54:173:65:173:65:173:Infinity":15,"s:174:43:174:Infinity":74,"b:174:43:174:54:174:54:174:65:174:65:174:Infinity":16,"s:175:42:175:Infinity":75,"b:175:42:175:53:175:53:175:63:175:63:175:Infinity":17,"s:176:42:176:Infinity":76,"b:176:42:176:53:176:53:176:63:176:63:176:Infinity":18,"b:178:28:178:Infinity:undefined:undefined:undefined:undefined":19,"s:178:28:178:Infinity":77,"s:178:56:178:Infinity":78,"b:179:28:179:Infinity:undefined:undefined:undefined:undefined":20,"s:179:28:179:Infinity":79,"s:179:57:179:Infinity":80,"b:180:28:180:Infinity:undefined:undefined:undefined:undefined":21,"s:180:28:180:Infinity":81,"s:180:55:180:Infinity":82,"b:181:28:181:Infinity:undefined:undefined:undefined:undefined":22,"s:181:28:181:Infinity":83,"s:181:56:181:Infinity":84,"s:182:28:182:Infinity":85,"s:185:24:198:22":86,"f:185:50:185:51":25,"s:186:24:197:Infinity":87,"b:189:40:189:58:189:58:189:Infinity":23,"b:190:34:190:51:190:51:190:Infinity":24,"b:191:35:191:52:191:52:191:Infinity":25,"b:192:37:192:54:192:54:192:Infinity":26,"f:240:25:240:31":26,"s:240:31:240:Infinity":88,"b:246:13:246:Infinity:247:16:250:Infinity":27,"f:248:29:248:35":27,"s:248:35:248:Infinity":89,"b:253:13:253:Infinity:254:16:263:Infinity":28,"f:259:68:259:74":28,"s:259:74:259:100":90},"fnNames":{}}}
}
