{"C:\\Users\\samuel.dantas\\Downloads\\projeto-eq06\\frontend\\src\\App.jsx": {"path":"C:\\Users\\samuel.dantas\\Downloads\\projeto-eq06\\frontend\\src\\App.jsx","statementMap":{"0":{"start":{"line":5,"column":2},"end":{"line":8,"column":null}}},"fnMap":{"0":{"name":"App","decl":{"start":{"line":3,"column":9},"end":{"line":3,"column":15}},"loc":{"start":{"line":3,"column":15},"end":{"line":11,"column":null}},"line":3}},"branchMap":{},"s":{"0":1},"f":{"0":1},"b":{},"meta":{"lastBranch":0,"lastFunction":1,"lastStatement":1,"seen":{"f:3:9:3:15":0,"s:5:2:8:Infinity":0},"fnNames":{}}}
,"C:\\Users\\samuel.dantas\\Downloads\\projeto-eq06\\frontend\\src\\index.jsx": {"path":"C:\\Users\\samuel.dantas\\Downloads\\projeto-eq06\\frontend\\src\\index.jsx","statementMap":{"0":{"start":{"line":6,"column":13},"end":{"line":6,"column":null}},"1":{"start":{"line":7,"column":0},"end":{"line":11,"column":null}}},"fnMap":{},"branchMap":{},"s":{"0":0,"1":0},"f":{},"b":{},"meta":{"lastBranch":0,"lastFunction":0,"lastStatement":2,"seen":{"s:6:13:6:Infinity":0,"s:7:0:11:Infinity":1},"fnNames":{}}}
,"C:\\Users\\samuel.dantas\\Downloads\\projeto-eq06\\frontend\\src\\components\\Button\\Button.jsx": {"path":"C:\\Users\\samuel.dantas\\Downloads\\projeto-eq06\\frontend\\src\\components\\Button\\Button.jsx","statementMap":{"0":{"start":{"line":11,"column":2},"end":{"line":20,"column":null}}},"fnMap":{"0":{"name":"Button","decl":{"start":{"line":3,"column":9},"end":{"line":3,"column":16}},"loc":{"start":{"line":10,"column":3},"end":{"line":22,"column":null}},"line":10}},"branchMap":{"0":{"loc":{"start":{"line":7,"column":2},"end":{"line":7,"column":null}},"type":"default-arg","locations":[{"start":{"line":7,"column":12},"end":{"line":7,"column":null}}],"line":7},"1":{"loc":{"start":{"line":8,"column":2},"end":{"line":8,"column":null}},"type":"default-arg","locations":[{"start":{"line":8,"column":12},"end":{"line":8,"column":null}}],"line":8},"2":{"loc":{"start":{"line":18,"column":7},"end":{"line":18,"column":null}},"type":"binary-expr","locations":[{"start":{"line":18,"column":7},"end":{"line":18,"column":20}},{"start":{"line":18,"column":20},"end":{"line":18,"column":null}}],"line":18}},"s":{"0":196},"f":{"0":196},"b":{"0":[196],"1":[196],"2":[196,1]},"meta":{"lastBranch":3,"lastFunction":1,"lastStatement":1,"seen":{"f:3:9:3:16":0,"b:7:12:7:Infinity":0,"b:8:12:8:Infinity":1,"s:11:2:20:Infinity":0,"b:18:7:18:20:18:20:18:Infinity":2},"fnNames":{}}}
,"C:\\Users\\samuel.dantas\\Downloads\\projeto-eq06\\frontend\\src\\components\\Card\\Card.jsx": {"path":"C:\\Users\\samuel.dantas\\Downloads\\projeto-eq06\\frontend\\src\\components\\Card\\Card.jsx","statementMap":{"0":{"start":{"line":18,"column":27},"end":{"line":21,"column":null}},"1":{"start":{"line":23,"column":22},"end":{"line":23,"column":null}},"2":{"start":{"line":25,"column":4},"end":{"line":55,"column":null}},"3":{"start":{"line":30,"column":104},"end":{"line":30,"column":null}},"4":{"start":{"line":34,"column":108},"end":{"line":34,"column":null}}},"fnMap":{"0":{"name":"Card","decl":{"start":{"line":7,"column":9},"end":{"line":7,"column":14}},"loc":{"start":{"line":17,"column":3},"end":{"line":57,"column":null}},"line":17},"1":{"name":"(anonymous_1)","decl":{"start":{"line":30,"column":98},"end":{"line":30,"column":104}},"loc":{"start":{"line":30,"column":104},"end":{"line":30,"column":null}},"line":30},"2":{"name":"(anonymous_2)","decl":{"start":{"line":34,"column":102},"end":{"line":34,"column":108}},"loc":{"start":{"line":34,"column":108},"end":{"line":34,"column":null}},"line":34}},"branchMap":{"0":{"loc":{"start":{"line":29,"column":21},"end":{"line":32,"column":null}},"type":"binary-expr","locations":[{"start":{"line":29,"column":21},"end":{"line":29,"column":null}},{"start":{"line":30,"column":24},"end":{"line":32,"column":null}}],"line":29},"1":{"loc":{"start":{"line":34,"column":108},"end":{"line":34,"column":null}},"type":"binary-expr","locations":[{"start":{"line":34,"column":108},"end":{"line":34,"column":128}},{"start":{"line":34,"column":128},"end":{"line":34,"column":null}}],"line":34},"2":{"loc":{"start":{"line":35,"column":25},"end":{"line":35,"column":null}},"type":"cond-expr","locations":[{"start":{"line":35,"column":38},"end":{"line":35,"column":90}},{"start":{"line":35,"column":90},"end":{"line":35,"column":null}}],"line":35}},"s":{"0":30,"1":30,"2":30,"3":4,"4":6},"f":{"0":30,"1":4,"2":6},"b":{"0":[30,8],"1":[6,5],"2":[2,28]},"meta":{"lastBranch":3,"lastFunction":3,"lastStatement":5,"seen":{"f:7:9:7:14":0,"s:18:27:21:Infinity":0,"s:23:22:23:Infinity":1,"s:25:4:55:Infinity":2,"b:29:21:29:Infinity:30:24:32:Infinity":0,"f:30:98:30:104":1,"s:30:104:30:Infinity":3,"f:34:102:34:108":2,"s:34:108:34:Infinity":4,"b:34:108:34:128:34:128:34:Infinity":1,"b:35:38:35:90:35:90:35:Infinity":2},"fnNames":{}}}
,"C:\\Users\\samuel.dantas\\Downloads\\projeto-eq06\\frontend\\src\\components\\CarouselProduct\\ProductCarousel.jsx": {"path":"C:\\Users\\samuel.dantas\\Downloads\\projeto-eq06\\frontend\\src\\components\\CarouselProduct\\ProductCarousel.jsx","statementMap":{"0":{"start":{"line":7,"column":38},"end":{"line":7,"column":null}},"1":{"start":{"line":8,"column":22},"end":{"line":8,"column":null}},"2":{"start":{"line":10,"column":20},"end":{"line":12,"column":null}},"3":{"start":{"line":11,"column":4},"end":{"line":11,"column":null}},"4":{"start":{"line":11,"column":31},"end":{"line":11,"column":71}},"5":{"start":{"line":14,"column":21},"end":{"line":16,"column":null}},"6":{"start":{"line":15,"column":4},"end":{"line":15,"column":null}},"7":{"start":{"line":15,"column":31},"end":{"line":15,"column":71}},"8":{"start":{"line":18,"column":2},"end":{"line":18,"column":null}},"9":{"start":{"line":18,"column":20},"end":{"line":18,"column":null}},"10":{"start":{"line":20,"column":2},"end":{"line":48,"column":null}}},"fnMap":{"0":{"name":"ProductCarousel","decl":{"start":{"line":6,"column":9},"end":{"line":6,"column":25}},"loc":{"start":{"line":6,"column":55},"end":{"line":50,"column":null}},"line":6},"1":{"name":"(anonymous_1)","decl":{"start":{"line":10,"column":20},"end":{"line":10,"column":26}},"loc":{"start":{"line":10,"column":26},"end":{"line":12,"column":null}},"line":10},"2":{"name":"(anonymous_2)","decl":{"start":{"line":11,"column":20},"end":{"line":11,"column":21}},"loc":{"start":{"line":11,"column":31},"end":{"line":11,"column":71}},"line":11},"3":{"name":"(anonymous_3)","decl":{"start":{"line":14,"column":21},"end":{"line":14,"column":27}},"loc":{"start":{"line":14,"column":27},"end":{"line":16,"column":null}},"line":14},"4":{"name":"(anonymous_4)","decl":{"start":{"line":15,"column":20},"end":{"line":15,"column":21}},"loc":{"start":{"line":15,"column":31},"end":{"line":15,"column":71}},"line":15}},"branchMap":{"0":{"loc":{"start":{"line":6,"column":27},"end":{"line":6,"column":52}},"type":"default-arg","locations":[{"start":{"line":6,"column":37},"end":{"line":6,"column":52}}],"line":6},"1":{"loc":{"start":{"line":11,"column":31},"end":{"line":11,"column":71}},"type":"cond-expr","locations":[{"start":{"line":11,"column":44},"end":{"line":11,"column":62}},{"start":{"line":11,"column":62},"end":{"line":11,"column":71}}],"line":11},"2":{"loc":{"start":{"line":15,"column":31},"end":{"line":15,"column":71}},"type":"cond-expr","locations":[{"start":{"line":15,"column":58},"end":{"line":15,"column":62}},{"start":{"line":15,"column":62},"end":{"line":15,"column":71}}],"line":15},"3":{"loc":{"start":{"line":18,"column":2},"end":{"line":18,"column":null}},"type":"if","locations":[{"start":{"line":18,"column":2},"end":{"line":18,"column":null}},{"start":{},"end":{}}],"line":18}},"s":{"0":13,"1":13,"2":13,"3":2,"4":2,"5":13,"6":5,"7":5,"8":13,"9":1,"10":12},"f":{"0":13,"1":2,"2":2,"3":5,"4":5},"b":{"0":[13],"1":[1,1],"2":[1,4],"3":[1,12]},"meta":{"lastBranch":4,"lastFunction":5,"lastStatement":11,"seen":{"f:6:9:6:25":0,"b:6:37:6:52":0,"s:7:38:7:Infinity":0,"s:8:22:8:Infinity":1,"s:10:20:12:Infinity":2,"f:10:20:10:26":1,"s:11:4:11:Infinity":3,"f:11:20:11:21":2,"s:11:31:11:71":4,"b:11:44:11:62:11:62:11:71":1,"s:14:21:16:Infinity":5,"f:14:21:14:27":3,"s:15:4:15:Infinity":6,"f:15:20:15:21":4,"s:15:31:15:71":7,"b:15:58:15:62:15:62:15:71":2,"b:18:2:18:Infinity:undefined:undefined:undefined:undefined":3,"s:18:2:18:Infinity":8,"s:18:20:18:Infinity":9,"s:20:2:48:Infinity":10},"fnNames":{}}}
,"C:\\Users\\samuel.dantas\\Downloads\\projeto-eq06\\frontend\\src\\components\\Header\\Header.jsx": {"path":"C:\\Users\\samuel.dantas\\Downloads\\projeto-eq06\\frontend\\src\\components\\Header\\Header.jsx","statementMap":{"0":{"start":{"line":11,"column":25},"end":{"line":11,"column":null}},"1":{"start":{"line":12,"column":10},"end":{"line":12,"column":null}},"2":{"start":{"line":14,"column":25},"end":{"line":17,"column":null}},"3":{"start":{"line":15,"column":8},"end":{"line":15,"column":null}},"4":{"start":{"line":16,"column":8},"end":{"line":16,"column":null}},"5":{"start":{"line":19,"column":4},"end":{"line":77,"column":null}}},"fnMap":{"0":{"name":"Header","decl":{"start":{"line":10,"column":9},"end":{"line":10,"column":18}},"loc":{"start":{"line":10,"column":18},"end":{"line":79,"column":null}},"line":10},"1":{"name":"(anonymous_1)","decl":{"start":{"line":14,"column":25},"end":{"line":14,"column":31}},"loc":{"start":{"line":14,"column":31},"end":{"line":17,"column":null}},"line":14}},"branchMap":{"0":{"loc":{"start":{"line":31,"column":17},"end":{"line":74,"column":null}},"type":"cond-expr","locations":[{"start":{"line":32,"column":20},"end":{"line":47,"column":null}},{"start":{"line":49,"column":20},"end":{"line":74,"column":null}}],"line":31},"1":{"loc":{"start":{"line":57,"column":29},"end":{"line":65,"column":null}},"type":"binary-expr","locations":[{"start":{"line":57,"column":29},"end":{"line":57,"column":null}},{"start":{"line":58,"column":32},"end":{"line":65,"column":null}}],"line":57}},"s":{"0":96,"1":96,"2":96,"3":1,"4":1,"5":96},"f":{"0":96,"1":1},"b":{"0":[16,80],"1":[80,25]},"meta":{"lastBranch":2,"lastFunction":2,"lastStatement":6,"seen":{"f:10:9:10:18":0,"s:11:25:11:Infinity":0,"s:12:10:12:Infinity":1,"s:14:25:17:Infinity":2,"f:14:25:14:31":1,"s:15:8:15:Infinity":3,"s:16:8:16:Infinity":4,"s:19:4:77:Infinity":5,"b:32:20:47:Infinity:49:20:74:Infinity":0,"b:57:29:57:Infinity:58:32:65:Infinity":1},"fnNames":{}}}
,"C:\\Users\\samuel.dantas\\Downloads\\projeto-eq06\\frontend\\src\\components\\ProdutoModal\\ProdutoModal.jsx": {"path":"C:\\Users\\samuel.dantas\\Downloads\\projeto-eq06\\frontend\\src\\components\\ProdutoModal\\ProdutoModal.jsx","statementMap":{"0":{"start":{"line":8,"column":22},"end":{"line":8,"column":null}},"1":{"start":{"line":9,"column":32},"end":{"line":9,"column":null}},"2":{"start":{"line":10,"column":24},"end":{"line":10,"column":null}},"3":{"start":{"line":11,"column":26},"end":{"line":11,"column":null}},"4":{"start":{"line":12,"column":32},"end":{"line":12,"column":null}},"5":{"start":{"line":13,"column":15},"end":{"line":13,"column":null}},"6":{"start":{"line":15,"column":23},"end":{"line":55,"column":null}},"7":{"start":{"line":16,"column":4},"end":{"line":16,"column":null}},"8":{"start":{"line":18,"column":4},"end":{"line":21,"column":null}},"9":{"start":{"line":19,"column":6},"end":{"line":19,"column":null}},"10":{"start":{"line":20,"column":6},"end":{"line":20,"column":null}},"11":{"start":{"line":23,"column":4},"end":{"line":23,"column":null}},"12":{"start":{"line":25,"column":4},"end":{"line":54,"column":null}},"13":{"start":{"line":26,"column":23},"end":{"line":38,"column":null}},"14":{"start":{"line":40,"column":6},"end":{"line":48,"column":null}},"15":{"start":{"line":41,"column":27},"end":{"line":41,"column":null}},"16":{"start":{"line":42,"column":8},"end":{"line":42,"column":null}},"17":{"start":{"line":43,"column":8},"end":{"line":43,"column":null}},"18":{"start":{"line":44,"column":6},"end":{"line":48,"column":null}},"19":{"start":{"line":45,"column":8},"end":{"line":45,"column":null}},"20":{"start":{"line":47,"column":8},"end":{"line":47,"column":null}},"21":{"start":{"line":50,"column":6},"end":{"line":50,"column":null}},"22":{"start":{"line":51,"column":6},"end":{"line":51,"column":null}},"23":{"start":{"line":53,"column":6},"end":{"line":53,"column":null}},"24":{"start":{"line":57,"column":2},"end":{"line":123,"column":null}},"25":{"start":{"line":59,"column":53},"end":{"line":59,"column":null}},"26":{"start":{"line":70,"column":31},"end":{"line":70,"column":null}},"27":{"start":{"line":82,"column":31},"end":{"line":82,"column":null}},"28":{"start":{"line":92,"column":31},"end":{"line":92,"column":null}},"29":{"start":{"line":103,"column":31},"end":{"line":103,"column":null}}},"fnMap":{"0":{"name":"ProdutoModal","decl":{"start":{"line":7,"column":24},"end":{"line":7,"column":37}},"loc":{"start":{"line":7,"column":68},"end":{"line":125,"column":null}},"line":7},"1":{"name":"(anonymous_1)","decl":{"start":{"line":15,"column":23},"end":{"line":15,"column":30}},"loc":{"start":{"line":15,"column":36},"end":{"line":55,"column":null}},"line":15},"2":{"name":"(anonymous_2)","decl":{"start":{"line":59,"column":46},"end":{"line":59,"column":47}},"loc":{"start":{"line":59,"column":53},"end":{"line":59,"column":null}},"line":59},"3":{"name":"(anonymous_3)","decl":{"start":{"line":70,"column":24},"end":{"line":70,"column":25}},"loc":{"start":{"line":70,"column":31},"end":{"line":70,"column":null}},"line":70},"4":{"name":"(anonymous_4)","decl":{"start":{"line":82,"column":24},"end":{"line":82,"column":25}},"loc":{"start":{"line":82,"column":31},"end":{"line":82,"column":null}},"line":82},"5":{"name":"(anonymous_5)","decl":{"start":{"line":92,"column":24},"end":{"line":92,"column":25}},"loc":{"start":{"line":92,"column":31},"end":{"line":92,"column":null}},"line":92},"6":{"name":"(anonymous_6)","decl":{"start":{"line":103,"column":24},"end":{"line":103,"column":25}},"loc":{"start":{"line":103,"column":31},"end":{"line":103,"column":null}},"line":103}},"branchMap":{"0":{"loc":{"start":{"line":18,"column":4},"end":{"line":21,"column":null}},"type":"if","locations":[{"start":{"line":18,"column":4},"end":{"line":21,"column":null}},{"start":{},"end":{}}],"line":18},"1":{"loc":{"start":{"line":18,"column":8},"end":{"line":18,"column":25}},"type":"binary-expr","locations":[{"start":{"line":18,"column":8},"end":{"line":18,"column":17}},{"start":{"line":18,"column":17},"end":{"line":18,"column":25}}],"line":18},"2":{"loc":{"start":{"line":30,"column":28},"end":{"line":30,"column":null}},"type":"binary-expr","locations":[{"start":{"line":30,"column":28},"end":{"line":30,"column":43}},{"start":{"line":30,"column":43},"end":{"line":30,"column":null}}],"line":30},"3":{"loc":{"start":{"line":36,"column":18},"end":{"line":36,"column":null}},"type":"binary-expr","locations":[{"start":{"line":36,"column":18},"end":{"line":36,"column":28}},{"start":{"line":36,"column":28},"end":{"line":36,"column":null}}],"line":36},"4":{"loc":{"start":{"line":40,"column":6},"end":{"line":48,"column":null}},"type":"if","locations":[{"start":{"line":40,"column":6},"end":{"line":48,"column":null}},{"start":{"line":44,"column":6},"end":{"line":48,"column":null}}],"line":40},"5":{"loc":{"start":{"line":44,"column":6},"end":{"line":48,"column":null}},"type":"if","locations":[{"start":{"line":44,"column":6},"end":{"line":48,"column":null}},{"start":{"line":46,"column":13},"end":{"line":48,"column":null}}],"line":44},"6":{"loc":{"start":{"line":116,"column":23},"end":{"line":116,"column":null}},"type":"cond-expr","locations":[{"start":{"line":116,"column":35},"end":{"line":116,"column":51}},{"start":{"line":116,"column":51},"end":{"line":116,"column":null}}],"line":116}},"s":{"0":23,"1":23,"2":23,"3":23,"4":23,"5":23,"6":23,"7":5,"8":5,"9":1,"10":1,"11":4,"12":4,"13":4,"14":3,"15":1,"16":1,"17":1,"18":2,"19":1,"20":1,"21":1,"22":1,"23":4,"24":23,"25":5,"26":4,"27":4,"28":0,"29":0},"f":{"0":23,"1":5,"2":5,"3":4,"4":4,"5":0,"6":0},"b":{"0":[1,4],"1":[5,4],"2":[4,0],"3":[5,4],"4":[1,2],"5":[1,1],"6":[4,19]},"meta":{"lastBranch":7,"lastFunction":7,"lastStatement":30,"seen":{"f:7:24:7:37":0,"s:8:22:8:Infinity":0,"s:9:32:9:Infinity":1,"s:10:24:10:Infinity":2,"s:11:26:11:Infinity":3,"s:12:32:12:Infinity":4,"s:13:15:13:Infinity":5,"s:15:23:55:Infinity":6,"f:15:23:15:30":1,"s:16:4:16:Infinity":7,"b:18:4:21:Infinity:undefined:undefined:undefined:undefined":0,"s:18:4:21:Infinity":8,"b:18:8:18:17:18:17:18:25":1,"s:19:6:19:Infinity":9,"s:20:6:20:Infinity":10,"s:23:4:23:Infinity":11,"s:25:4:54:Infinity":12,"s:26:23:38:Infinity":13,"b:30:28:30:43:30:43:30:Infinity":2,"b:36:18:36:28:36:28:36:Infinity":3,"b:40:6:48:Infinity:44:6:48:Infinity":4,"s:40:6:48:Infinity":14,"s:41:27:41:Infinity":15,"s:42:8:42:Infinity":16,"s:43:8:43:Infinity":17,"b:44:6:48:Infinity:46:13:48:Infinity":5,"s:44:6:48:Infinity":18,"s:45:8:45:Infinity":19,"s:47:8:47:Infinity":20,"s:50:6:50:Infinity":21,"s:51:6:51:Infinity":22,"s:53:6:53:Infinity":23,"s:57:2:123:Infinity":24,"f:59:46:59:47":2,"s:59:53:59:Infinity":25,"f:70:24:70:25":3,"s:70:31:70:Infinity":26,"f:82:24:82:25":4,"s:82:31:82:Infinity":27,"f:92:24:92:25":5,"s:92:31:92:Infinity":28,"f:103:24:103:25":6,"s:103:31:103:Infinity":29,"b:116:35:116:51:116:51:116:Infinity":6},"fnNames":{}}}
,"C:\\Users\\samuel.dantas\\Downloads\\projeto-eq06\\frontend\\src\\context\\AuthContext.jsx": {"path":"C:\\Users\\samuel.dantas\\Downloads\\projeto-eq06\\frontend\\src\\context\\AuthContext.jsx","statementMap":{"0":{"start":{"line":3,"column":13},"end":{"line":3,"column":null}},"1":{"start":{"line":5,"column":28},"end":{"line":44,"column":null}},"2":{"start":{"line":6,"column":22},"end":{"line":6,"column":null}},"3":{"start":{"line":8,"column":2},"end":{"line":27,"column":null}},"4":{"start":{"line":10,"column":18},"end":{"line":10,"column":null}},"5":{"start":{"line":11,"column":4},"end":{"line":21,"column":null}},"6":{"start":{"line":12,"column":27},"end":{"line":19,"column":null}},"7":{"start":{"line":20,"column":6},"end":{"line":20,"column":null}},"8":{"start":{"line":23,"column":22},"end":{"line":23,"column":null}},"9":{"start":{"line":24,"column":4},"end":{"line":26,"column":null}},"10":{"start":{"line":25,"column":6},"end":{"line":25,"column":null}},"11":{"start":{"line":29,"column":16},"end":{"line":32,"column":null}},"12":{"start":{"line":30,"column":4},"end":{"line":30,"column":null}},"13":{"start":{"line":31,"column":4},"end":{"line":31,"column":null}},"14":{"start":{"line":34,"column":17},"end":{"line":37,"column":null}},"15":{"start":{"line":35,"column":4},"end":{"line":35,"column":null}},"16":{"start":{"line":36,"column":4},"end":{"line":36,"column":null}},"17":{"start":{"line":39,"column":2},"end":{"line":42,"column":null}}},"fnMap":{"0":{"name":"(anonymous_0)","decl":{"start":{"line":5,"column":28},"end":{"line":5,"column":29}},"loc":{"start":{"line":5,"column":46},"end":{"line":44,"column":null}},"line":5},"1":{"name":"(anonymous_1)","decl":{"start":{"line":8,"column":12},"end":{"line":8,"column":18}},"loc":{"start":{"line":8,"column":18},"end":{"line":27,"column":5}},"line":8},"2":{"name":"(anonymous_2)","decl":{"start":{"line":29,"column":16},"end":{"line":29,"column":17}},"loc":{"start":{"line":29,"column":30},"end":{"line":32,"column":null}},"line":29},"3":{"name":"(anonymous_3)","decl":{"start":{"line":34,"column":17},"end":{"line":34,"column":23}},"loc":{"start":{"line":34,"column":23},"end":{"line":37,"column":null}},"line":34}},"branchMap":{"0":{"loc":{"start":{"line":11,"column":4},"end":{"line":21,"column":null}},"type":"if","locations":[{"start":{"line":11,"column":4},"end":{"line":21,"column":null}},{"start":{},"end":{}}],"line":11},"1":{"loc":{"start":{"line":24,"column":4},"end":{"line":26,"column":null}},"type":"if","locations":[{"start":{"line":24,"column":4},"end":{"line":26,"column":null}},{"start":{},"end":{}}],"line":24}},"s":{"0":11,"1":11,"2":9,"3":9,"4":5,"5":5,"6":5,"7":5,"8":5,"9":5,"10":2,"11":9,"12":1,"13":1,"14":9,"15":1,"16":1,"17":9},"f":{"0":9,"1":5,"2":1,"3":1},"b":{"0":[5,0],"1":[2,3]},"meta":{"lastBranch":2,"lastFunction":4,"lastStatement":18,"seen":{"s:3:13:3:Infinity":0,"s:5:28:44:Infinity":1,"f:5:28:5:29":0,"s:6:22:6:Infinity":2,"s:8:2:27:Infinity":3,"f:8:12:8:18":1,"s:10:18:10:Infinity":4,"b:11:4:21:Infinity:undefined:undefined:undefined:undefined":0,"s:11:4:21:Infinity":5,"s:12:27:19:Infinity":6,"s:20:6:20:Infinity":7,"s:23:22:23:Infinity":8,"b:24:4:26:Infinity:undefined:undefined:undefined:undefined":1,"s:24:4:26:Infinity":9,"s:25:6:25:Infinity":10,"s:29:16:32:Infinity":11,"f:29:16:29:17":2,"s:30:4:30:Infinity":12,"s:31:4:31:Infinity":13,"s:34:17:37:Infinity":14,"f:34:17:34:23":3,"s:35:4:35:Infinity":15,"s:36:4:36:Infinity":16,"s:39:2:42:Infinity":17},"fnNames":{}}}
,"C:\\Users\\samuel.dantas\\Downloads\\projeto-eq06\\frontend\\src\\routes\\RoutesApp.jsx": {"path":"C:\\Users\\samuel.dantas\\Downloads\\projeto-eq06\\frontend\\src\\routes\\RoutesApp.jsx","statementMap":{"0":{"start":{"line":15,"column":18},"end":{"line":34,"column":null}},"1":{"start":{"line":16,"column":3},"end":{"line":32,"column":null}}},"fnMap":{"0":{"name":"(anonymous_0)","decl":{"start":{"line":15,"column":18},"end":{"line":15,"column":24}},"loc":{"start":{"line":15,"column":24},"end":{"line":34,"column":null}},"line":15}},"branchMap":{},"s":{"0":1,"1":1},"f":{"0":1},"b":{},"meta":{"lastBranch":0,"lastFunction":1,"lastStatement":2,"seen":{"s:15:18:34:Infinity":0,"f:15:18:15:24":0,"s:16:3:32:Infinity":1},"fnNames":{}}}
,"C:\\Users\\samuel.dantas\\Downloads\\projeto-eq06\\frontend\\src\\screens\\AdminChat\\AdminChat.jsx": {"path":"C:\\Users\\samuel.dantas\\Downloads\\projeto-eq06\\frontend\\src\\screens\\AdminChat\\AdminChat.jsx","statementMap":{"0":{"start":{"line":9,"column":18},"end":{"line":146,"column":null}},"1":{"start":{"line":10,"column":8},"end":{"line":10,"column":null}},"2":{"start":{"line":11,"column":15},"end":{"line":11,"column":null}},"3":{"start":{"line":13,"column":38},"end":{"line":13,"column":null}},"4":{"start":{"line":14,"column":30},"end":{"line":22,"column":null}},"5":{"start":{"line":23,"column":8},"end":{"line":23,"column":null}},"6":{"start":{"line":25,"column":25},"end":{"line":27,"column":null}},"7":{"start":{"line":26,"column":4},"end":{"line":26,"column":null}},"8":{"start":{"line":29,"column":2},"end":{"line":31,"column":null}},"9":{"start":{"line":30,"column":4},"end":{"line":30,"column":null}},"10":{"start":{"line":34,"column":2},"end":{"line":38,"column":null}},"11":{"start":{"line":35,"column":4},"end":{"line":37,"column":null}},"12":{"start":{"line":36,"column":6},"end":{"line":36,"column":null}},"13":{"start":{"line":40,"column":23},"end":{"line":95,"column":null}},"14":{"start":{"line":41,"column":4},"end":{"line":41,"column":null}},"15":{"start":{"line":42,"column":27},"end":{"line":42,"column":null}},"16":{"start":{"line":43,"column":4},"end":{"line":45,"column":null}},"17":{"start":{"line":44,"column":6},"end":{"line":44,"column":null}},"18":{"start":{"line":47,"column":23},"end":{"line":56,"column":null}},"19":{"start":{"line":58,"column":4},"end":{"line":58,"column":null}},"20":{"start":{"line":58,"column":34},"end":{"line":58,"column":63}},"21":{"start":{"line":59,"column":4},"end":{"line":59,"column":null}},"22":{"start":{"line":61,"column":4},"end":{"line":94,"column":null}},"23":{"start":{"line":62,"column":23},"end":{"line":66,"column":null}},"24":{"start":{"line":68,"column":6},"end":{"line":83,"column":null}},"25":{"start":{"line":69,"column":21},"end":{"line":69,"column":null}},"26":{"start":{"line":70,"column":29},"end":{"line":79,"column":null}},"27":{"start":{"line":80,"column":8},"end":{"line":80,"column":null}},"28":{"start":{"line":80,"column":38},"end":{"line":80,"column":69}},"29":{"start":{"line":82,"column":8},"end":{"line":82,"column":null}},"30":{"start":{"line":85,"column":6},"end":{"line":85,"column":null}},"31":{"start":{"line":86,"column":27},"end":{"line":92,"column":null}},"32":{"start":{"line":93,"column":6},"end":{"line":93,"column":null}},"33":{"start":{"line":93,"column":36},"end":{"line":93,"column":67}},"34":{"start":{"line":97,"column":2},"end":{"line":144,"column":null}},"35":{"start":{"line":103,"column":77},"end":{"line":103,"column":91}},"36":{"start":{"line":118,"column":16},"end":{"line":127,"column":null}},"37":{"start":{"line":137,"column":37},"end":{"line":137,"column":null}}},"fnMap":{"0":{"name":"(anonymous_0)","decl":{"start":{"line":9,"column":18},"end":{"line":9,"column":24}},"loc":{"start":{"line":9,"column":24},"end":{"line":146,"column":null}},"line":9},"1":{"name":"(anonymous_1)","decl":{"start":{"line":25,"column":25},"end":{"line":25,"column":31}},"loc":{"start":{"line":25,"column":31},"end":{"line":27,"column":null}},"line":25},"2":{"name":"(anonymous_2)","decl":{"start":{"line":29,"column":12},"end":{"line":29,"column":18}},"loc":{"start":{"line":29,"column":18},"end":{"line":31,"column":5}},"line":29},"3":{"name":"(anonymous_3)","decl":{"start":{"line":34,"column":12},"end":{"line":34,"column":18}},"loc":{"start":{"line":34,"column":18},"end":{"line":38,"column":5}},"line":34},"4":{"name":"(anonymous_4)","decl":{"start":{"line":40,"column":23},"end":{"line":40,"column":30}},"loc":{"start":{"line":40,"column":40},"end":{"line":95,"column":null}},"line":40},"5":{"name":"(anonymous_5)","decl":{"start":{"line":58,"column":16},"end":{"line":58,"column":17}},"loc":{"start":{"line":58,"column":34},"end":{"line":58,"column":63}},"line":58},"6":{"name":"(anonymous_6)","decl":{"start":{"line":80,"column":20},"end":{"line":80,"column":21}},"loc":{"start":{"line":80,"column":38},"end":{"line":80,"column":69}},"line":80},"7":{"name":"(anonymous_7)","decl":{"start":{"line":93,"column":18},"end":{"line":93,"column":19}},"loc":{"start":{"line":93,"column":36},"end":{"line":93,"column":67}},"line":93},"8":{"name":"(anonymous_8)","decl":{"start":{"line":103,"column":71},"end":{"line":103,"column":77}},"loc":{"start":{"line":103,"column":77},"end":{"line":103,"column":91}},"line":103},"9":{"name":"(anonymous_9)","decl":{"start":{"line":117,"column":28},"end":{"line":117,"column":29}},"loc":{"start":{"line":118,"column":16},"end":{"line":127,"column":null}},"line":118},"10":{"name":"(anonymous_10)","decl":{"start":{"line":137,"column":26},"end":{"line":137,"column":27}},"loc":{"start":{"line":137,"column":37},"end":{"line":137,"column":null}},"line":137}},"branchMap":{"0":{"loc":{"start":{"line":35,"column":4},"end":{"line":37,"column":null}},"type":"if","locations":[{"start":{"line":35,"column":4},"end":{"line":37,"column":null}},{"start":{},"end":{}}],"line":35},"1":{"loc":{"start":{"line":35,"column":8},"end":{"line":35,"column":76}},"type":"binary-expr","locations":[{"start":{"line":35,"column":8},"end":{"line":35,"column":16}},{"start":{"line":35,"column":16},"end":{"line":35,"column":52}},{"start":{"line":35,"column":52},"end":{"line":35,"column":76}}],"line":35},"2":{"loc":{"start":{"line":43,"column":4},"end":{"line":45,"column":null}},"type":"if","locations":[{"start":{"line":43,"column":4},"end":{"line":45,"column":null}},{"start":{},"end":{}}],"line":43},"3":{"loc":{"start":{"line":68,"column":6},"end":{"line":83,"column":null}},"type":"if","locations":[{"start":{"line":68,"column":6},"end":{"line":83,"column":null}},{"start":{"line":81,"column":13},"end":{"line":83,"column":null}}],"line":68}},"s":{"0":2,"1":11,"2":11,"3":11,"4":11,"5":11,"6":11,"7":9,"8":11,"9":9,"10":11,"11":5,"12":1,"13":11,"14":2,"15":2,"16":2,"17":0,"18":2,"19":2,"20":2,"21":2,"22":2,"23":2,"24":1,"25":1,"26":1,"27":1,"28":1,"29":0,"30":1,"31":1,"32":1,"33":1,"34":11,"35":1,"36":17,"37":2},"f":{"0":11,"1":9,"2":9,"3":5,"4":2,"5":2,"6":1,"7":1,"8":1,"9":17,"10":2},"b":{"0":[1,4],"1":[5,5,5],"2":[0,2],"3":[1,0]},"meta":{"lastBranch":4,"lastFunction":11,"lastStatement":38,"seen":{"s:9:18:146:Infinity":0,"f:9:18:9:24":0,"s:10:8:10:Infinity":1,"s:11:15:11:Infinity":2,"s:13:38:13:Infinity":3,"s:14:30:22:Infinity":4,"s:23:8:23:Infinity":5,"s:25:25:27:Infinity":6,"f:25:25:25:31":1,"s:26:4:26:Infinity":7,"s:29:2:31:Infinity":8,"f:29:12:29:18":2,"s:30:4:30:Infinity":9,"s:34:2:38:Infinity":10,"f:34:12:34:18":3,"b:35:4:37:Infinity:undefined:undefined:undefined:undefined":0,"s:35:4:37:Infinity":11,"b:35:8:35:16:35:16:35:52:35:52:35:76":1,"s:36:6:36:Infinity":12,"s:40:23:95:Infinity":13,"f:40:23:40:30":4,"s:41:4:41:Infinity":14,"s:42:27:42:Infinity":15,"b:43:4:45:Infinity:undefined:undefined:undefined:undefined":2,"s:43:4:45:Infinity":16,"s:44:6:44:Infinity":17,"s:47:23:56:Infinity":18,"s:58:4:58:Infinity":19,"f:58:16:58:17":5,"s:58:34:58:63":20,"s:59:4:59:Infinity":21,"s:61:4:94:Infinity":22,"s:62:23:66:Infinity":23,"b:68:6:83:Infinity:81:13:83:Infinity":3,"s:68:6:83:Infinity":24,"s:69:21:69:Infinity":25,"s:70:29:79:Infinity":26,"s:80:8:80:Infinity":27,"f:80:20:80:21":6,"s:80:38:80:69":28,"s:82:8:82:Infinity":29,"s:85:6:85:Infinity":30,"s:86:27:92:Infinity":31,"s:93:6:93:Infinity":32,"f:93:18:93:19":7,"s:93:36:93:67":33,"s:97:2:144:Infinity":34,"f:103:71:103:77":8,"s:103:77:103:91":35,"f:117:28:117:29":9,"s:118:16:127:Infinity":36,"f:137:26:137:27":10,"s:137:37:137:Infinity":37},"fnNames":{}}}
,"C:\\Users\\samuel.dantas\\Downloads\\projeto-eq06\\frontend\\src\\screens\\Audit\\Audit.jsx": {"path":"C:\\Users\\samuel.dantas\\Downloads\\projeto-eq06\\frontend\\src\\screens\\Audit\\Audit.jsx","statementMap":{"0":{"start":{"line":8,"column":24},"end":{"line":8,"column":null}},"1":{"start":{"line":9,"column":30},"end":{"line":9,"column":null}},"2":{"start":{"line":10,"column":17},"end":{"line":10,"column":null}},"3":{"start":{"line":11,"column":10},"end":{"line":11,"column":null}},"4":{"start":{"line":13,"column":4},"end":{"line":20,"column":null}},"5":{"start":{"line":15,"column":8},"end":{"line":19,"column":null}},"6":{"start":{"line":16,"column":12},"end":{"line":16,"column":null}},"7":{"start":{"line":18,"column":12},"end":{"line":18,"column":null}},"8":{"start":{"line":22,"column":22},"end":{"line":34,"column":null}},"9":{"start":{"line":23,"column":8},"end":{"line":33,"column":null}},"10":{"start":{"line":24,"column":29},"end":{"line":24,"column":null}},"11":{"start":{"line":25,"column":12},"end":{"line":28,"column":null}},"12":{"start":{"line":26,"column":29},"end":{"line":26,"column":null}},"13":{"start":{"line":27,"column":16},"end":{"line":27,"column":null}},"14":{"start":{"line":30,"column":12},"end":{"line":30,"column":null}},"15":{"start":{"line":32,"column":12},"end":{"line":32,"column":null}},"16":{"start":{"line":36,"column":4},"end":{"line":83,"column":null}},"17":{"start":{"line":60,"column":36},"end":{"line":71,"column":null}}},"fnMap":{"0":{"name":"Audit","decl":{"start":{"line":7,"column":24},"end":{"line":7,"column":32}},"loc":{"start":{"line":7,"column":32},"end":{"line":85,"column":null}},"line":7},"1":{"name":"(anonymous_1)","decl":{"start":{"line":13,"column":14},"end":{"line":13,"column":20}},"loc":{"start":{"line":13,"column":20},"end":{"line":20,"column":7}},"line":13},"2":{"name":"(anonymous_2)","decl":{"start":{"line":22,"column":22},"end":{"line":22,"column":34}},"loc":{"start":{"line":22,"column":34},"end":{"line":34,"column":null}},"line":22},"3":{"name":"(anonymous_3)","decl":{"start":{"line":59,"column":42},"end":{"line":59,"column":43}},"loc":{"start":{"line":60,"column":36},"end":{"line":71,"column":null}},"line":60}},"branchMap":{"0":{"loc":{"start":{"line":15,"column":8},"end":{"line":19,"column":null}},"type":"if","locations":[{"start":{"line":15,"column":8},"end":{"line":19,"column":null}},{"start":{"line":17,"column":15},"end":{"line":19,"column":null}}],"line":15},"1":{"loc":{"start":{"line":15,"column":12},"end":{"line":15,"column":44}},"type":"binary-expr","locations":[{"start":{"line":15,"column":12},"end":{"line":15,"column":20}},{"start":{"line":15,"column":20},"end":{"line":15,"column":44}}],"line":15},"2":{"loc":{"start":{"line":25,"column":12},"end":{"line":28,"column":null}},"type":"if","locations":[{"start":{"line":25,"column":12},"end":{"line":28,"column":null}},{"start":{},"end":{}}],"line":25},"3":{"loc":{"start":{"line":27,"column":24},"end":{"line":27,"column":42}},"type":"binary-expr","locations":[{"start":{"line":27,"column":24},"end":{"line":27,"column":40}},{"start":{"line":27,"column":40},"end":{"line":27,"column":42}}],"line":27},"4":{"loc":{"start":{"line":43,"column":17},"end":{"line":80,"column":null}},"type":"cond-expr","locations":[{"start":{"line":44,"column":20},"end":{"line":44,"column":null}},{"start":{"line":46,"column":20},"end":{"line":80,"column":null}}],"line":43},"5":{"loc":{"start":{"line":64,"column":70},"end":{"line":64,"column":122}},"type":"cond-expr","locations":[{"start":{"line":64,"column":101},"end":{"line":64,"column":113}},{"start":{"line":64,"column":113},"end":{"line":64,"column":122}}],"line":64},"6":{"loc":{"start":{"line":73,"column":33},"end":{"line":76,"column":null}},"type":"binary-expr","locations":[{"start":{"line":73,"column":33},"end":{"line":73,"column":null}},{"start":{"line":74,"column":36},"end":{"line":76,"column":null}}],"line":73}},"s":{"0":7,"1":7,"2":7,"3":7,"4":7,"5":4,"6":1,"7":3,"8":7,"9":3,"10":3,"11":3,"12":3,"13":3,"14":0,"15":3,"16":7,"17":1},"f":{"0":7,"1":4,"2":3,"3":1},"b":{"0":[1,3],"1":[4,4],"2":[3,0],"3":[3,0],"4":[4,2],"5":[0,1],"6":[2,1]},"meta":{"lastBranch":7,"lastFunction":4,"lastStatement":18,"seen":{"f:7:24:7:32":0,"s:8:24:8:Infinity":0,"s:9:30:9:Infinity":1,"s:10:17:10:Infinity":2,"s:11:10:11:Infinity":3,"s:13:4:20:Infinity":4,"f:13:14:13:20":1,"b:15:8:19:Infinity:17:15:19:Infinity":0,"s:15:8:19:Infinity":5,"b:15:12:15:20:15:20:15:44":1,"s:16:12:16:Infinity":6,"s:18:12:18:Infinity":7,"s:22:22:34:Infinity":8,"f:22:22:22:34":2,"s:23:8:33:Infinity":9,"s:24:29:24:Infinity":10,"b:25:12:28:Infinity:undefined:undefined:undefined:undefined":2,"s:25:12:28:Infinity":11,"s:26:29:26:Infinity":12,"s:27:16:27:Infinity":13,"b:27:24:27:40:27:40:27:42":3,"s:30:12:30:Infinity":14,"s:32:12:32:Infinity":15,"s:36:4:83:Infinity":16,"b:44:20:44:Infinity:46:20:80:Infinity":4,"f:59:42:59:43":3,"s:60:36:71:Infinity":17,"b:64:101:64:113:64:113:64:122":5,"b:73:33:73:Infinity:74:36:76:Infinity":6},"fnNames":{}}}
,"C:\\Users\\samuel.dantas\\Downloads\\projeto-eq06\\frontend\\src\\screens\\Chat\\Chat.jsx": {"path":"C:\\Users\\samuel.dantas\\Downloads\\projeto-eq06\\frontend\\src\\screens\\Chat\\Chat.jsx","statementMap":{"0":{"start":{"line":10,"column":13},"end":{"line":243,"column":null}},"1":{"start":{"line":11,"column":8},"end":{"line":11,"column":null}},"2":{"start":{"line":12,"column":20},"end":{"line":12,"column":null}},"3":{"start":{"line":13,"column":15},"end":{"line":13,"column":null}},"4":{"start":{"line":23,"column":22},"end":{"line":23,"column":null}},"5":{"start":{"line":24,"column":21},"end":{"line":24,"column":null}},"6":{"start":{"line":26,"column":38},"end":{"line":26,"column":null}},"7":{"start":{"line":27,"column":30},"end":{"line":49,"column":null}},"8":{"start":{"line":51,"column":2},"end":{"line":71,"column":null}},"9":{"start":{"line":52,"column":4},"end":{"line":52,"column":null}},"10":{"start":{"line":52,"column":19},"end":{"line":52,"column":null}},"11":{"start":{"line":54,"column":4},"end":{"line":70,"column":null}},"12":{"start":{"line":57,"column":21},"end":{"line":57,"column":31}},"13":{"start":{"line":59,"column":14},"end":{"line":68,"column":null}},"14":{"start":{"line":59,"column":54},"end":{"line":68,"column":10}},"15":{"start":{"line":69,"column":8},"end":{"line":69,"column":null}},"16":{"start":{"line":73,"column":23},"end":{"line":111,"column":null}},"17":{"start":{"line":74,"column":4},"end":{"line":74,"column":null}},"18":{"start":{"line":76,"column":27},"end":{"line":76,"column":null}},"19":{"start":{"line":77,"column":4},"end":{"line":77,"column":null}},"20":{"start":{"line":77,"column":38},"end":{"line":77,"column":null}},"21":{"start":{"line":79,"column":23},"end":{"line":88,"column":null}},"22":{"start":{"line":90,"column":4},"end":{"line":90,"column":null}},"23":{"start":{"line":90,"column":26},"end":{"line":90,"column":47}},"24":{"start":{"line":91,"column":4},"end":{"line":91,"column":null}},"25":{"start":{"line":93,"column":4},"end":{"line":110,"column":null}},"26":{"start":{"line":94,"column":6},"end":{"line":104,"column":null}},"27":{"start":{"line":106,"column":6},"end":{"line":106,"column":null}},"28":{"start":{"line":109,"column":6},"end":{"line":109,"column":null}},"29":{"start":{"line":109,"column":28},"end":{"line":109,"column":45}},"30":{"start":{"line":113,"column":22},"end":{"line":172,"column":null}},"31":{"start":{"line":114,"column":4},"end":{"line":114,"column":null}},"32":{"start":{"line":116,"column":27},"end":{"line":116,"column":null}},"33":{"start":{"line":117,"column":4},"end":{"line":117,"column":null}},"34":{"start":{"line":117,"column":38},"end":{"line":117,"column":null}},"35":{"start":{"line":119,"column":28},"end":{"line":128,"column":null}},"36":{"start":{"line":131,"column":4},"end":{"line":131,"column":null}},"37":{"start":{"line":131,"column":26},"end":{"line":131,"column":52}},"38":{"start":{"line":132,"column":4},"end":{"line":132,"column":null}},"39":{"start":{"line":134,"column":4},"end":{"line":171,"column":null}},"40":{"start":{"line":135,"column":25},"end":{"line":140,"column":null}},"41":{"start":{"line":142,"column":25},"end":{"line":151,"column":null}},"42":{"start":{"line":153,"column":6},"end":{"line":153,"column":null}},"43":{"start":{"line":153,"column":28},"end":{"line":153,"column":49}},"44":{"start":{"line":156,"column":6},"end":{"line":156,"column":null}},"45":{"start":{"line":158,"column":6},"end":{"line":170,"column":null}},"46":{"start":{"line":158,"column":28},"end":{"line":170,"column":7}},"47":{"start":{"line":173,"column":2},"end":{"line":241,"column":null}},"48":{"start":{"line":179,"column":71},"end":{"line":179,"column":85}},"49":{"start":{"line":203,"column":16},"end":{"line":212,"column":null}},"50":{"start":{"line":221,"column":37},"end":{"line":221,"column":null}}},"fnMap":{"0":{"name":"(anonymous_0)","decl":{"start":{"line":10,"column":13},"end":{"line":10,"column":19}},"loc":{"start":{"line":10,"column":19},"end":{"line":243,"column":null}},"line":10},"1":{"name":"(anonymous_1)","decl":{"start":{"line":51,"column":12},"end":{"line":51,"column":18}},"loc":{"start":{"line":51,"column":18},"end":{"line":71,"column":5}},"line":51},"2":{"name":"(anonymous_2)","decl":{"start":{"line":57,"column":12},"end":{"line":57,"column":13}},"loc":{"start":{"line":57,"column":21},"end":{"line":57,"column":31}},"line":57},"3":{"name":"(anonymous_3)","decl":{"start":{"line":58,"column":12},"end":{"line":58,"column":13}},"loc":{"start":{"line":58,"column":22},"end":{"line":70,"column":7}},"line":58},"4":{"name":"(anonymous_4)","decl":{"start":{"line":59,"column":44},"end":{"line":59,"column":45}},"loc":{"start":{"line":59,"column":54},"end":{"line":68,"column":10}},"line":59},"5":{"name":"(anonymous_5)","decl":{"start":{"line":73,"column":23},"end":{"line":73,"column":30}},"loc":{"start":{"line":73,"column":40},"end":{"line":111,"column":null}},"line":73},"6":{"name":"(anonymous_6)","decl":{"start":{"line":90,"column":16},"end":{"line":90,"column":17}},"loc":{"start":{"line":90,"column":26},"end":{"line":90,"column":47}},"line":90},"7":{"name":"(anonymous_7)","decl":{"start":{"line":109,"column":18},"end":{"line":109,"column":19}},"loc":{"start":{"line":109,"column":28},"end":{"line":109,"column":45}},"line":109},"8":{"name":"(anonymous_8)","decl":{"start":{"line":113,"column":22},"end":{"line":113,"column":29}},"loc":{"start":{"line":113,"column":39},"end":{"line":172,"column":null}},"line":113},"9":{"name":"(anonymous_9)","decl":{"start":{"line":131,"column":16},"end":{"line":131,"column":17}},"loc":{"start":{"line":131,"column":26},"end":{"line":131,"column":52}},"line":131},"10":{"name":"(anonymous_10)","decl":{"start":{"line":153,"column":18},"end":{"line":153,"column":19}},"loc":{"start":{"line":153,"column":28},"end":{"line":153,"column":49}},"line":153},"11":{"name":"(anonymous_11)","decl":{"start":{"line":158,"column":18},"end":{"line":158,"column":19}},"loc":{"start":{"line":158,"column":28},"end":{"line":170,"column":7}},"line":158},"12":{"name":"(anonymous_12)","decl":{"start":{"line":179,"column":65},"end":{"line":179,"column":71}},"loc":{"start":{"line":179,"column":71},"end":{"line":179,"column":85}},"line":179},"13":{"name":"(anonymous_13)","decl":{"start":{"line":202,"column":28},"end":{"line":202,"column":29}},"loc":{"start":{"line":203,"column":16},"end":{"line":212,"column":null}},"line":203},"14":{"name":"(anonymous_14)","decl":{"start":{"line":221,"column":26},"end":{"line":221,"column":27}},"loc":{"start":{"line":221,"column":37},"end":{"line":221,"column":null}},"line":221}},"branchMap":{"0":{"loc":{"start":{"line":52,"column":4},"end":{"line":52,"column":null}},"type":"if","locations":[{"start":{"line":52,"column":4},"end":{"line":52,"column":null}},{"start":{},"end":{}}],"line":52},"1":{"loc":{"start":{"line":59,"column":28},"end":{"line":59,"column":40}},"type":"binary-expr","locations":[{"start":{"line":59,"column":28},"end":{"line":59,"column":36}},{"start":{"line":59,"column":36},"end":{"line":59,"column":40}}],"line":59},"2":{"loc":{"start":{"line":61,"column":18},"end":{"line":61,"column":null}},"type":"cond-expr","locations":[{"start":{"line":61,"column":64},"end":{"line":61,"column":73}},{"start":{"line":61,"column":73},"end":{"line":61,"column":null}}],"line":61},"3":{"loc":{"start":{"line":67,"column":16},"end":{"line":67,"column":null}},"type":"cond-expr","locations":[{"start":{"line":67,"column":62},"end":{"line":67,"column":75}},{"start":{"line":67,"column":75},"end":{"line":67,"column":null}}],"line":67},"4":{"loc":{"start":{"line":77,"column":4},"end":{"line":77,"column":null}},"type":"if","locations":[{"start":{"line":77,"column":4},"end":{"line":77,"column":null}},{"start":{},"end":{}}],"line":77},"5":{"loc":{"start":{"line":77,"column":8},"end":{"line":77,"column":38}},"type":"binary-expr","locations":[{"start":{"line":77,"column":8},"end":{"line":77,"column":27}},{"start":{"line":77,"column":27},"end":{"line":77,"column":38}}],"line":77},"6":{"loc":{"start":{"line":117,"column":4},"end":{"line":117,"column":null}},"type":"if","locations":[{"start":{"line":117,"column":4},"end":{"line":117,"column":null}},{"start":{},"end":{}}],"line":117},"7":{"loc":{"start":{"line":117,"column":8},"end":{"line":117,"column":38}},"type":"binary-expr","locations":[{"start":{"line":117,"column":8},"end":{"line":117,"column":27}},{"start":{"line":117,"column":27},"end":{"line":117,"column":38}}],"line":117}},"s":{"0":2,"1":18,"2":18,"3":18,"4":18,"5":18,"6":18,"7":18,"8":18,"9":5,"10":0,"11":5,"12":5,"13":5,"14":2,"15":5,"16":18,"17":1,"18":1,"19":1,"20":0,"21":1,"22":1,"23":1,"24":1,"25":1,"26":1,"27":0,"28":0,"29":0,"30":18,"31":2,"32":2,"33":2,"34":0,"35":2,"36":2,"37":2,"38":2,"39":2,"40":2,"41":1,"42":1,"43":1,"44":1,"45":1,"46":1,"47":18,"48":0,"49":48,"50":3},"f":{"0":18,"1":5,"2":5,"3":5,"4":2,"5":1,"6":1,"7":0,"8":2,"9":2,"10":1,"11":1,"12":0,"13":48,"14":3},"b":{"0":[0,5],"1":[5,0],"2":[1,1],"3":[1,1],"4":[0,1],"5":[1,1],"6":[0,2],"7":[2,2]},"meta":{"lastBranch":8,"lastFunction":15,"lastStatement":51,"seen":{"s:10:13:243:Infinity":0,"f:10:13:10:19":0,"s:11:8:11:Infinity":1,"s:12:20:12:Infinity":2,"s:13:15:13:Infinity":3,"s:23:22:23:Infinity":4,"s:24:21:24:Infinity":5,"s:26:38:26:Infinity":6,"s:27:30:49:Infinity":7,"s:51:2:71:Infinity":8,"f:51:12:51:18":1,"b:52:4:52:Infinity:undefined:undefined:undefined:undefined":0,"s:52:4:52:Infinity":9,"s:52:19:52:Infinity":10,"s:54:4:70:Infinity":11,"f:57:12:57:13":2,"s:57:21:57:31":12,"f:58:12:58:13":3,"s:59:14:68:Infinity":13,"b:59:28:59:36:59:36:59:40":1,"f:59:44:59:45":4,"s:59:54:68:10":14,"b:61:64:61:73:61:73:61:Infinity":2,"b:67:62:67:75:67:75:67:Infinity":3,"s:69:8:69:Infinity":15,"s:73:23:111:Infinity":16,"f:73:23:73:30":5,"s:74:4:74:Infinity":17,"s:76:27:76:Infinity":18,"b:77:4:77:Infinity:undefined:undefined:undefined:undefined":4,"s:77:4:77:Infinity":19,"b:77:8:77:27:77:27:77:38":5,"s:77:38:77:Infinity":20,"s:79:23:88:Infinity":21,"s:90:4:90:Infinity":22,"f:90:16:90:17":6,"s:90:26:90:47":23,"s:91:4:91:Infinity":24,"s:93:4:110:Infinity":25,"s:94:6:104:Infinity":26,"s:106:6:106:Infinity":27,"s:109:6:109:Infinity":28,"f:109:18:109:19":7,"s:109:28:109:45":29,"s:113:22:172:Infinity":30,"f:113:22:113:29":8,"s:114:4:114:Infinity":31,"s:116:27:116:Infinity":32,"b:117:4:117:Infinity:undefined:undefined:undefined:undefined":6,"s:117:4:117:Infinity":33,"b:117:8:117:27:117:27:117:38":7,"s:117:38:117:Infinity":34,"s:119:28:128:Infinity":35,"s:131:4:131:Infinity":36,"f:131:16:131:17":9,"s:131:26:131:52":37,"s:132:4:132:Infinity":38,"s:134:4:171:Infinity":39,"s:135:25:140:Infinity":40,"s:142:25:151:Infinity":41,"s:153:6:153:Infinity":42,"f:153:18:153:19":10,"s:153:28:153:49":43,"s:156:6:156:Infinity":44,"s:158:6:170:Infinity":45,"f:158:18:158:19":11,"s:158:28:170:7":46,"s:173:2:241:Infinity":47,"f:179:65:179:71":12,"s:179:71:179:85":48,"f:202:28:202:29":13,"s:203:16:212:Infinity":49,"f:221:26:221:27":14,"s:221:37:221:Infinity":50},"fnNames":{}}}
,"C:\\Users\\samuel.dantas\\Downloads\\projeto-eq06\\frontend\\src\\screens\\Checkout\\Checkout.jsx": {"path":"C:\\Users\\samuel.dantas\\Downloads\\projeto-eq06\\frontend\\src\\screens\\Checkout\\Checkout.jsx","statementMap":{"0":{"start":{"line":5,"column":17},"end":{"line":67,"column":null}},"1":{"start":{"line":6,"column":24},"end":{"line":6,"column":null}},"2":{"start":{"line":8,"column":2},"end":{"line":65,"column":null}},"3":{"start":{"line":29,"column":61},"end":{"line":29,"column":74}},"4":{"start":{"line":42,"column":61},"end":{"line":42,"column":74}},"5":{"start":{"line":53,"column":79},"end":{"line":53,"column":92}}},"fnMap":{"0":{"name":"(anonymous_0)","decl":{"start":{"line":5,"column":17},"end":{"line":5,"column":23}},"loc":{"start":{"line":5,"column":23},"end":{"line":67,"column":null}},"line":5},"1":{"name":"(anonymous_1)","decl":{"start":{"line":29,"column":55},"end":{"line":29,"column":61}},"loc":{"start":{"line":29,"column":61},"end":{"line":29,"column":74}},"line":29},"2":{"name":"(anonymous_2)","decl":{"start":{"line":42,"column":55},"end":{"line":42,"column":61}},"loc":{"start":{"line":42,"column":61},"end":{"line":42,"column":74}},"line":42},"3":{"name":"(anonymous_3)","decl":{"start":{"line":53,"column":73},"end":{"line":53,"column":79}},"loc":{"start":{"line":53,"column":79},"end":{"line":53,"column":92}},"line":53}},"branchMap":{"0":{"loc":{"start":{"line":15,"column":9},"end":{"line":32,"column":null}},"type":"binary-expr","locations":[{"start":{"line":15,"column":9},"end":{"line":15,"column":null}},{"start":{"line":16,"column":10},"end":{"line":32,"column":null}}],"line":15},"1":{"loc":{"start":{"line":35,"column":9},"end":{"line":45,"column":null}},"type":"binary-expr","locations":[{"start":{"line":35,"column":9},"end":{"line":35,"column":null}},{"start":{"line":36,"column":10},"end":{"line":45,"column":null}}],"line":35},"2":{"loc":{"start":{"line":48,"column":9},"end":{"line":62,"column":null}},"type":"binary-expr","locations":[{"start":{"line":48,"column":9},"end":{"line":48,"column":null}},{"start":{"line":49,"column":10},"end":{"line":62,"column":null}}],"line":48}},"s":{"0":1,"1":10,"2":10,"3":3,"4":2,"5":1},"f":{"0":10,"1":3,"2":2,"3":1},"b":{"0":[10,5],"1":[10,3],"2":[10,2]},"meta":{"lastBranch":3,"lastFunction":4,"lastStatement":6,"seen":{"s:5:17:67:Infinity":0,"f:5:17:5:23":0,"s:6:24:6:Infinity":1,"s:8:2:65:Infinity":2,"b:15:9:15:Infinity:16:10:32:Infinity":0,"f:29:55:29:61":1,"s:29:61:29:74":3,"b:35:9:35:Infinity:36:10:45:Infinity":1,"f:42:55:42:61":2,"s:42:61:42:74":4,"b:48:9:48:Infinity:49:10:62:Infinity":2,"f:53:73:53:79":3,"s:53:79:53:92":5},"fnNames":{}}}
,"C:\\Users\\samuel.dantas\\Downloads\\projeto-eq06\\frontend\\src\\screens\\CriarConta\\CriarConta.jsx": {"path":"C:\\Users\\samuel.dantas\\Downloads\\projeto-eq06\\frontend\\src\\screens\\CriarConta\\CriarConta.jsx","statementMap":{"0":{"start":{"line":8,"column":19},"end":{"line":149,"column":null}},"1":{"start":{"line":9,"column":8},"end":{"line":9,"column":null}},"2":{"start":{"line":10,"column":38},"end":{"line":10,"column":null}},"3":{"start":{"line":11,"column":52},"end":{"line":11,"column":null}},"4":{"start":{"line":13,"column":22},"end":{"line":13,"column":null}},"5":{"start":{"line":14,"column":24},"end":{"line":14,"column":null}},"6":{"start":{"line":15,"column":20},"end":{"line":15,"column":null}},"7":{"start":{"line":16,"column":24},"end":{"line":16,"column":null}},"8":{"start":{"line":17,"column":42},"end":{"line":17,"column":null}},"9":{"start":{"line":19,"column":23},"end":{"line":40,"column":null}},"10":{"start":{"line":20,"column":4},"end":{"line":20,"column":null}},"11":{"start":{"line":22,"column":4},"end":{"line":25,"column":null}},"12":{"start":{"line":23,"column":6},"end":{"line":23,"column":null}},"13":{"start":{"line":24,"column":6},"end":{"line":24,"column":null}},"14":{"start":{"line":27,"column":24},"end":{"line":32,"column":null}},"15":{"start":{"line":34,"column":20},"end":{"line":34,"column":null}},"16":{"start":{"line":36,"column":4},"end":{"line":39,"column":null}},"17":{"start":{"line":37,"column":6},"end":{"line":37,"column":null}},"18":{"start":{"line":38,"column":6},"end":{"line":38,"column":null}},"19":{"start":{"line":42,"column":25},"end":{"line":53,"column":null}},"20":{"start":{"line":43,"column":18},"end":{"line":43,"column":null}},"21":{"start":{"line":45,"column":4},"end":{"line":48,"column":null}},"22":{"start":{"line":45,"column":23},"end":{"line":45,"column":52}},"23":{"start":{"line":46,"column":8},"end":{"line":46,"column":null}},"24":{"start":{"line":47,"column":8},"end":{"line":47,"column":null}},"25":{"start":{"line":50,"column":4},"end":{"line":50,"column":null}},"26":{"start":{"line":51,"column":4},"end":{"line":51,"column":null}},"27":{"start":{"line":52,"column":4},"end":{"line":52,"column":null}},"28":{"start":{"line":55,"column":2},"end":{"line":147,"column":null}},"29":{"start":{"line":71,"column":33},"end":{"line":71,"column":null}},"30":{"start":{"line":83,"column":33},"end":{"line":83,"column":null}},"31":{"start":{"line":95,"column":33},"end":{"line":95,"column":null}},"32":{"start":{"line":108,"column":35},"end":{"line":108,"column":null}},"33":{"start":{"line":113,"column":33},"end":{"line":113,"column":null}},"34":{"start":{"line":129,"column":35},"end":{"line":129,"column":null}},"35":{"start":{"line":134,"column":33},"end":{"line":134,"column":null}}},"fnMap":{"0":{"name":"(anonymous_0)","decl":{"start":{"line":8,"column":19},"end":{"line":8,"column":25}},"loc":{"start":{"line":8,"column":25},"end":{"line":149,"column":null}},"line":8},"1":{"name":"(anonymous_1)","decl":{"start":{"line":19,"column":23},"end":{"line":19,"column":24}},"loc":{"start":{"line":19,"column":30},"end":{"line":40,"column":null}},"line":19},"2":{"name":"(anonymous_2)","decl":{"start":{"line":42,"column":25},"end":{"line":42,"column":26}},"loc":{"start":{"line":42,"column":42},"end":{"line":53,"column":null}},"line":42},"3":{"name":"(anonymous_3)","decl":{"start":{"line":45,"column":18},"end":{"line":45,"column":23}},"loc":{"start":{"line":45,"column":23},"end":{"line":45,"column":52}},"line":45},"4":{"name":"(anonymous_4)","decl":{"start":{"line":71,"column":26},"end":{"line":71,"column":27}},"loc":{"start":{"line":71,"column":33},"end":{"line":71,"column":null}},"line":71},"5":{"name":"(anonymous_5)","decl":{"start":{"line":83,"column":26},"end":{"line":83,"column":27}},"loc":{"start":{"line":83,"column":33},"end":{"line":83,"column":null}},"line":83},"6":{"name":"(anonymous_6)","decl":{"start":{"line":95,"column":26},"end":{"line":95,"column":27}},"loc":{"start":{"line":95,"column":33},"end":{"line":95,"column":null}},"line":95},"7":{"name":"(anonymous_7)","decl":{"start":{"line":108,"column":28},"end":{"line":108,"column":29}},"loc":{"start":{"line":108,"column":35},"end":{"line":108,"column":null}},"line":108},"8":{"name":"(anonymous_8)","decl":{"start":{"line":113,"column":27},"end":{"line":113,"column":33}},"loc":{"start":{"line":113,"column":33},"end":{"line":113,"column":null}},"line":113},"9":{"name":"(anonymous_9)","decl":{"start":{"line":129,"column":28},"end":{"line":129,"column":29}},"loc":{"start":{"line":129,"column":35},"end":{"line":129,"column":null}},"line":129},"10":{"name":"(anonymous_10)","decl":{"start":{"line":134,"column":27},"end":{"line":134,"column":33}},"loc":{"start":{"line":134,"column":33},"end":{"line":134,"column":null}},"line":134}},"branchMap":{"0":{"loc":{"start":{"line":22,"column":4},"end":{"line":25,"column":null}},"type":"if","locations":[{"start":{"line":22,"column":4},"end":{"line":25,"column":null}},{"start":{},"end":{}}],"line":22},"1":{"loc":{"start":{"line":36,"column":4},"end":{"line":39,"column":null}},"type":"if","locations":[{"start":{"line":36,"column":4},"end":{"line":39,"column":null}},{"start":{},"end":{}}],"line":36},"2":{"loc":{"start":{"line":43,"column":29},"end":{"line":43,"column":71}},"type":"binary-expr","locations":[{"start":{"line":43,"column":29},"end":{"line":43,"column":67}},{"start":{"line":43,"column":67},"end":{"line":43,"column":71}}],"line":43},"3":{"loc":{"start":{"line":45,"column":4},"end":{"line":48,"column":null}},"type":"if","locations":[{"start":{"line":45,"column":4},"end":{"line":48,"column":null}},{"start":{},"end":{}}],"line":45},"4":{"loc":{"start":{"line":103,"column":24},"end":{"line":103,"column":null}},"type":"cond-expr","locations":[{"start":{"line":103,"column":39},"end":{"line":103,"column":48}},{"start":{"line":103,"column":48},"end":{"line":103,"column":null}}],"line":103},"5":{"loc":{"start":{"line":115,"column":19},"end":{"line":115,"column":null}},"type":"cond-expr","locations":[{"start":{"line":115,"column":34},"end":{"line":115,"column":54}},{"start":{"line":115,"column":54},"end":{"line":115,"column":null}}],"line":115},"6":{"loc":{"start":{"line":124,"column":24},"end":{"line":124,"column":null}},"type":"cond-expr","locations":[{"start":{"line":124,"column":46},"end":{"line":124,"column":55}},{"start":{"line":124,"column":55},"end":{"line":124,"column":null}}],"line":124},"7":{"loc":{"start":{"line":136,"column":19},"end":{"line":136,"column":null}},"type":"cond-expr","locations":[{"start":{"line":136,"column":41},"end":{"line":136,"column":61}},{"start":{"line":136,"column":61},"end":{"line":136,"column":null}}],"line":136}},"s":{"0":1,"1":24,"2":24,"3":24,"4":24,"5":24,"6":24,"7":24,"8":24,"9":24,"10":3,"11":3,"12":1,"13":1,"14":2,"15":2,"16":2,"17":1,"18":1,"19":24,"20":2,"21":2,"22":1,"23":1,"24":1,"25":1,"26":1,"27":1,"28":24,"29":3,"30":3,"31":3,"32":3,"33":2,"34":3,"35":2},"f":{"0":24,"1":3,"2":2,"3":1,"4":3,"5":3,"6":3,"7":3,"8":2,"9":3,"10":2},"b":{"0":[1,2],"1":[1,1],"2":[2,1],"3":[1,1],"4":[2,22],"5":[2,22],"6":[2,22],"7":[2,22]},"meta":{"lastBranch":8,"lastFunction":11,"lastStatement":36,"seen":{"s:8:19:149:Infinity":0,"f:8:19:8:25":0,"s:9:8:9:Infinity":1,"s:10:38:10:Infinity":2,"s:11:52:11:Infinity":3,"s:13:22:13:Infinity":4,"s:14:24:14:Infinity":5,"s:15:20:15:Infinity":6,"s:16:24:16:Infinity":7,"s:17:42:17:Infinity":8,"s:19:23:40:Infinity":9,"f:19:23:19:24":1,"s:20:4:20:Infinity":10,"b:22:4:25:Infinity:undefined:undefined:undefined:undefined":0,"s:22:4:25:Infinity":11,"s:23:6:23:Infinity":12,"s:24:6:24:Infinity":13,"s:27:24:32:Infinity":14,"s:34:20:34:Infinity":15,"b:36:4:39:Infinity:undefined:undefined:undefined:undefined":1,"s:36:4:39:Infinity":16,"s:37:6:37:Infinity":17,"s:38:6:38:Infinity":18,"s:42:25:53:Infinity":19,"f:42:25:42:26":2,"s:43:18:43:Infinity":20,"b:43:29:43:67:43:67:43:71":2,"b:45:4:48:Infinity:undefined:undefined:undefined:undefined":3,"s:45:4:48:Infinity":21,"f:45:18:45:23":3,"s:45:23:45:52":22,"s:46:8:46:Infinity":23,"s:47:8:47:Infinity":24,"s:50:4:50:Infinity":25,"s:51:4:51:Infinity":26,"s:52:4:52:Infinity":27,"s:55:2:147:Infinity":28,"f:71:26:71:27":4,"s:71:33:71:Infinity":29,"f:83:26:83:27":5,"s:83:33:83:Infinity":30,"f:95:26:95:27":6,"s:95:33:95:Infinity":31,"b:103:39:103:48:103:48:103:Infinity":4,"f:108:28:108:29":7,"s:108:35:108:Infinity":32,"f:113:27:113:33":8,"s:113:33:113:Infinity":33,"b:115:34:115:54:115:54:115:Infinity":5,"b:124:46:124:55:124:55:124:Infinity":6,"f:129:28:129:29":9,"s:129:35:129:Infinity":34,"f:134:27:134:33":10,"s:134:33:134:Infinity":35,"b:136:41:136:61:136:61:136:Infinity":7},"fnNames":{}}}
,"C:\\Users\\samuel.dantas\\Downloads\\projeto-eq06\\frontend\\src\\screens\\Favorites\\Favorites.jsx": {"path":"C:\\Users\\samuel.dantas\\Downloads\\projeto-eq06\\frontend\\src\\screens\\Favorites\\Favorites.jsx","statementMap":{"0":{"start":{"line":8,"column":18},"end":{"line":92,"column":null}},"1":{"start":{"line":9,"column":15},"end":{"line":9,"column":null}},"2":{"start":{"line":10,"column":32},"end":{"line":10,"column":null}},"3":{"start":{"line":12,"column":2},"end":{"line":16,"column":null}},"4":{"start":{"line":13,"column":4},"end":{"line":15,"column":null}},"5":{"start":{"line":14,"column":6},"end":{"line":14,"column":null}},"6":{"start":{"line":18,"column":25},"end":{"line":25,"column":null}},"7":{"start":{"line":19,"column":4},"end":{"line":24,"column":null}},"8":{"start":{"line":20,"column":19},"end":{"line":20,"column":29}},"9":{"start":{"line":22,"column":8},"end":{"line":22,"column":null}},"10":{"start":{"line":22,"column":33},"end":{"line":22,"column":null}},"11":{"start":{"line":24,"column":20},"end":{"line":24,"column":67}},"12":{"start":{"line":27,"column":31},"end":{"line":37,"column":null}},"13":{"start":{"line":28,"column":4},"end":{"line":36,"column":null}},"14":{"start":{"line":29,"column":18},"end":{"line":29,"column":null}},"15":{"start":{"line":30,"column":6},"end":{"line":33,"column":null}},"16":{"start":{"line":31,"column":8},"end":{"line":31,"column":null}},"17":{"start":{"line":31,"column":29},"end":{"line":31,"column":65}},"18":{"start":{"line":31,"column":46},"end":{"line":31,"column":64}},"19":{"start":{"line":32,"column":8},"end":{"line":32,"column":null}},"20":{"start":{"line":35,"column":6},"end":{"line":35,"column":null}},"21":{"start":{"line":39,"column":2},"end":{"line":90,"column":null}},"22":{"start":{"line":57,"column":16},"end":{"line":80,"column":null}},"23":{"start":{"line":73,"column":37},"end":{"line":73,"column":null}}},"fnMap":{"0":{"name":"(anonymous_0)","decl":{"start":{"line":8,"column":18},"end":{"line":8,"column":24}},"loc":{"start":{"line":8,"column":24},"end":{"line":92,"column":null}},"line":8},"1":{"name":"(anonymous_1)","decl":{"start":{"line":12,"column":12},"end":{"line":12,"column":18}},"loc":{"start":{"line":12,"column":18},"end":{"line":16,"column":5}},"line":12},"2":{"name":"(anonymous_2)","decl":{"start":{"line":18,"column":25},"end":{"line":18,"column":31}},"loc":{"start":{"line":18,"column":31},"end":{"line":25,"column":null}},"line":18},"3":{"name":"(anonymous_3)","decl":{"start":{"line":20,"column":12},"end":{"line":20,"column":19}},"loc":{"start":{"line":20,"column":19},"end":{"line":20,"column":29}},"line":20},"4":{"name":"(anonymous_4)","decl":{"start":{"line":21,"column":12},"end":{"line":21,"column":20}},"loc":{"start":{"line":21,"column":20},"end":{"line":23,"column":7}},"line":21},"5":{"name":"(anonymous_5)","decl":{"start":{"line":24,"column":13},"end":{"line":24,"column":20}},"loc":{"start":{"line":24,"column":20},"end":{"line":24,"column":67}},"line":24},"6":{"name":"(anonymous_6)","decl":{"start":{"line":27,"column":31},"end":{"line":27,"column":38}},"loc":{"start":{"line":27,"column":52},"end":{"line":37,"column":null}},"line":27},"7":{"name":"(anonymous_7)","decl":{"start":{"line":31,"column":21},"end":{"line":31,"column":29}},"loc":{"start":{"line":31,"column":29},"end":{"line":31,"column":65}},"line":31},"8":{"name":"(anonymous_8)","decl":{"start":{"line":31,"column":41},"end":{"line":31,"column":46}},"loc":{"start":{"line":31,"column":46},"end":{"line":31,"column":64}},"line":31},"9":{"name":"(anonymous_9)","decl":{"start":{"line":56,"column":28},"end":{"line":56,"column":29}},"loc":{"start":{"line":57,"column":16},"end":{"line":80,"column":null}},"line":57},"10":{"name":"(anonymous_10)","decl":{"start":{"line":73,"column":31},"end":{"line":73,"column":37}},"loc":{"start":{"line":73,"column":37},"end":{"line":73,"column":null}},"line":73}},"branchMap":{"0":{"loc":{"start":{"line":13,"column":4},"end":{"line":15,"column":null}},"type":"if","locations":[{"start":{"line":13,"column":4},"end":{"line":15,"column":null}},{"start":{},"end":{}}],"line":13},"1":{"loc":{"start":{"line":13,"column":8},"end":{"line":13,"column":25}},"type":"binary-expr","locations":[{"start":{"line":13,"column":8},"end":{"line":13,"column":16}},{"start":{"line":13,"column":16},"end":{"line":13,"column":25}}],"line":13},"2":{"loc":{"start":{"line":22,"column":8},"end":{"line":22,"column":null}},"type":"if","locations":[{"start":{"line":22,"column":8},"end":{"line":22,"column":null}},{"start":{},"end":{}}],"line":22},"3":{"loc":{"start":{"line":30,"column":6},"end":{"line":33,"column":null}},"type":"if","locations":[{"start":{"line":30,"column":6},"end":{"line":33,"column":null}},{"start":{},"end":{}}],"line":30},"4":{"loc":{"start":{"line":53,"column":13},"end":{"line":81,"column":null}},"type":"cond-expr","locations":[{"start":{"line":54,"column":14},"end":{"line":54,"column":null}},{"start":{"line":56,"column":14},"end":{"line":81,"column":null}}],"line":53},"5":{"loc":{"start":{"line":60,"column":32},"end":{"line":60,"column":108}},"type":"binary-expr","locations":[{"start":{"line":60,"column":32},"end":{"line":60,"column":47}},{"start":{"line":60,"column":47},"end":{"line":60,"column":108}}],"line":60},"6":{"loc":{"start":{"line":60,"column":113},"end":{"line":60,"column":138}},"type":"binary-expr","locations":[{"start":{"line":60,"column":113},"end":{"line":60,"column":127}},{"start":{"line":60,"column":127},"end":{"line":60,"column":138}}],"line":60},"7":{"loc":{"start":{"line":63,"column":27},"end":{"line":63,"column":51}},"type":"binary-expr","locations":[{"start":{"line":63,"column":27},"end":{"line":63,"column":41}},{"start":{"line":63,"column":41},"end":{"line":63,"column":51}}],"line":63},"8":{"loc":{"start":{"line":66,"column":105},"end":{"line":66,"column":134}},"type":"binary-expr","locations":[{"start":{"line":66,"column":105},"end":{"line":66,"column":119}},{"start":{"line":66,"column":119},"end":{"line":66,"column":133}},{"start":{"line":66,"column":133},"end":{"line":66,"column":134}}],"line":66}},"s":{"0":1,"1":10,"2":10,"3":10,"4":5,"5":5,"6":10,"7":5,"8":4,"9":4,"10":4,"11":1,"12":10,"13":2,"14":2,"15":1,"16":1,"17":1,"18":1,"19":1,"20":1,"21":10,"22":3,"23":2},"f":{"0":10,"1":5,"2":5,"3":4,"4":4,"5":1,"6":2,"7":1,"8":1,"9":3,"10":2},"b":{"0":[5,0],"1":[5,5],"2":[4,0],"3":[1,0],"4":[6,3],"5":[3,2],"6":[3,3],"7":[3,3],"8":[3,3,0]},"meta":{"lastBranch":9,"lastFunction":11,"lastStatement":24,"seen":{"s:8:18:92:Infinity":0,"f:8:18:8:24":0,"s:9:15:9:Infinity":1,"s:10:32:10:Infinity":2,"s:12:2:16:Infinity":3,"f:12:12:12:18":1,"b:13:4:15:Infinity:undefined:undefined:undefined:undefined":0,"s:13:4:15:Infinity":4,"b:13:8:13:16:13:16:13:25":1,"s:14:6:14:Infinity":5,"s:18:25:25:Infinity":6,"f:18:25:18:31":2,"s:19:4:24:Infinity":7,"f:20:12:20:19":3,"s:20:19:20:29":8,"f:21:12:21:20":4,"b:22:8:22:Infinity:undefined:undefined:undefined:undefined":2,"s:22:8:22:Infinity":9,"s:22:33:22:Infinity":10,"f:24:13:24:20":5,"s:24:20:24:67":11,"s:27:31:37:Infinity":12,"f:27:31:27:38":6,"s:28:4:36:Infinity":13,"s:29:18:29:Infinity":14,"b:30:6:33:Infinity:undefined:undefined:undefined:undefined":3,"s:30:6:33:Infinity":15,"s:31:8:31:Infinity":16,"f:31:21:31:29":7,"s:31:29:31:65":17,"f:31:41:31:46":8,"s:31:46:31:64":18,"s:32:8:32:Infinity":19,"s:35:6:35:Infinity":20,"s:39:2:90:Infinity":21,"b:54:14:54:Infinity:56:14:81:Infinity":4,"f:56:28:56:29":9,"s:57:16:80:Infinity":22,"b:60:32:60:47:60:47:60:108":5,"b:60:113:60:127:60:127:60:138":6,"b:63:27:63:41:63:41:63:51":7,"b:66:105:66:119:66:119:66:133:66:133:66:134":8,"f:73:31:73:37":10,"s:73:37:73:Infinity":23},"fnNames":{}}}
,"C:\\Users\\samuel.dantas\\Downloads\\projeto-eq06\\frontend\\src\\screens\\Info\\Info.jsx": {"path":"C:\\Users\\samuel.dantas\\Downloads\\projeto-eq06\\frontend\\src\\screens\\Info\\Info.jsx","statementMap":{"0":{"start":{"line":12,"column":13},"end":{"line":159,"column":null}},"1":{"start":{"line":13,"column":13},"end":{"line":13,"column":null}},"2":{"start":{"line":14,"column":8},"end":{"line":14,"column":null}},"3":{"start":{"line":15,"column":15},"end":{"line":15,"column":null}},"4":{"start":{"line":16,"column":28},"end":{"line":16,"column":null}},"5":{"start":{"line":17,"column":28},"end":{"line":17,"column":null}},"6":{"start":{"line":18,"column":24},"end":{"line":18,"column":null}},"7":{"start":{"line":19,"column":30},"end":{"line":19,"column":null}},"8":{"start":{"line":21,"column":26},"end":{"line":28,"column":null}},"9":{"start":{"line":22,"column":4},"end":{"line":26,"column":null}},"10":{"start":{"line":23,"column":6},"end":{"line":23,"column":null}},"11":{"start":{"line":24,"column":6},"end":{"line":24,"column":null}},"12":{"start":{"line":25,"column":6},"end":{"line":25,"column":null}},"13":{"start":{"line":27,"column":4},"end":{"line":27,"column":null}},"14":{"start":{"line":30,"column":2},"end":{"line":64,"column":null}},"15":{"start":{"line":31,"column":25},"end":{"line":56,"column":null}},"16":{"start":{"line":32,"column":6},"end":{"line":32,"column":null}},"17":{"start":{"line":33,"column":6},"end":{"line":33,"column":null}},"18":{"start":{"line":34,"column":6},"end":{"line":34,"column":null}},"19":{"start":{"line":36,"column":6},"end":{"line":55,"column":null}},"20":{"start":{"line":37,"column":25},"end":{"line":37,"column":null}},"21":{"start":{"line":39,"column":8},"end":{"line":42,"column":null}},"22":{"start":{"line":40,"column":10},"end":{"line":40,"column":null}},"23":{"start":{"line":41,"column":10},"end":{"line":41,"column":null}},"24":{"start":{"line":44,"column":8},"end":{"line":46,"column":null}},"25":{"start":{"line":45,"column":10},"end":{"line":45,"column":null}},"26":{"start":{"line":48,"column":21},"end":{"line":48,"column":null}},"27":{"start":{"line":49,"column":8},"end":{"line":49,"column":null}},"28":{"start":{"line":51,"column":8},"end":{"line":51,"column":null}},"29":{"start":{"line":52,"column":8},"end":{"line":52,"column":null}},"30":{"start":{"line":54,"column":8},"end":{"line":54,"column":null}},"31":{"start":{"line":58,"column":4},"end":{"line":63,"column":null}},"32":{"start":{"line":59,"column":6},"end":{"line":59,"column":null}},"33":{"start":{"line":61,"column":6},"end":{"line":61,"column":null}},"34":{"start":{"line":62,"column":6},"end":{"line":62,"column":null}},"35":{"start":{"line":66,"column":24},"end":{"line":70,"column":null}},"36":{"start":{"line":72,"column":25},"end":{"line":77,"column":null}},"37":{"start":{"line":79,"column":2},"end":{"line":90,"column":null}},"38":{"start":{"line":80,"column":4},"end":{"line":88,"column":null}},"39":{"start":{"line":92,"column":2},"end":{"line":104,"column":null}},"40":{"start":{"line":93,"column":4},"end":{"line":102,"column":null}},"41":{"start":{"line":106,"column":2},"end":{"line":118,"column":null}},"42":{"start":{"line":107,"column":4},"end":{"line":116,"column":null}},"43":{"start":{"line":120,"column":2},"end":{"line":157,"column":null}}},"fnMap":{"0":{"name":"(anonymous_0)","decl":{"start":{"line":12,"column":13},"end":{"line":12,"column":19}},"loc":{"start":{"line":12,"column":19},"end":{"line":159,"column":null}},"line":12},"1":{"name":"(anonymous_1)","decl":{"start":{"line":21,"column":26},"end":{"line":21,"column":32}},"loc":{"start":{"line":21,"column":32},"end":{"line":28,"column":null}},"line":21},"2":{"name":"(anonymous_2)","decl":{"start":{"line":30,"column":12},"end":{"line":30,"column":18}},"loc":{"start":{"line":30,"column":18},"end":{"line":64,"column":5}},"line":30},"3":{"name":"(anonymous_3)","decl":{"start":{"line":31,"column":25},"end":{"line":31,"column":37}},"loc":{"start":{"line":31,"column":37},"end":{"line":56,"column":null}},"line":31}},"branchMap":{"0":{"loc":{"start":{"line":22,"column":4},"end":{"line":26,"column":null}},"type":"if","locations":[{"start":{"line":22,"column":4},"end":{"line":26,"column":null}},{"start":{},"end":{}}],"line":22},"1":{"loc":{"start":{"line":39,"column":8},"end":{"line":42,"column":null}},"type":"if","locations":[{"start":{"line":39,"column":8},"end":{"line":42,"column":null}},{"start":{},"end":{}}],"line":39},"2":{"loc":{"start":{"line":44,"column":8},"end":{"line":46,"column":null}},"type":"if","locations":[{"start":{"line":44,"column":8},"end":{"line":46,"column":null}},{"start":{},"end":{}}],"line":44},"3":{"loc":{"start":{"line":58,"column":4},"end":{"line":63,"column":null}},"type":"if","locations":[{"start":{"line":58,"column":4},"end":{"line":63,"column":null}},{"start":{"line":60,"column":11},"end":{"line":63,"column":null}}],"line":58},"4":{"loc":{"start":{"line":66,"column":24},"end":{"line":70,"column":null}},"type":"cond-expr","locations":[{"start":{"line":67,"column":6},"end":{"line":67,"column":null}},{"start":{"line":68,"column":6},"end":{"line":70,"column":null}}],"line":66},"5":{"loc":{"start":{"line":72,"column":25},"end":{"line":77,"column":null}},"type":"cond-expr","locations":[{"start":{"line":73,"column":6},"end":{"line":76,"column":null}},{"start":{"line":77,"column":6},"end":{"line":77,"column":null}}],"line":72},"6":{"loc":{"start":{"line":79,"column":2},"end":{"line":90,"column":null}},"type":"if","locations":[{"start":{"line":79,"column":2},"end":{"line":90,"column":null}},{"start":{},"end":{}}],"line":79},"7":{"loc":{"start":{"line":92,"column":2},"end":{"line":104,"column":null}},"type":"if","locations":[{"start":{"line":92,"column":2},"end":{"line":104,"column":null}},{"start":{},"end":{}}],"line":92},"8":{"loc":{"start":{"line":106,"column":2},"end":{"line":118,"column":null}},"type":"if","locations":[{"start":{"line":106,"column":2},"end":{"line":118,"column":null}},{"start":{},"end":{}}],"line":106},"9":{"loc":{"start":{"line":132,"column":19},"end":{"line":132,"column":51}},"type":"binary-expr","locations":[{"start":{"line":132,"column":19},"end":{"line":132,"column":35}},{"start":{"line":132,"column":35},"end":{"line":132,"column":51}}],"line":132},"10":{"loc":{"start":{"line":133,"column":18},"end":{"line":133,"column":67}},"type":"binary-expr","locations":[{"start":{"line":133,"column":18},"end":{"line":133,"column":39}},{"start":{"line":133,"column":39},"end":{"line":133,"column":67}}],"line":133}},"s":{"0":1,"1":13,"2":13,"3":13,"4":13,"5":13,"6":13,"7":13,"8":13,"9":0,"10":0,"11":0,"12":0,"13":0,"14":13,"15":7,"16":6,"17":6,"18":6,"19":6,"20":6,"21":4,"22":1,"23":1,"24":3,"25":1,"26":2,"27":2,"28":2,"29":2,"30":5,"31":7,"32":6,"33":1,"34":1,"35":13,"36":13,"37":13,"38":7,"39":6,"40":2,"41":4,"42":2,"43":2},"f":{"0":13,"1":0,"2":7,"3":6},"b":{"0":[0,0],"1":[1,3],"2":[1,2],"3":[6,1],"4":[1,12],"5":[1,12],"6":[7,6],"7":[2,4],"8":[2,2],"9":[2,1],"10":[13,1]},"meta":{"lastBranch":11,"lastFunction":4,"lastStatement":44,"seen":{"s:12:13:159:Infinity":0,"f:12:13:12:19":0,"s:13:13:13:Infinity":1,"s:14:8:14:Infinity":2,"s:15:15:15:Infinity":3,"s:16:28:16:Infinity":4,"s:17:28:17:Infinity":5,"s:18:24:18:Infinity":6,"s:19:30:19:Infinity":7,"s:21:26:28:Infinity":8,"f:21:26:21:32":1,"b:22:4:26:Infinity:undefined:undefined:undefined:undefined":0,"s:22:4:26:Infinity":9,"s:23:6:23:Infinity":10,"s:24:6:24:Infinity":11,"s:25:6:25:Infinity":12,"s:27:4:27:Infinity":13,"s:30:2:64:Infinity":14,"f:30:12:30:18":2,"s:31:25:56:Infinity":15,"f:31:25:31:37":3,"s:32:6:32:Infinity":16,"s:33:6:33:Infinity":17,"s:34:6:34:Infinity":18,"s:36:6:55:Infinity":19,"s:37:25:37:Infinity":20,"b:39:8:42:Infinity:undefined:undefined:undefined:undefined":1,"s:39:8:42:Infinity":21,"s:40:10:40:Infinity":22,"s:41:10:41:Infinity":23,"b:44:8:46:Infinity:undefined:undefined:undefined:undefined":2,"s:44:8:46:Infinity":24,"s:45:10:45:Infinity":25,"s:48:21:48:Infinity":26,"s:49:8:49:Infinity":27,"s:51:8:51:Infinity":28,"s:52:8:52:Infinity":29,"s:54:8:54:Infinity":30,"b:58:4:63:Infinity:60:11:63:Infinity":3,"s:58:4:63:Infinity":31,"s:59:6:59:Infinity":32,"s:61:6:61:Infinity":33,"s:62:6:62:Infinity":34,"s:66:24:70:Infinity":35,"b:67:6:67:Infinity:68:6:70:Infinity":4,"s:72:25:77:Infinity":36,"b:73:6:76:Infinity:77:6:77:Infinity":5,"b:79:2:90:Infinity:undefined:undefined:undefined:undefined":6,"s:79:2:90:Infinity":37,"s:80:4:88:Infinity":38,"b:92:2:104:Infinity:undefined:undefined:undefined:undefined":7,"s:92:2:104:Infinity":39,"s:93:4:102:Infinity":40,"b:106:2:118:Infinity:undefined:undefined:undefined:undefined":8,"s:106:2:118:Infinity":41,"s:107:4:116:Infinity":42,"s:120:2:157:Infinity":43,"b:132:19:132:35:132:35:132:51":9,"b:133:18:133:39:133:39:133:67":10},"fnNames":{}}}
,"C:\\Users\\samuel.dantas\\Downloads\\projeto-eq06\\frontend\\src\\screens\\Login\\Login.jsx": {"path":"C:\\Users\\samuel.dantas\\Downloads\\projeto-eq06\\frontend\\src\\screens\\Login\\Login.jsx","statementMap":{"0":{"start":{"line":11,"column":32},"end":{"line":11,"column":null}},"1":{"start":{"line":13,"column":34},"end":{"line":13,"column":null}},"2":{"start":{"line":14,"column":34},"end":{"line":14,"column":null}},"3":{"start":{"line":15,"column":32},"end":{"line":15,"column":null}},"4":{"start":{"line":16,"column":32},"end":{"line":16,"column":null}},"5":{"start":{"line":18,"column":16},"end":{"line":18,"column":null}},"6":{"start":{"line":19,"column":8},"end":{"line":19,"column":null}},"7":{"start":{"line":21,"column":22},"end":{"line":47,"column":null}},"8":{"start":{"line":22,"column":4},"end":{"line":22,"column":null}},"9":{"start":{"line":23,"column":23},"end":{"line":23,"column":null}},"10":{"start":{"line":24,"column":23},"end":{"line":24,"column":null}},"11":{"start":{"line":26,"column":4},"end":{"line":46,"column":null}},"12":{"start":{"line":27,"column":23},"end":{"line":31,"column":null}},"13":{"start":{"line":33,"column":6},"end":{"line":42,"column":null}},"14":{"start":{"line":34,"column":25},"end":{"line":34,"column":null}},"15":{"start":{"line":36,"column":8},"end":{"line":36,"column":null}},"16":{"start":{"line":37,"column":8},"end":{"line":37,"column":null}},"17":{"start":{"line":38,"column":6},"end":{"line":42,"column":null}},"18":{"start":{"line":39,"column":8},"end":{"line":39,"column":null}},"19":{"start":{"line":41,"column":8},"end":{"line":41,"column":null}},"20":{"start":{"line":44,"column":6},"end":{"line":44,"column":null}},"21":{"start":{"line":45,"column":6},"end":{"line":45,"column":null}},"22":{"start":{"line":49,"column":2},"end":{"line":123,"column":null}},"23":{"start":{"line":61,"column":29},"end":{"line":61,"column":null}},"24":{"start":{"line":67,"column":29},"end":{"line":67,"column":null}},"25":{"start":{"line":80,"column":33},"end":{"line":80,"column":null}},"26":{"start":{"line":89,"column":35},"end":{"line":89,"column":null}},"27":{"start":{"line":93,"column":59},"end":{"line":93,"column":83}},"28":{"start":{"line":103,"column":33},"end":{"line":103,"column":null}},"29":{"start":{"line":112,"column":35},"end":{"line":112,"column":null}},"30":{"start":{"line":116,"column":59},"end":{"line":116,"column":84}}},"fnMap":{"0":{"name":"Login","decl":{"start":{"line":10,"column":24},"end":{"line":10,"column":32}},"loc":{"start":{"line":10,"column":32},"end":{"line":125,"column":null}},"line":10},"1":{"name":"(anonymous_1)","decl":{"start":{"line":21,"column":22},"end":{"line":21,"column":29}},"loc":{"start":{"line":21,"column":41},"end":{"line":47,"column":null}},"line":21},"2":{"name":"(anonymous_2)","decl":{"start":{"line":61,"column":23},"end":{"line":61,"column":29}},"loc":{"start":{"line":61,"column":29},"end":{"line":61,"column":null}},"line":61},"3":{"name":"(anonymous_3)","decl":{"start":{"line":67,"column":23},"end":{"line":67,"column":29}},"loc":{"start":{"line":67,"column":29},"end":{"line":67,"column":null}},"line":67},"4":{"name":"(anonymous_4)","decl":{"start":{"line":80,"column":26},"end":{"line":80,"column":27}},"loc":{"start":{"line":80,"column":33},"end":{"line":80,"column":null}},"line":80},"5":{"name":"(anonymous_5)","decl":{"start":{"line":89,"column":28},"end":{"line":89,"column":29}},"loc":{"start":{"line":89,"column":35},"end":{"line":89,"column":null}},"line":89},"6":{"name":"(anonymous_6)","decl":{"start":{"line":93,"column":52},"end":{"line":93,"column":53}},"loc":{"start":{"line":93,"column":59},"end":{"line":93,"column":83}},"line":93},"7":{"name":"(anonymous_7)","decl":{"start":{"line":103,"column":26},"end":{"line":103,"column":27}},"loc":{"start":{"line":103,"column":33},"end":{"line":103,"column":null}},"line":103},"8":{"name":"(anonymous_8)","decl":{"start":{"line":112,"column":28},"end":{"line":112,"column":29}},"loc":{"start":{"line":112,"column":35},"end":{"line":112,"column":null}},"line":112},"9":{"name":"(anonymous_9)","decl":{"start":{"line":116,"column":52},"end":{"line":116,"column":53}},"loc":{"start":{"line":116,"column":59},"end":{"line":116,"column":84}},"line":116}},"branchMap":{"0":{"loc":{"start":{"line":23,"column":23},"end":{"line":23,"column":null}},"type":"cond-expr","locations":[{"start":{"line":23,"column":42},"end":{"line":23,"column":55}},{"start":{"line":23,"column":55},"end":{"line":23,"column":null}}],"line":23},"1":{"loc":{"start":{"line":24,"column":23},"end":{"line":24,"column":null}},"type":"cond-expr","locations":[{"start":{"line":24,"column":42},"end":{"line":24,"column":55}},{"start":{"line":24,"column":55},"end":{"line":24,"column":null}}],"line":24},"2":{"loc":{"start":{"line":33,"column":6},"end":{"line":42,"column":null}},"type":"if","locations":[{"start":{"line":33,"column":6},"end":{"line":42,"column":null}},{"start":{"line":38,"column":6},"end":{"line":42,"column":null}}],"line":33},"3":{"loc":{"start":{"line":38,"column":6},"end":{"line":42,"column":null}},"type":"if","locations":[{"start":{"line":38,"column":6},"end":{"line":42,"column":null}},{"start":{"line":40,"column":13},"end":{"line":42,"column":null}}],"line":38},"4":{"loc":{"start":{"line":60,"column":36},"end":{"line":60,"column":72}},"type":"cond-expr","locations":[{"start":{"line":60,"column":59},"end":{"line":60,"column":70}},{"start":{"line":60,"column":70},"end":{"line":60,"column":72}}],"line":60},"5":{"loc":{"start":{"line":66,"column":36},"end":{"line":66,"column":73}},"type":"cond-expr","locations":[{"start":{"line":66,"column":60},"end":{"line":66,"column":71}},{"start":{"line":66,"column":71},"end":{"line":66,"column":73}}],"line":66},"6":{"loc":{"start":{"line":73,"column":11},"end":{"line":117,"column":null}},"type":"cond-expr","locations":[{"start":{"line":74,"column":12},"end":{"line":94,"column":null}},{"start":{"line":96,"column":12},"end":{"line":117,"column":null}}],"line":73}},"s":{"0":15,"1":15,"2":15,"3":15,"4":15,"5":15,"6":15,"7":15,"8":5,"9":5,"10":5,"11":5,"12":5,"13":4,"14":2,"15":2,"16":2,"17":2,"18":1,"19":1,"20":1,"21":1,"22":15,"23":0,"24":2,"25":2,"26":2,"27":4,"28":1,"29":1,"30":1},"f":{"0":15,"1":5,"2":0,"3":2,"4":2,"5":2,"6":4,"7":1,"8":1,"9":1},"b":{"0":[1,4],"1":[1,4],"2":[2,2],"3":[1,1],"4":[11,4],"5":[4,11],"6":[11,4]},"meta":{"lastBranch":7,"lastFunction":10,"lastStatement":31,"seen":{"f:10:24:10:32":0,"s:11:32:11:Infinity":0,"s:13:34:13:Infinity":1,"s:14:34:14:Infinity":2,"s:15:32:15:Infinity":3,"s:16:32:16:Infinity":4,"s:18:16:18:Infinity":5,"s:19:8:19:Infinity":6,"s:21:22:47:Infinity":7,"f:21:22:21:29":1,"s:22:4:22:Infinity":8,"s:23:23:23:Infinity":9,"b:23:42:23:55:23:55:23:Infinity":0,"s:24:23:24:Infinity":10,"b:24:42:24:55:24:55:24:Infinity":1,"s:26:4:46:Infinity":11,"s:27:23:31:Infinity":12,"b:33:6:42:Infinity:38:6:42:Infinity":2,"s:33:6:42:Infinity":13,"s:34:25:34:Infinity":14,"s:36:8:36:Infinity":15,"s:37:8:37:Infinity":16,"b:38:6:42:Infinity:40:13:42:Infinity":3,"s:38:6:42:Infinity":17,"s:39:8:39:Infinity":18,"s:41:8:41:Infinit
[...]
":178,"column":null}},"75":{"start":{"line":179,"column":42},"end":{"line":179,"column":null}},"76":{"start":{"line":180,"column":42},"end":{"line":180,"column":null}},"77":{"start":{"line":182,"column":28},"end":{"line":182,"column":null}},"78":{"start":{"line":182,"column":56},"end":{"line":182,"column":null}},"79":{"start":{"line":183,"column":28},"end":{"line":183,"column":null}},"80":{"start":{"line":183,"column":57},"end":{"line":183,"column":null}},"81":{"start":{"line":184,"column":28},"end":{"line":184,"column":null}},"82":{"start":{"line":184,"column":55},"end":{"line":184,"column":null}},"83":{"start":{"line":185,"column":28},"end":{"line":185,"column":null}},"84":{"start":{"line":185,"column":56},"end":{"line":185,"column":null}},"85":{"start":{"line":186,"column":28},"end":{"line":186,"column":null}},"86":{"start":{"line":189,"column":24},"end":{"line":202,"column":22}},"87":{"start":{"line":190,"column":24},"end":{"line":201,"column":null}},"88":{"start":{"line":244,"column":31},"end":{"line":244,"column":null}},"89":{"start":{"line":252,"column":35},"end":{"line":252,"column":null}},"90":{"start":{"line":263,"column":74},"end":{"line":263,"column":100}}},"fnMap":{"0":{"name":"(anonymous_0)","decl":{"start":{"line":22,"column":13},"end":{"line":22,"column":19}},"loc":{"start":{"line":22,"column":19},"end":{"line":271,"column":null}},"line":22},"1":{"name":"(anonymous_1)","decl":{"start":{"line":34,"column":32},"end":{"line":34,"column":33}},"loc":{"start":{"line":34,"column":40},"end":{"line":36,"column":null}},"line":34},"2":{"name":"(anonymous_2)","decl":{"start":{"line":38,"column":33},"end":{"line":38,"column":45}},"loc":{"start":{"line":38,"column":45},"end":{"line":59,"column":null}},"line":38},"3":{"name":"(anonymous_3)","decl":{"start":{"line":48,"column":32},"end":{"line":48,"column":40}},"loc":{"start":{"line":48,"column":40},"end":{"line":48,"column":82}},"line":48},"4":{"name":"(anonymous_4)","decl":{"start":{"line":48,"column":52},"end":{"line":48,"column":57}},"loc":{"start":{"line":48,"column":57},"end":{"line":48,"column":81}},"line":48},"5":{"name":"(anonymous_5)","decl":{"start":{"line":61,"column":33},"end":{"line":61,"column":40}},"loc":{"start":{"line":61,"column":61},"end":{"line":88,"column":null}},"line":61},"6":{"name":"(anonymous_6)","decl":{"start":{"line":74,"column":29},"end":{"line":74,"column":37}},"loc":{"start":{"line":74,"column":37},"end":{"line":79,"column":17}},"line":74},"7":{"name":"(anonymous_7)","decl":{"start":{"line":90,"column":33},"end":{"line":90,"column":34}},"loc":{"start":{"line":90,"column":49},"end":{"line":94,"column":null}},"line":90},"8":{"name":"(anonymous_8)","decl":{"start":{"line":92,"column":24},"end":{"line":92,"column":32}},"loc":{"start":{"line":92,"column":32},"end":{"line":92,"column":53}},"line":92},"9":{"name":"(anonymous_9)","decl":{"start":{"line":96,"column":14},"end":{"line":96,"column":20}},"loc":{"start":{"line":96,"column":20},"end":{"line":122,"column":7}},"line":96},"10":{"name":"(anonymous_10)","decl":{"start":{"line":97,"column":34},"end":{"line":97,"column":40}},"loc":{"start":{"line":97,"column":40},"end":{"line":99,"column":11}},"line":97},"11":{"name":"(anonymous_11)","decl":{"start":{"line":98,"column":29},"end":{"line":98,"column":30}},"loc":{"start":{"line":98,"column":30},"end":{"line":98,"column":71}},"line":98},"12":{"name":"(anonymous_12)","decl":{"start":{"line":103,"column":18},"end":{"line":103,"column":25}},"loc":{"start":{"line":103,"column":25},"end":{"line":103,"column":35}},"line":103},"13":{"name":"(anonymous_13)","decl":{"start":{"line":104,"column":18},"end":{"line":104,"column":26}},"loc":{"start":{"line":104,"column":26},"end":{"line":107,"column":13}},"line":104},"14":{"name":"(anonymous_14)","decl":{"start":{"line":108,"column":19},"end":{"line":108,"column":26}},"loc":{"start":{"line":108,"column":26},"end":{"line":108,"column":72}},"line":108},"15":{"name":"(anonymous_15)","decl":{"start":{"line":112,"column":22},"end":{"line":112,"column":29}},"loc":{"start":{"line":112,"column":29},"end":{"line":112,"column":39}},"line":112},"16":{"name":"(anonymous_16)","decl":{"start":{"line":113,"column":22},"end":{"line":113,"column":30}},"loc":{"start":{"line":113,"column":30},"end":{"line":117,"column":17}},"line":113},"17":{"name":"(anonymous_17)","decl":{"start":{"line":115,"column":54},"end":{"line":115,"column":59}},"loc":{"start":{"line":115,"column":59},"end":{"line":115,"column":63}},"line":115},"18":{"name":"(anonymous_18)","decl":{"start":{"line":118,"column":23},"end":{"line":118,"column":30}},"loc":{"start":{"line":118,"column":30},"end":{"line":118,"column":77}},"line":118},"19":{"name":"(anonymous_19)","decl":{"start":{"line":121,"column":15},"end":{"line":121,"column":21}},"loc":{"start":{"line":121,"column":21},"end":{"line":121,"column":null}},"line":121},"20":{"name":"(anonymous_20)","decl":{"start":{"line":141,"column":38},"end":{"line":141,"column":39}},"loc":{"start":{"line":142,"column":24},"end":{"line":146,"column":null}},"line":142},"21":{"name":"(anonymous_21)","decl":{"start":{"line":145,"column":37},"end":{"line":145,"column":43}},"loc":{"start":{"line":145,"column":43},"end":{"line":145,"column":null}},"line":145},"22":{"name":"(anonymous_22)","decl":{"start":{"line":161,"column":42},"end":{"line":161,"column":43}},"loc":{"start":{"line":161,"column":49},"end":{"line":161,"column":null}},"line":161},"23":{"name":"(anonymous_23)","decl":{"start":{"line":175,"column":22},"end":{"line":175,"column":28}},"loc":{"start":{"line":175,"column":28},"end":{"line":202,"column":25}},"line":175},"24":{"name":"(anonymous_24)","decl":{"start":{"line":176,"column":70},"end":{"line":176,"column":71}},"loc":{"start":{"line":176,"column":80},"end":{"line":187,"column":25}},"line":176},"25":{"name":"(anonymous_25)","decl":{"start":{"line":189,"column":50},"end":{"line":189,"column":51}},"loc":{"start":{"line":190,"column":24},"end":{"line":201,"column":null}},"line":190},"26":{"name":"(anonymous_26)","decl":{"start":{"line":244,"column":25},"end":{"line":244,"column":31}},"loc":{"start":{"line":244,"column":31},"end":{"line":244,"column":null}},"line":244},"27":{"name":"(anonymous_27)","decl":{"start":{"line":252,"column":29},"end":{"line":252,"column":35}},"loc":{"start":{"line":252,"column":35},"end":{"line":252,"column":null}},"line":252},"28":{"name":"(anonymous_28)","decl":{"start":{"line":263,"column":68},"end":{"line":263,"column":74}},"loc":{"start":{"line":263,"column":74},"end":{"line":263,"column":100}},"line":263}},"branchMap":{"0":{"loc":{"start":{"line":39,"column":8},"end":{"line":39,"column":null}},"type":"if","locations":[{"start":{"line":39,"column":8},"end":{"line":39,"column":null}},{"start":{},"end":{}}],"line":39},"1":{"loc":{"start":{"line":44,"column":43},"end":{"line":44,"column":70}},"type":"binary-expr","locations":[{"start":{"line":44,"column":43},"end":{"line":44,"column":58}},{"start":{"line":44,"column":58},"end":{"line":44,"column":70}}],"line":44},"2":{"loc":{"start":{"line":47,"column":12},"end":{"line":52,"column":null}},"type":"if","locations":[{"start":{"line":47,"column":12},"end":{"line":52,"column":null}},{"start":{"line":50,"column":19},"end":{"line":52,"column":null}}],"line":47},"3":{"loc":{"start":{"line":62,"column":8},"end":{"line":65,"column":null}},"type":"if","locations":[{"start":{"line":62,"column":8},"end":{"line":65,"column":null}},{"start":{},"end":{}}],"line":62},"4":{"loc":{"start":{"line":62,"column":12},"end":{"line":62,"column":31}},"type":"binary-expr","locations":[{"start":{"line":62,"column":12},"end":{"line":62,"column":21}},{"start":{"line":62,"column":21},"end":{"line":62,"column":31}}],"line":62},"5":{"loc":{"start":{"line":68,"column":27},"end":{"line":68,"column":null}},"type":"cond-expr","locations":[{"start":{"line":68,"column":35},"end":{"line":68,"column":44}},{"start":{"line":68,"column":44},"end":{"line":68,"column":null}}],"line":68},"6":{"loc":{"start":{"line":71,"column":43},"end":{"line":71,"column":70}},"type":"binary-expr","locations":[{"start":{"line":71,"column":43},"end":{"line":71,"column":58}},{"start":{"line":71,"column":58},"end":{"line":71,"column":70}}],"line":71},"7":{"loc":{"start":{"line":73,"column":12},"end":{"line":83,"column":null}},"type":"if","locations":[{"start":{"line":73,"column":12},"end":{"line":83,"column":null}},{"start":{"line":81,"column":19},"end":{"line":83,"column":null}}],"line":73},"8":{"loc":{"start":{"line":76,"column":20},"end":{"line":77,"column":null}},"type":"if","locations":[{"start":{"line":76,"column":20},"end":{"line":77,"column":null}},{"start":{"line":77,"column":25},"end":{"line":77,"column":null}}],"line":76},"9":{"loc":{"start":{"line":80,"column":30},"end":{"line":80,"column":91}},"type":"cond-expr","locations":[{"start":{"line":80,"column":38},"end":{"line":80,"column":67}},{"start":{"line":80,"column":67},"end":{"line":80,"column":91}}],"line":80},"10":{"loc":{"start":{"line":105,"column":16},"end":{"line":106,"column":null}},"type":"if","locations":[{"start":{"line":105,"column":16},"end":{"line":106,"column":null}},{"start":{"line":105,"column":62},"end":{"line":106,"column":null}}],"line":105},"11":{"loc":{"start":{"line":105,"column":62},"end":{"line":106,"column":null}},"type":"if","locations":[{"start":{"line":105,"column":62},"end":{"line":106,"column":null}},{"start":{},"end":{}}],"line":105},"12":{"loc":{"start":{"line":110,"column":8},"end":{"line":119,"column":null}},"type":"if","locations":[{"start":{"line":110,"column":8},"end":{"line":119,"column":null}},{"start":{},"end":{}}],"line":110},"13":{"loc":{"start":{"line":110,"column":12},"end":{"line":110,"column":29}},"type":"binary-expr","locations":[{"start":{"line":110,"column":12},"end":{"line":110,"column":20}},{"start":{"line":110,"column":20},"end":{"line":110,"column":29}}],"line":110},"14":{"loc":{"start":{"line":114,"column":20},"end":{"line":116,"column":null}},"type":"if","locations":[{"start":{"line":114,"column":20},"end":{"line":116,"column":null}},{"start":{},"end":{}}],"line":114},"15":{"loc":{"start":{"line":144,"column":46},"end":{"line":144,"column":85}},"type":"cond-expr","locations":[{"start":{"line":144,"column":72},"end":{"line":144,"column":83}},{"start":{"line":144,"column":83},"end":{"line":144,"column":85}}],"line":144},"16":{"loc":{"start":{"line":155,"column":21},"end":{"line":170,"column":null}},"type":"binary-expr","locations":[{"start":{"line":155,"column":21},"end":{"line":155,"column":null}},{"start":{"line":156,"column":24},"end":{"line":170,"column":null}}],"line":155},"17":{"loc":{"start":{"line":177,"column":43},"end":{"line":177,"column":null}},"type":"binary-expr","locations":[{"start":{"line":177,"column":43},"end":{"line":177,"column":54}},{"start":{"line":177,"column":54},"end":{"line":177,"column":65}},{"start":{"line":177,"column":65},"end":{"line":177,"column":null}}],"line":177},"18":{"loc":{"start":{"line":178,"column":43},"end":{"line":178,"column":null}},"type":"binary-expr","locations":[{"start":{"line":178,"column":43},"end":{"line":178,"column":54}},{"start":{"line":178,"column":54},"end":{"line":178,"column":65}},{"start":{"line":178,"column":65},"end":{"line":178,"column":null}}],"line":178},"19":{"loc":{"start":{"line":179,"column":42},"end":{"line":179,"column":null}},"type":"binary-expr","locations":[{"start":{"line":179,"column":42},"end":{"line":179,"column":53}},{"start":{"line":179,"column":53},"end":{"line":179,"column":63}},{"start":{"line":179,"column":63},"end":{"line":179,"column":null}}],"line":179},"20":{"loc":{"start":{"line":180,"column":42},"end":{"line":180,"column":null}},"type":"binary-expr","locations":[{"start":{"line":180,"column":42},"end":{"line":180,"column":53}},{"start":{"line":180,"column":53},"end":{"line":180,"column":63}},{"start":{"line":180,"column":63},"end":{"line":180,"column":null}}],"line":180},"21":{"loc":{"start":{"line":182,"column":28},"end":{"line":182,"column":null}},"type":"if","locations":[{"start":{"line":182,"column":28},"end":{"line":182,"column":null}},{"start":{},"end":{}}],"line":182},"22":{"loc":{"start":{"line":183,"column":28},"end":{"line":183,"column":null}},"type":"if","locations":[{"start":{"line":183,"column":28},"end":{"line":183,"column":null}},{"start":{},"end":{}}],"line":183},"23":{"loc":{"start":{"line":184,"column":28},"end":{"line":184,"column":null}},"type":"if","locations":[{"start":{"line":184,"column":28},"end":{"line":184,"column":null}},{"start":{},"end":{}}],"line":184},"24":{"loc":{"start":{"line":185,"column":28},"end":{"line":185,"column":null}},"type":"if","locations":[{"start":{"line":185,"column":28},"end":{"line":185,"column":null}},{"start":{},"end":{}}],"line":185},"25":{"loc":{"start":{"line":193,"column":40},"end":{"line":193,"column":null}},"type":"binary-expr","locations":[{"start":{"line":193,"column":40},"end":{"line":193,"column":58}},{"start":{"line":193,"column":58},"end":{"line":193,"column":null}}],"line":193},"26":{"loc":{"start":{"line":194,"column":34},"end":{"line":194,"column":null}},"type":"binary-expr","locations":[{"start":{"line":194,"column":34},"end":{"line":194,"column":51}},{"start":{"line":194,"column":51},"end":{"line":194,"column":null}}],"line":194},"27":{"loc":{"start":{"line":195,"column":35},"end":{"line":195,"column":null}},"type":"binary-expr","locations":[{"start":{"line":195,"column":35},"end":{"line":195,"column":52}},{"start":{"line":195,"column":52},"end":{"line":195,"column":null}}],"line":195},"28":{"loc":{"start":{"line":196,"column":37},"end":{"line":196,"column":null}},"type":"binary-expr","locations":[{"start":{"line":196,"column":37},"end":{"line":196,"column":54}},{"start":{"line":196,"column":54},"end":{"line":196,"column":null}}],"line":196},"29":{"loc":{"start":{"line":250,"column":13},"end":{"line":254,"column":null}},"type":"binary-expr","locations":[{"start":{"line":250,"column":13},"end":{"line":250,"column":null}},{"start":{"line":251,"column":16},"end":{"line":254,"column":null}}],"line":250},"30":{"loc":{"start":{"line":257,"column":13},"end":{"line":267,"column":null}},"type":"binary-expr","locations":[{"start":{"line":257,"column":13},"end":{"line":257,"column":null}},{"start":{"line":258,"column":16},"end":{"line":267,"column":null}}],"line":257}},"s":{"0":1,"1":1,"2":38,"3":38,"4":38,"5":38,"6":38,"7":38,"8":38,"9":38,"10":38,"11":3,"12":38,"13":2,"14":0,"15":2,"16":2,"17":2,"18":1,"19":1,"20":1,"21":1,"22":1,"23":0,"24":0,"25":2,"26":38,"27":4,"28":1,"29":1,"30":3,"31":3,"32":4,"33":3,"34":2,"35":2,"36":2,"37":1,"38":1,"39":2,"40":2,"41":1,"42":0,"43":0,"44":38,"45":1,"46":1,"47":1,"48":38,"49":10,"50":1,"51":1,"52":10,"53":10,"54":10,"55":1,"56":9,"57":9,"58":0,"59":10,"60":9,"61":9,"62":9,"63":9,"64":0,"65":0,"66":10,"67":10,"68":38,"69":111,"70":0,"71":4,"72":37,"73":5,"74":5,"75":5,"76":5,"77":5,"78":1,"79":4,"80":1,"81":3,"82":1,"83":2,"84":2,"85":1,"86":37,"87":24,"88":2,"89":1,"90":1},"f":{"0":38,"1":3,"2":2,"3":1,"4":1,"5":4,"6":2,"7":1,"8":1,"9":10,"10":1,"11":1,"12":10,"13":10,"14":0,"15":9,"16":9,"17":0,"18":0,"19":10,"20":111,"21":0,"22":4,"23":37,"24":5,"25":24,"26":2,"27":1,"28":1},"b":{"0":[0,2],"1":[2,0],"2":[1,1],"3":[1,3],"4":[4,3],"5":[2,1],"6":[4,0],"7":[2,1],"8":[1,1],"9":[1,1],"10":[1,9],"11":[9,0],"12":[9,1],"13":[10,9],"14":[9,0],"15":[37,74],"16":[38,19],"17":[5,5,0],"18":[5,5,0],"19":[5,5,0],"20":[5,5,0],"21":[1,4],"22":[1,3],"23":[1,2],"24":[1,1],"25":[24,24],"26":[24,24],"27":[24,24],"28":[24,24],"29":[38,2],"30":[38,3]},"meta":{"lastBranch":31,"lastFunction":29,"lastStatement":91,"seen":{"s:13:21:17:Infinity":0,"s:22:13:271:Infinity":1,"f:22:13:22:19":0,"s:23:17:23:Infinity":2,"s:24:20:24:Infinity":3,"s:26:42:26:Infinity":4,"s:27:40:27:Infinity":5,"s:28:38:28:Infinity":6,"s:29:28:29:Infinity":7,"s:30:34:30:Infinity":8,"s:32:46:32:Infinity":9,"s:34:32:36:Infinity":10,"f:34:32:34:33":1,"s:35:8:35:Infinity":11,"s:38:33:59:Infinity":12,"f:38:33:38:45":2,"b:39:8:39:Infinity:undefined:undefined:undefined:undefined":0,"s:39:8:39:Infinity":13,"s:39:30:39:Infinity":14,"s:41:8:58:Infinity":15,"s:42:29:45:Infinity":16,"b:44:43:44:58:44:58:44:70":1,"b:47:12:52:Infinity:50:19:52:Infinity":2,"s:47:12:52:Infinity":17,"s:48:16:48:Infinity":18,"f:48:32:48:40":3,"s:48:40:48:82":19,"f:48:52:48:57":4,"s:48:57:48:81":20,"s:49:16:49:Infinity":21,"s:51:16:51:Infinity":22,"s:54:12:54:Infinity":23,"s:55:12:55:Infinity":24,"s:57:12:57:Infinity":25,"s:61:33:88:Infinity":26,"f:61:33:61:40":5,"b:62:8:65:Infinity:undefined:undefined:undefined:undefined":3,"s:62:8:65:Infinity":27,"b:62:12:62:21:62:21:62:31":4,"s:63:12:63:Infinity":28,"s:64:12:64:Infinity":29,"s:67:8:87:Infinity":30,"s:68:27:68:Infinity":31,"b:68:35:68:44:68:44:68:Infinity":5,"s:69:24:72:Infinity":32,"b:71:43:71:58:71:58:71:70":6,"b:73:12:83:Infinity:81:19:83:Infinity":7,"s:73:12:83:Infinity":33,"s:74:16:79:Infinity":34,"f:74:29:74:37":6,"s:75:36:75:Infinity":35,"b:76:20:77:Infinity:77:25:77:Infinity":8,"s:76:20:77:Infinity":36,"s:76:31:76:Infinity":37,"s:77:25:77:Infinity":38,"s:78:20:78:Infinity":39,"s:80:16:80:Infinity":40,"b:80:38:80:67:80:67:80:91":9,"s:82:16:82:Infinity":41,"s:85:12:85:Infinity":42,"s:86:12:86:Infinity":43,"s:90:33:94:Infinity":44,"f:90:33:90:34":7,"s:92:8:92:Infinity":45,"f:92:24:92:32":8,"s:92:32:92:53":46,"s:93:8:93:Infinity":47,"s:96:4:122:Infinity":48,"f:96:14:96:20":9,"s:97:22:99:Infinity":49,"f:97:34:97:40":10,"s:98:12:98:Infinity":50,"f:98:29:98:30":11,"s:98:30:98:71":51,"s:102:8:108:Infinity":52,"f:103:18:103:25":12,"s:103:25:103:35":53,"f:104:18:104:26":13,"b:105:16:106:Infinity:105:62:106:Infinity":10,"s:105:16:106:Infinity":54,"s:105:34:105:Infinity":55,"b:105:62:106:Infinity:undefined:undefined:undefined:undefined":11,"s:105:62:106:Infinity":56,"s:106:46:106:Infinity":57,"f:108:19:108:26":14,"s:108:26:108:72":58,"b:110:8:119:Infinity:undefined:undefined:undefined:undefined":12,"s:110:8:119:Infinity":59,"b:110:12:110:20:110:20:110:29":13,"s:111:12:118:Infinity":60,"f:112:22:112:29":15,"s:112:29:112:39":61,"f:113:22:113:30":16,"b:114:20:116:Infinity:undefined:undefined:undefined:undefined":14,"s:114:20:116:Infinity":62,"s:115:24:115:Infinity":63,"f:115:54:115:59":17,"s:115:59:115:63":64,"f:118:23:118:30":18,"s:118:30:118:77":65,"s:121:8:121:Infinity":66,"f:121:15:121:21":19,"s:121:21:121:Infinity":67,"s:124:4:269:Infinity":68,"f:141:38:141:39":20,"s:142:24:146:Infinity":69,"b:144:72:144:83:144:83:144:85":15,"f:145:37:145:43":21,"s:145:43:145:Infinity":70,"b:155:21:155:Infinity:156:24:170:Infinity":16,"f:161:42:161:43":22,"s:161:49:161:Infinity":71,"f:175:22:175:28":23,"s:176:47:187:Infinity":72,"f:176:70:176:71":24,"s:177:43:177:Infinity":73,"b:177:43:177:54:177:54:177:65:177:65:177:Infinity":17,"s:178:43:178:Infinity":74,"b:178:43:178:54:178:54:178:65:178:65:178:Infinity":18,"s:179:42:179:Infinity":75,"b:179:42:179:53:179:53:179:63:179:63:179:Infinity":19,"s:180:42:180:Infinity":76,"b:180:42:180:53:180:53:180:63:180:63:180:Infinity":20,"b:182:28:182:Infinity:undefined:undefined:undefined:undefined":21,"s:182:28:182:Infinity":77,"s:182:56:182:Infinity":78,"b:183:28:183:Infinity:undefined:undefined:undefined:undefined":22,"s:183:28:183:Infinity":79,"s:183:57:183:Infinity":80,"b:184:28:184:Infinity:undefined:undefined:undefined:undefined":23,"s:184:28:184:Infinity":81,"s:184:55:184:Infinity":82,"b:185:28:185:Infinity:undefined:undefined:undefined:undefined":24,"s:185:28:185:Infinity":83,"s:185:56:185:Infinity":84,"s:186:28:186:Infinity":85,"s:189:24:202:22":86,"f:189:50:189:51":25,"s:190:24:201:Infinity":87,"b:193:40:193:58:193:58:193:Infinity":25,"b:194:34:194:51:194:51:194:Infinity":26,"b:195:35:195:52:195:52:195:Infinity":27,"b:196:37:196:54:196:54:196:Infinity":28,"f:244:25:244:31":26,"s:244:31:244:Infinity":88,"b:250:13:250:Infinity:251:16:254:Infinity":29,"f:252:29:252:35":27,"s:252:35:252:Infinity":89,"b:257:13:257:Infinity:258:16:267:Infinity":30,"f:263:68:263:74":28,"s:263:74:263:100":90},"fnNames":{}}}
}
